2018-03-15 17:23:11 -Starting BootdoApplication on yangl with PID 5956 (F:\myStudyWorkspace\bootdo\bootdo\target\classes started by Administrator in F:\myStudyWorkspace\bootdo\bootdo)
2018-03-15 17:23:11 -Running with Spring Boot v1.5.6.RELEASE, Spring v4.3.10.RELEASE
2018-03-15 17:23:11 -The following profiles are active: dev
2018-03-15 17:23:57 -ApplicationContext registed-->org.springframework.boot.context.embedded.AnnotationConfigEmbeddedWebApplicationContext@3a44431a: startup date [Thu Mar 15 17:23:13 CST 2018]; root of context hierarchy
2018-03-15 17:24:31 -==>  Preparing: select `id`,`cron_expression`,`method_name`,`is_concurrent`,`description`,`update_by`,`bean_class`,`create_date`,`job_status`,`job_group`,`update_date`,`create_by`,`spring_bean`,`job_name` from sys_task order by id desc 
2018-03-15 17:24:31 -==> Parameters: 
2018-03-15 17:24:31 -<==      Total: 1
2018-03-15 17:24:31 -Started BootdoApplication in 85.113 seconds (JVM running for 88.163)
2018-03-15 17:28:31 -请求地址 : http://127.0.0.1/login;JSESSIONID=05b5a83f-fa51-427c-b8a8-c183ef152c80
2018-03-15 17:28:31 -HTTP METHOD : GET
2018-03-15 17:28:31 -CLASS_METHOD : com.bootdo.system.controller.LoginController.login
2018-03-15 17:28:31 -参数 : []
2018-03-15 17:28:31 -耗时 : 7
2018-03-15 17:28:31 -返回值 : login
2018-03-15 17:28:37 -请求地址 : http://127.0.0.1/login
2018-03-15 17:28:37 -HTTP METHOD : GET
2018-03-15 17:28:37 -CLASS_METHOD : com.bootdo.system.controller.LoginController.login
2018-03-15 17:28:37 -参数 : []
2018-03-15 17:28:37 -耗时 : 1
2018-03-15 17:28:37 -返回值 : login
2018-03-15 17:34:37 -请求地址 : http://127.0.0.1/login;JSESSIONID=05b5a83f-fa51-427c-b8a8-c183ef152c80
2018-03-15 17:34:37 -HTTP METHOD : GET
2018-03-15 17:34:37 -CLASS_METHOD : com.bootdo.system.controller.LoginController.login
2018-03-15 17:34:37 -参数 : []
2018-03-15 17:34:37 -耗时 : 4
2018-03-15 17:34:37 -返回值 : login
2018-03-15 17:34:37 -请求地址 : http://127.0.0.1/login
2018-03-15 17:34:37 -HTTP METHOD : GET
2018-03-15 17:34:37 -CLASS_METHOD : com.bootdo.system.controller.LoginController.login
2018-03-15 17:34:37 -参数 : []
2018-03-15 17:34:37 -耗时 : 1
2018-03-15 17:34:37 -返回值 : login
2018-03-15 17:35:04 -请求地址 : http://127.0.0.1/login;JSESSIONID=05b5a83f-fa51-427c-b8a8-c183ef152c80
2018-03-15 17:35:04 -HTTP METHOD : GET
2018-03-15 17:35:04 -CLASS_METHOD : com.bootdo.system.controller.LoginController.login
2018-03-15 17:35:04 -参数 : []
2018-03-15 17:35:04 -耗时 : 6
2018-03-15 17:35:04 -返回值 : login
2018-03-15 17:35:04 -请求地址 : http://127.0.0.1/login
2018-03-15 17:35:04 -HTTP METHOD : GET
2018-03-15 17:35:04 -CLASS_METHOD : com.bootdo.system.controller.LoginController.login
2018-03-15 17:35:04 -参数 : []
2018-03-15 17:35:04 -耗时 : 2
2018-03-15 17:35:04 -返回值 : login
2018-03-15 17:35:13 -请求地址 : http://127.0.0.1/login;JSESSIONID=05b5a83f-fa51-427c-b8a8-c183ef152c80
2018-03-15 17:35:13 -HTTP METHOD : GET
2018-03-15 17:35:13 -CLASS_METHOD : com.bootdo.system.controller.LoginController.login
2018-03-15 17:35:13 -参数 : []
2018-03-15 17:35:13 -耗时 : 2
2018-03-15 17:35:13 -返回值 : login
2018-03-15 17:35:14 -请求地址 : http://127.0.0.1/login
2018-03-15 17:35:14 -HTTP METHOD : GET
2018-03-15 17:35:14 -CLASS_METHOD : com.bootdo.system.controller.LoginController.login
2018-03-15 17:35:14 -参数 : []
2018-03-15 17:35:14 -耗时 : 1
2018-03-15 17:35:14 -返回值 : login
2018-03-15 17:51:18 -Starting BootdoApplication on yangl with PID 5924 (F:\myStudyWorkspace\bootdo\bootdo\target\classes started by Administrator in F:\myStudyWorkspace\bootdo\bootdo)
2018-03-15 17:51:18 -Running with Spring Boot v1.5.6.RELEASE, Spring v4.3.10.RELEASE
2018-03-15 17:51:18 -The following profiles are active: dev
2018-03-15 17:51:50 -ApplicationContext registed-->org.springframework.boot.context.embedded.AnnotationConfigEmbeddedWebApplicationContext@2b5f4d54: startup date [Thu Mar 15 17:51:20 CST 2018]; root of context hierarchy
2018-03-15 17:52:12 -==>  Preparing: select `id`,`cron_expression`,`method_name`,`is_concurrent`,`description`,`update_by`,`bean_class`,`create_date`,`job_status`,`job_group`,`update_date`,`create_by`,`spring_bean`,`job_name` from sys_task order by id desc 
2018-03-15 17:52:13 -==> Parameters: 
2018-03-15 17:52:13 -<==      Total: 1
2018-03-15 17:52:13 -Started BootdoApplication in 59.256 seconds (JVM running for 62.754)
2018-03-15 17:52:34 -请求地址 : http://127.0.0.1/login;JSESSIONID=5a23f34c-799a-4a3f-8c48-df64eefe9fab
2018-03-15 17:52:34 -HTTP METHOD : GET
2018-03-15 17:52:34 -CLASS_METHOD : com.bootdo.system.controller.LoginController.login
2018-03-15 17:52:34 -参数 : []
2018-03-15 17:52:34 -耗时 : 7
2018-03-15 17:52:34 -返回值 : login
2018-03-15 17:52:37 -请求地址 : http://127.0.0.1/login
2018-03-15 17:52:37 -HTTP METHOD : GET
2018-03-15 17:52:37 -CLASS_METHOD : com.bootdo.system.controller.LoginController.login
2018-03-15 17:52:37 -参数 : []
2018-03-15 17:52:37 -耗时 : 0
2018-03-15 17:52:37 -返回值 : login
2018-03-15 17:53:08 -请求地址 : http://127.0.0.1/login
2018-03-15 17:53:08 -HTTP METHOD : GET
2018-03-15 17:53:08 -CLASS_METHOD : com.bootdo.system.controller.LoginController.login
2018-03-15 17:53:08 -参数 : []
2018-03-15 19:58:39 -Starting BootdoApplication on yangl with PID 6728 (F:\myStudyWorkspace\bootdo\bootdo\target\classes started by Administrator in F:\myStudyWorkspace\bootdo\bootdo)
2018-03-15 19:58:39 -Running with Spring Boot v1.5.6.RELEASE, Spring v4.3.10.RELEASE
2018-03-15 19:58:39 -The following profiles are active: dev
2018-03-15 19:59:42 -Starting BootdoApplication on yangl with PID 5080 (F:\myStudyWorkspace\bootdo\bootdo\target\classes started by Administrator in F:\myStudyWorkspace\bootdo\bootdo)
2018-03-15 19:59:42 -Running with Spring Boot v1.5.6.RELEASE, Spring v4.3.10.RELEASE
2018-03-15 19:59:42 -The following profiles are active: dev
2018-03-15 20:01:30 -Starting BootdoApplication on yangl with PID 6400 (F:\myStudyWorkspace\bootdo\bootdo\target\classes started by Administrator in F:\myStudyWorkspace\bootdo\bootdo)
2018-03-15 20:01:30 -Running with Spring Boot v1.5.6.RELEASE, Spring v4.3.10.RELEASE
2018-03-15 20:01:30 -The following profiles are active: dev
2018-03-15 20:02:12 -ApplicationContext registed-->org.springframework.boot.context.embedded.AnnotationConfigEmbeddedWebApplicationContext@3a44431a: startup date [Thu Mar 15 20:01:31 CST 2018]; root of context hierarchy
2018-03-15 20:02:38 -==>  Preparing: select `id`,`cron_expression`,`method_name`,`is_concurrent`,`description`,`update_by`,`bean_class`,`create_date`,`job_status`,`job_group`,`update_date`,`create_by`,`spring_bean`,`job_name` from sys_task order by id desc 
2018-03-15 20:02:38 -==> Parameters: 
2018-03-15 20:02:38 -<==      Total: 1
2018-03-15 20:02:38 -Started BootdoApplication in 69.087 seconds (JVM running for 69.892)
2018-03-15 20:03:42 -请求地址 : http://127.0.0.1/login;JSESSIONID=2de207e2-aa18-4773-9b73-03d877988696
2018-03-15 20:03:42 -HTTP METHOD : GET
2018-03-15 20:03:42 -CLASS_METHOD : com.bootdo.system.controller.LoginController.login
2018-03-15 20:03:42 -参数 : []
2018-03-15 20:03:42 -耗时 : 4
2018-03-15 20:03:42 -返回值 : login
2018-03-15 20:03:44 -请求地址 : http://127.0.0.1/login
2018-03-15 20:03:44 -HTTP METHOD : GET
2018-03-15 20:03:44 -CLASS_METHOD : com.bootdo.system.controller.LoginController.login
2018-03-15 20:03:44 -参数 : []
2018-03-15 20:03:44 -耗时 : 1
2018-03-15 20:03:44 -返回值 : login
2018-03-15 20:17:45 -请求地址 : http://127.0.0.1/login;JSESSIONID=2de207e2-aa18-4773-9b73-03d877988696
2018-03-15 20:17:45 -HTTP METHOD : GET
2018-03-15 20:17:45 -CLASS_METHOD : com.bootdo.system.controller.LoginController.login
2018-03-15 20:17:45 -参数 : []
2018-03-15 20:17:45 -耗时 : 3
2018-03-15 20:17:45 -返回值 : login
2018-03-15 20:17:45 -请求地址 : http://127.0.0.1/login
2018-03-15 20:17:45 -HTTP METHOD : GET
2018-03-15 20:17:45 -CLASS_METHOD : com.bootdo.system.controller.LoginController.login
2018-03-15 20:17:45 -参数 : []
2018-03-15 20:17:45 -耗时 : 1
2018-03-15 20:17:45 -返回值 : login
2018-03-15 20:17:47 -请求地址 : http://127.0.0.1/login;JSESSIONID=2de207e2-aa18-4773-9b73-03d877988696
2018-03-15 20:17:47 -HTTP METHOD : GET
2018-03-15 20:17:47 -CLASS_METHOD : com.bootdo.system.controller.LoginController.login
2018-03-15 20:17:47 -参数 : []
2018-03-15 20:17:47 -耗时 : 1
2018-03-15 20:17:47 -返回值 : login
2018-03-15 20:17:48 -请求地址 : http://127.0.0.1/login
2018-03-15 20:17:48 -HTTP METHOD : GET
2018-03-15 20:17:48 -CLASS_METHOD : com.bootdo.system.controller.LoginController.login
2018-03-15 20:17:48 -参数 : []
2018-03-15 20:17:48 -耗时 : 1
2018-03-15 20:17:48 -返回值 : login
2018-03-15 20:17:48 -请求地址 : http://127.0.0.1/login;JSESSIONID=2de207e2-aa18-4773-9b73-03d877988696
2018-03-15 20:17:48 -HTTP METHOD : GET
2018-03-15 20:17:48 -CLASS_METHOD : com.bootdo.system.controller.LoginController.login
2018-03-15 20:17:48 -参数 : []
2018-03-15 20:17:48 -耗时 : 0
2018-03-15 20:17:48 -返回值 : login
2018-03-15 20:17:49 -请求地址 : http://127.0.0.1/login
2018-03-15 20:17:49 -HTTP METHOD : GET
2018-03-15 20:17:49 -CLASS_METHOD : com.bootdo.system.controller.LoginController.login
2018-03-15 20:17:49 -参数 : []
2018-03-15 20:17:49 -耗时 : 2
2018-03-15 20:17:49 -返回值 : login
2018-03-15 20:17:49 -请求地址 : http://127.0.0.1/login;JSESSIONID=2de207e2-aa18-4773-9b73-03d877988696
2018-03-15 20:17:49 -HTTP METHOD : GET
2018-03-15 20:17:49 -CLASS_METHOD : com.bootdo.system.controller.LoginController.login
2018-03-15 20:17:49 -参数 : []
2018-03-15 20:17:49 -耗时 : 1
2018-03-15 20:17:49 -返回值 : login
2018-03-15 20:17:49 -请求地址 : http://127.0.0.1/login
2018-03-15 20:17:49 -HTTP METHOD : GET
2018-03-15 20:17:49 -CLASS_METHOD : com.bootdo.system.controller.LoginController.login
2018-03-15 20:17:49 -参数 : []
2018-03-15 20:17:49 -耗时 : 1
2018-03-15 20:17:49 -返回值 : login
2018-03-15 20:17:50 -请求地址 : http://127.0.0.1/login;JSESSIONID=2de207e2-aa18-4773-9b73-03d877988696
2018-03-15 20:17:50 -HTTP METHOD : GET
2018-03-15 20:17:50 -CLASS_METHOD : com.bootdo.system.controller.LoginController.login
2018-03-15 20:17:50 -参数 : []
2018-03-15 20:17:50 -耗时 : 0
2018-03-15 20:17:50 -返回值 : login
2018-03-15 20:17:50 -请求地址 : http://127.0.0.1/login;JSESSIONID=2de207e2-aa18-4773-9b73-03d877988696
2018-03-15 20:17:50 -HTTP METHOD : GET
2018-03-15 20:17:50 -CLASS_METHOD : com.bootdo.system.controller.LoginController.login
2018-03-15 20:17:50 -参数 : []
2018-03-15 20:17:50 -耗时 : 1
2018-03-15 20:17:50 -请求地址 : http://127.0.0.1/login
2018-03-15 20:17:50 -返回值 : login
2018-03-15 20:17:50 -HTTP METHOD : GET
2018-03-15 20:17:50 -CLASS_METHOD : com.bootdo.system.controller.LoginController.login
2018-03-15 20:17:50 -参数 : []
2018-03-15 20:17:50 -耗时 : 2
2018-03-15 20:17:50 -返回值 : login
2018-03-15 20:17:50 -请求地址 : http://127.0.0.1/login
2018-03-15 20:17:50 -HTTP METHOD : GET
2018-03-15 20:17:50 -CLASS_METHOD : com.bootdo.system.controller.LoginController.login
2018-03-15 20:17:50 -参数 : []
2018-03-15 20:17:50 -耗时 : 1
2018-03-15 20:17:50 -返回值 : login
2018-03-15 20:18:20 -请求地址 : http://127.0.0.1/login;JSESSIONID=2de207e2-aa18-4773-9b73-03d877988696
2018-03-15 20:18:20 -HTTP METHOD : GET
2018-03-15 20:18:20 -CLASS_METHOD : com.bootdo.system.controller.LoginController.login
2018-03-15 20:18:20 -参数 : []
2018-03-15 20:18:20 -耗时 : 3
2018-03-15 20:18:20 -返回值 : login
2018-03-15 20:18:20 -请求地址 : http://127.0.0.1/login
2018-03-15 20:18:20 -HTTP METHOD : GET
2018-03-15 20:18:20 -CLASS_METHOD : com.bootdo.system.controller.LoginController.login
2018-03-15 20:18:20 -参数 : []
2018-03-15 20:18:20 -耗时 : 0
2018-03-15 20:18:20 -返回值 : login
2018-03-15 20:18:39 -请求地址 : http://127.0.0.1/login;JSESSIONID=2de207e2-aa18-4773-9b73-03d877988696
2018-03-15 20:18:39 -HTTP METHOD : GET
2018-03-15 20:18:39 -CLASS_METHOD : com.bootdo.system.controller.LoginController.login
2018-03-15 20:18:39 -参数 : []
2018-03-15 20:18:39 -耗时 : 0
2018-03-15 20:18:39 -返回值 : login
2018-03-15 20:18:39 -请求地址 : http://127.0.0.1/login
2018-03-15 20:18:39 -HTTP METHOD : GET
2018-03-15 20:18:39 -CLASS_METHOD : com.bootdo.system.controller.LoginController.login
2018-03-15 20:18:39 -参数 : []
2018-03-15 20:18:39 -耗时 : 1
2018-03-15 20:18:39 -返回值 : login
2018-03-15 20:18:41 -请求地址 : http://127.0.0.1/login;JSESSIONID=2de207e2-aa18-4773-9b73-03d877988696
2018-03-15 20:18:41 -HTTP METHOD : GET
2018-03-15 20:18:41 -CLASS_METHOD : com.bootdo.system.controller.LoginController.login
2018-03-15 20:18:41 -参数 : []
2018-03-15 20:18:41 -耗时 : 1
2018-03-15 20:18:41 -返回值 : login
2018-03-15 20:18:42 -请求地址 : http://127.0.0.1/login
2018-03-15 20:18:42 -HTTP METHOD : GET
2018-03-15 20:18:42 -CLASS_METHOD : com.bootdo.system.controller.LoginController.login
2018-03-15 20:18:42 -参数 : []
2018-03-15 20:18:42 -耗时 : 1
2018-03-15 20:18:42 -返回值 : login
2018-03-15 20:18:55 -请求地址 : http://127.0.0.1/login;JSESSIONID=2de207e2-aa18-4773-9b73-03d877988696
2018-03-15 20:18:55 -HTTP METHOD : GET
2018-03-15 20:18:55 -CLASS_METHOD : com.bootdo.system.controller.LoginController.login
2018-03-15 20:18:55 -参数 : []
2018-03-15 20:18:55 -耗时 : 1
2018-03-15 20:18:55 -返回值 : login
2018-03-15 20:18:55 -请求地址 : http://127.0.0.1/login
2018-03-15 20:18:55 -HTTP METHOD : GET
2018-03-15 20:18:55 -CLASS_METHOD : com.bootdo.system.controller.LoginController.login
2018-03-15 20:18:55 -参数 : []
2018-03-15 20:18:55 -耗时 : 0
2018-03-15 20:18:55 -返回值 : login
2018-03-15 20:18:57 -请求地址 : http://127.0.0.1/login;JSESSIONID=2de207e2-aa18-4773-9b73-03d877988696
2018-03-15 20:18:57 -HTTP METHOD : GET
2018-03-15 20:18:57 -CLASS_METHOD : com.bootdo.system.controller.LoginController.login
2018-03-15 20:18:57 -参数 : []
2018-03-15 20:18:57 -耗时 : 0
2018-03-15 20:18:57 -返回值 : login
2018-03-15 20:18:57 -请求地址 : http://127.0.0.1/login
2018-03-15 20:18:57 -HTTP METHOD : GET
2018-03-15 20:18:57 -CLASS_METHOD : com.bootdo.system.controller.LoginController.login
2018-03-15 20:18:57 -参数 : []
2018-03-15 20:18:57 -耗时 : 1
2018-03-15 20:18:57 -返回值 : login
2018-03-15 20:18:57 -请求地址 : http://127.0.0.1/login;JSESSIONID=2de207e2-aa18-4773-9b73-03d877988696
2018-03-15 20:18:57 -HTTP METHOD : GET
2018-03-15 20:18:57 -CLASS_METHOD : com.bootdo.system.controller.LoginController.login
2018-03-15 20:18:57 -参数 : []
2018-03-15 20:18:57 -耗时 : 0
2018-03-15 20:18:57 -返回值 : login
2018-03-15 20:18:57 -请求地址 : http://127.0.0.1/login
2018-03-15 20:18:57 -HTTP METHOD : GET
2018-03-15 20:18:57 -CLASS_METHOD : com.bootdo.system.controller.LoginController.login
2018-03-15 20:18:57 -参数 : []
2018-03-15 20:18:57 -耗时 : 1
2018-03-15 20:18:57 -返回值 : login
2018-03-15 20:18:57 -请求地址 : http://127.0.0.1/login;JSESSIONID=2de207e2-aa18-4773-9b73-03d877988696
2018-03-15 20:18:57 -HTTP METHOD : GET
2018-03-15 20:18:57 -CLASS_METHOD : com.bootdo.system.controller.LoginController.login
2018-03-15 20:18:57 -参数 : []
2018-03-15 20:18:57 -耗时 : 1
2018-03-15 20:18:57 -返回值 : login
2018-03-15 20:18:57 -请求地址 : http://127.0.0.1/login
2018-03-15 20:18:57 -HTTP METHOD : GET
2018-03-15 20:18:57 -CLASS_METHOD : com.bootdo.system.controller.LoginController.login
2018-03-15 20:18:57 -参数 : []
2018-03-15 20:18:57 -耗时 : 1
2018-03-15 20:18:57 -返回值 : login
2018-03-15 20:18:57 -请求地址 : http://127.0.0.1/login;JSESSIONID=2de207e2-aa18-4773-9b73-03d877988696
2018-03-15 20:18:57 -HTTP METHOD : GET
2018-03-15 20:18:57 -CLASS_METHOD : com.bootdo.system.controller.LoginController.login
2018-03-15 20:18:57 -参数 : []
2018-03-15 20:18:57 -耗时 : 1
2018-03-15 20:18:57 -返回值 : login
2018-03-15 20:18:57 -请求地址 : http://127.0.0.1/login
2018-03-15 20:18:57 -HTTP METHOD : GET
2018-03-15 20:18:57 -CLASS_METHOD : com.bootdo.system.controller.LoginController.login
2018-03-15 20:18:57 -参数 : []
2018-03-15 20:18:57 -耗时 : 1
2018-03-15 20:18:57 -返回值 : login
2018-03-15 20:18:58 -请求地址 : http://127.0.0.1/login;JSESSIONID=2de207e2-aa18-4773-9b73-03d877988696
2018-03-15 20:18:58 -HTTP METHOD : GET
2018-03-15 20:18:58 -CLASS_METHOD : com.bootdo.system.controller.LoginController.login
2018-03-15 20:18:58 -参数 : []
2018-03-15 20:18:58 -耗时 : 1
2018-03-15 20:18:58 -返回值 : login
2018-03-15 20:18:58 -请求地址 : http://127.0.0.1/login
2018-03-15 20:18:58 -HTTP METHOD : GET
2018-03-15 20:18:58 -CLASS_METHOD : com.bootdo.system.controller.LoginController.login
2018-03-15 20:18:58 -参数 : []
2018-03-15 20:18:58 -耗时 : 0
2018-03-15 20:18:58 -返回值 : login
2018-03-15 20:19:24 -请求地址 : http://127.0.0.1/login;JSESSIONID=2de207e2-aa18-4773-9b73-03d877988696
2018-03-15 20:19:24 -HTTP METHOD : GET
2018-03-15 20:19:24 -CLASS_METHOD : com.bootdo.system.controller.LoginController.login
2018-03-15 20:19:24 -参数 : []
2018-03-15 20:19:24 -耗时 : 1
2018-03-15 20:19:24 -返回值 : login
2018-03-15 20:19:24 -请求地址 : http://127.0.0.1/login
2018-03-15 20:19:24 -HTTP METHOD : GET
2018-03-15 20:19:24 -CLASS_METHOD : com.bootdo.system.controller.LoginController.login
2018-03-15 20:19:24 -参数 : []
2018-03-15 20:19:24 -耗时 : 1
2018-03-15 20:19:24 -返回值 : login
2018-03-15 20:19:39 -请求地址 : http://127.0.0.1/login;JSESSIONID=2de207e2-aa18-4773-9b73-03d877988696
2018-03-15 20:19:39 -HTTP METHOD : GET
2018-03-15 20:19:39 -CLASS_METHOD : com.bootdo.system.controller.LoginController.login
2018-03-15 20:19:39 -参数 : []
2018-03-15 20:19:39 -耗时 : 1
2018-03-15 20:19:39 -返回值 : login
2018-03-15 20:19:39 -请求地址 : http://127.0.0.1/login
2018-03-15 20:19:39 -HTTP METHOD : GET
2018-03-15 20:19:39 -CLASS_METHOD : com.bootdo.system.controller.LoginController.login
2018-03-15 20:19:39 -参数 : []
2018-03-15 20:19:39 -耗时 : 1
2018-03-15 20:19:39 -返回值 : login
2018-03-15 20:19:50 -请求地址 : http://127.0.0.1/login;JSESSIONID=2de207e2-aa18-4773-9b73-03d877988696
2018-03-15 20:19:50 -HTTP METHOD : GET
2018-03-15 20:19:50 -CLASS_METHOD : com.bootdo.system.controller.LoginController.login
2018-03-15 20:19:50 -参数 : []
2018-03-15 20:19:50 -耗时 : 1
2018-03-15 20:19:50 -返回值 : login
2018-03-15 20:19:50 -请求地址 : http://127.0.0.1/login
2018-03-15 20:19:50 -HTTP METHOD : GET
2018-03-15 20:19:50 -CLASS_METHOD : com.bootdo.system.controller.LoginController.login
2018-03-15 20:19:50 -参数 : []
2018-03-15 20:19:50 -耗时 : 1
2018-03-15 20:19:50 -返回值 : login
2018-03-15 20:21:33 -==>  Preparing: select `user_id`,`username`,`name`,`password`,`dept_id`,`email`,`mobile`,`status`,`user_id_create`,`gmt_create`,`gmt_modified`,`sex`,`birth`,`pic_id`,`live_address`,`hobby`,`province`,`city`,`district` from sys_user WHERE username = ? order by user_id desc 
2018-03-15 20:21:33 -==> Parameters: admin(String)
2018-03-15 20:21:34 -<==      Total: 1
2018-03-15 20:21:34 -请求地址 : http://127.0.0.1/login
2018-03-15 20:21:34 -HTTP METHOD : POST
2018-03-15 20:21:34 -CLASS_METHOD : com.bootdo.system.controller.LoginController.ajaxLogin
2018-03-15 20:21:34 -参数 : [admin, 111111]
2018-03-15 20:21:34 -==>  Preparing: select `user_id`,`username`,`name`,`password`,`dept_id`,`email`,`mobile`,`status`,`user_id_create`,`gmt_create`,`gmt_modified`,`sex`,`birth`,`pic_id`,`live_address`,`hobby`,`province`,`city`,`district` from sys_user WHERE username = ? order by user_id desc 
2018-03-15 20:21:34 -==> Parameters: admin(String)
2018-03-15 20:21:34 -<==      Total: 1
2018-03-15 20:21:34 -耗时 : 44
2018-03-15 20:21:34 -返回值 : {msg=操作成功, code=0}
2018-03-15 20:21:34 -==>  Preparing: insert into sys_log ( `user_id`, `username`, `operation`, `time`, `method`, `params`, `ip`, `gmt_create` ) values ( ?, ?, ?, ?, ?, ?, ?, ? ) 
2018-03-15 20:21:34 -==> Parameters: 1(Long), admin(String), 登录(String), 45(Integer), com.bootdo.system.controller.LoginController.ajaxLogin()(String), null, 127.0.0.1(String), 2018-03-15 20:21:34.86(Timestamp)
2018-03-15 20:21:35 -请求地址 : http://127.0.0.1/index
2018-03-15 20:21:35 -HTTP METHOD : GET
2018-03-15 20:21:35 -CLASS_METHOD : com.bootdo.system.controller.LoginController.index
2018-03-15 20:21:35 -参数 : [{}]
2018-03-15 20:21:35 -==>  Preparing: select distinct m.menu_id , parent_id, name, url, perms,`type`,icon,order_num,gmt_create, gmt_modified from sys_menu m left join sys_role_menu rm on m.menu_id = rm.menu_id left join sys_user_role ur on rm.role_id =ur.role_id where ur.user_id = ? and m.type in(0,1) order by m.order_num 
2018-03-15 20:21:35 -<==    Updates: 1
2018-03-15 20:21:35 -==> Parameters: 1(Long)
2018-03-15 20:21:36 -<==      Total: 27
2018-03-15 20:21:36 -==>  Preparing: select `id`,`type`,`url`,`create_date` from sys_file where id = ? 
2018-03-15 20:21:36 -==> Parameters: 138(Long)
2018-03-15 20:21:37 -<==      Total: 1
2018-03-15 20:21:37 -耗时 : 2050
2018-03-15 20:21:37 -返回值 : index_v1
2018-03-15 20:21:37 -==>  Preparing: insert into sys_log ( `user_id`, `username`, `operation`, `time`, `method`, `params`, `ip`, `gmt_create` ) values ( ?, ?, ?, ?, ?, ?, ?, ? ) 
2018-03-15 20:21:37 -==> Parameters: 1(Long), admin(String), 请求访问主页(String), 2051(Integer), com.bootdo.system.controller.LoginController.index()(String), null, 127.0.0.1(String), 2018-03-15 20:21:37.283(Timestamp)
2018-03-15 20:21:37 -<==    Updates: 1
2018-03-15 20:21:37 -请求地址 : http://127.0.0.1/main
2018-03-15 20:21:37 -HTTP METHOD : GET
2018-03-15 20:21:37 -CLASS_METHOD : com.bootdo.system.controller.LoginController.main
2018-03-15 20:21:37 -参数 : []
2018-03-15 20:21:37 -耗时 : 1
2018-03-15 20:21:37 -返回值 : main
2018-03-15 20:21:38 -请求地址 : http://127.0.0.1/oa/notify/message
2018-03-15 20:21:38 -HTTP METHOD : GET
2018-03-15 20:21:38 -CLASS_METHOD : com.bootdo.oa.controller.NotifyController.message
2018-03-15 20:21:38 -参数 : []
2018-03-15 20:21:38 -==>  Preparing: select DISTINCT n.id ,`type`,`title`,`content`,`files`,r.is_read,`status`,`create_by`,`create_date`,`update_by`,`update_date`,`remarks`,`del_flag` from oa_notify_record r right JOIN oa_notify n on r.notify_id = n.id WHERE r.is_read = ? and r.user_id = ? order by is_read ASC, update_date DESC limit ?, ? 
2018-03-15 20:21:38 -==> Parameters: 0(String), 1(Long), 0(Integer), 3(Integer)
2018-03-15 20:21:38 -请求地址 : http://127.0.0.1/main
2018-03-15 20:21:38 -HTTP METHOD : GET
2018-03-15 20:21:38 -CLASS_METHOD : com.bootdo.system.controller.LoginController.main
2018-03-15 20:21:38 -参数 : []
2018-03-15 20:21:38 -耗时 : 1
2018-03-15 20:21:38 -返回值 : main
2018-03-15 20:21:40 -<==      Total: 0
2018-03-15 20:21:40 -==>  Preparing: select count(*) from oa_notify_record r right JOIN oa_notify n on r.notify_id = n.id where r.user_id =? and r.is_read = ? 
2018-03-15 20:21:40 -==> Parameters: 1(Long), 0(String)
2018-03-15 20:21:40 -<==      Total: 1
2018-03-15 20:21:40 -耗时 : 2066
2018-03-15 20:21:40 -返回值 : com.bootdo.common.utils.PageUtils@7a4aab0d
2018-03-15 20:21:40 -Servlet.service() for servlet [dispatcherServlet] in context with path [] threw exception [Request processing failed; nested exception is org.springframework.web.socket.sockjs.SockJsException: Uncaught failure in SockJS request, uri=http://127.0.0.1/endpointChat/982/b46npmoc/xhr_streaming; nested exception is org.springframework.web.socket.sockjs.SockJsTransportFailureException: Failed to open session; nested exception is org.springframework.web.socket.sockjs.SockJsTransportFailureException: Failed to write SockJsFrame content='o'; nested exception is org.apache.catalina.connector.ClientAbortException: java.io.IOException: 您的主机中的软件中止了一个已建立的连接。] with root cause
java.io.IOException: 您的主机中的软件中止了一个已建立的连接。
	at sun.nio.ch.SocketDispatcher.write0(Native Method)
	at sun.nio.ch.SocketDispatcher.write(SocketDispatcher.java:51)
	at sun.nio.ch.IOUtil.writeFromNativeBuffer(IOUtil.java:93)
	at sun.nio.ch.IOUtil.write(IOUtil.java:65)
	at sun.nio.ch.SocketChannelImpl.write(SocketChannelImpl.java:471)
	at org.apache.tomcat.util.net.NioChannel.write(NioChannel.java:134)
	at org.apache.tomcat.util.net.NioBlockingSelector.write(NioBlockingSelector.java:101)
	at org.apache.tomcat.util.net.NioSelectorPool.write(NioSelectorPool.java:157)
	at org.apache.tomcat.util.net.NioEndpoint$NioSocketWrapper.doWrite(NioEndpoint.java:1259)
	at org.apache.tomcat.util.net.SocketWrapperBase.doWrite(SocketWrapperBase.java:670)
	at org.apache.tomcat.util.net.SocketWrapperBase.flushBlocking(SocketWrapperBase.java:607)
	at org.apache.tomcat.util.net.SocketWrapperBase.flush(SocketWrapperBase.java:597)
	at org.apache.coyote.http11.Http11OutputBuffer.flushBuffer(Http11OutputBuffer.java:581)
	at org.apache.coyote.http11.Http11OutputBuffer.flush(Http11OutputBuffer.java:272)
	at org.apache.coyote.http11.Http11Processor.flush(Http11Processor.java:1511)
	at org.apache.coyote.AbstractProcessor.action(AbstractProcessor.java:282)
	at org.apache.coyote.Response.action(Response.java:173)
	at org.apache.catalina.connector.OutputBuffer.doFlush(OutputBuffer.java:317)
	at org.apache.catalina.connector.OutputBuffer.flush(OutputBuffer.java:284)
	at org.apache.catalina.connector.Response.flushBuffer(Response.java:541)
	at org.apache.catalina.connector.ResponseFacade.flushBuffer(ResponseFacade.java:312)
	at javax.servlet.ServletResponseWrapper.flushBuffer(ServletResponseWrapper.java:176)
	at javax.servlet.ServletResponseWrapper.flushBuffer(ServletResponseWrapper.java:176)
	at javax.servlet.ServletResponseWrapper.flushBuffer(ServletResponseWrapper.java:176)
	at org.springframework.http.server.ServletServerHttpResponse.flush(ServletServerHttpResponse.java:96)
	at org.springframework.web.socket.sockjs.transport.session.AbstractHttpSockJsSession.writeFrameInternal(AbstractHttpSockJsSession.java:350)
	at org.springframework.web.socket.sockjs.transport.session.AbstractSockJsSession.writeFrame(AbstractSockJsSession.java:318)
	at org.springframework.web.socket.sockjs.transport.session.StreamingSockJsSession.handleRequestInternal(StreamingSockJsSession.java:75)
	at org.springframework.web.socket.sockjs.transport.session.AbstractHttpSockJsSession.handleInitialRequest(AbstractHttpSockJsSession.java:215)
	at org.springframework.web.socket.sockjs.transport.handler.AbstractHttpSendingTransportHandler.handleRequestInternal(AbstractHttpSendingTransportHandler.java:75)
	at org.springframework.web.socket.sockjs.transport.handler.AbstractHttpSendingTransportHandler.handleRequest(AbstractHttpSendingTransportHandler.java:65)
	at org.springframework.web.socket.sockjs.transport.TransportHandlingSockJsService.handleTransportRequest(TransportHandlingSockJsService.java:312)
	at org.springframework.web.socket.sockjs.support.AbstractSockJsService.handleRequest(AbstractSockJsService.java:433)
	at org.springframework.web.socket.sockjs.support.SockJsHttpRequestHandler.handleRequest(SockJsHttpRequestHandler.java:132)
	at org.springframework.web.servlet.mvc.HttpRequestHandlerAdapter.handle(HttpRequestHandlerAdapter.java:51)
	at org.springframework.web.servlet.DispatcherServlet.doDispatch(DispatcherServlet.java:967)
	at org.springframework.web.servlet.DispatcherServlet.doService(DispatcherServlet.java:901)
	at org.springframework.web.servlet.FrameworkServlet.processRequest(FrameworkServlet.java:970)
	at org.springframework.web.servlet.FrameworkServlet.doPost(FrameworkServlet.java:872)
	at javax.servlet.http.HttpServlet.service(HttpServlet.java:661)
	at org.springframework.web.servlet.FrameworkServlet.service(FrameworkServlet.java:846)
	at javax.servlet.http.HttpServlet.service(HttpServlet.java:742)
	at org.apache.catalina.core.ApplicationFilterChain.internalDoFilter(ApplicationFilterChain.java:231)
	at org.apache.catalina.core.ApplicationFilterChain.doFilter(ApplicationFilterChain.java:166)
	at org.apache.tomcat.websocket.server.WsFilter.doFilter(WsFilter.java:52)
	at org.apache.catalina.core.ApplicationFilterChain.internalDoFilter(ApplicationFilterChain.java:193)
	at org.apache.catalina.core.ApplicationFilterChain.doFilter(ApplicationFilterChain.java:166)
	at org.apache.shiro.web.servlet.ProxiedFilterChain.doFilter(ProxiedFilterChain.java:61)
	at org.apache.shiro.web.servlet.AdviceFilter.executeChain(AdviceFilter.java:108)
	at org.apache.shiro.web.servlet.AdviceFilter.doFilterInternal(AdviceFilter.java:137)
	at org.apache.shiro.web.servlet.OncePerRequestFilter.doFilter(OncePerRequestFilter.java:125)
	at org.apache.shiro.web.servlet.ProxiedFilterChain.doFilter(ProxiedFilterChain.java:66)
	at org.apache.shiro.web.servlet.AbstractShiroFilter.executeChain(AbstractShiroFilter.java:449)
	at org.apache.shiro.web.servlet.AbstractShiroFilter$1.call(AbstractShiroFilter.java:365)
	at org.apache.shiro.subject.support.SubjectCallable.doCall(SubjectCallable.java:90)
	at org.apache.shiro.subject.support.SubjectCallable.call(SubjectCallable.java:83)
	at org.apache.shiro.subject.support.DelegatingSubject.execute(DelegatingSubject.java:383)
	at org.apache.shiro.web.servlet.AbstractShiroFilter.doFilterInternal(AbstractShiroFilter.java:362)
	at org.apache.shiro.web.servlet.OncePerRequestFilter.doFilter(OncePerRequestFilter.java:125)
	at org.apache.catalina.core.ApplicationFilterChain.internalDoFilter(ApplicationFilterChain.java:193)
	at org.apache.catalina.core.ApplicationFilterChain.doFilter(ApplicationFilterChain.java:166)
	at com.alibaba.druid.support.http.WebStatFilter.doFilter(WebStatFilter.java:123)
	at org.apache.catalina.core.ApplicationFilterChain.internalDoFilter(ApplicationFilterChain.java:193)
	at org.apache.catalina.core.ApplicationFilterChain.doFilter(ApplicationFilterChain.java:166)
	at org.springframework.security.web.FilterChainProxy.doFilterInternal(FilterChainProxy.java:208)
	at org.springframework.security.web.FilterChainProxy.doFilter(FilterChainProxy.java:177)
	at org.springframework.web.filter.DelegatingFilterProxy.invokeDelegate(DelegatingFilterProxy.java:346)
	at org.springframework.web.filter.DelegatingFilterProxy.doFilter(DelegatingFilterProxy.java:262)
	at org.apache.catalina.core.ApplicationFilterChain.internalDoFilter(ApplicationFilterChain.java:193)
	at org.apache.catalina.core.ApplicationFilterChain.doFilter(ApplicationFilterChain.java:166)
	at org.springframework.web.filter.RequestContextFilter.doFilterInternal(RequestContextFilter.java:99)
	at org.springframework.web.filter.OncePerRequestFilter.doFilter(OncePerRequestFilter.java:107)
	at org.apache.catalina.core.ApplicationFilterChain.internalDoFilter(ApplicationFilterChain.java:193)
	at org.apache.catalina.core.ApplicationFilterChain.doFilter(ApplicationFilterChain.java:166)
	at org.springframework.web.filter.HttpPutFormContentFilter.doFilterInternal(HttpPutFormContentFilter.java:105)
	at org.springframework.web.filter.OncePerRequestFilter.doFilter(OncePerRequestFilter.java:107)
	at org.apache.catalina.core.ApplicationFilterChain.internalDoFilter(ApplicationFilterChain.java:193)
	at org.apache.catalina.core.ApplicationFilterChain.doFilter(ApplicationFilterChain.java:166)
	at org.springframework.web.filter.HiddenHttpMethodFilter.doFilterInternal(HiddenHttpMethodFilter.java:81)
	at org.springframework.web.filter.OncePerRequestFilter.doFilter(OncePerRequestFilter.java:107)
	at org.apache.catalina.core.ApplicationFilterChain.internalDoFilter(ApplicationFilterChain.java:193)
	at org.apache.catalina.core.ApplicationFilterChain.doFilter(ApplicationFilterChain.java:166)
	at org.springframework.web.filter.CharacterEncodingFilter.doFilterInternal(CharacterEncodingFilter.java:197)
	at org.springframework.web.filter.OncePerRequestFilter.doFilter(OncePerRequestFilter.java:107)
	at org.apache.catalina.core.ApplicationFilterChain.internalDoFilter(ApplicationFilterChain.java:193)
	at org.apache.catalina.core.ApplicationFilterChain.doFilter(ApplicationFilterChain.java:166)
	at org.apache.catalina.core.StandardWrapperValve.invoke(StandardWrapperValve.java:198)
	at org.apache.catalina.core.StandardContextValve.invoke(StandardContextValve.java:96)
	at org.apache.catalina.authenticator.AuthenticatorBase.invoke(AuthenticatorBase.java:478)
	at org.apache.catalina.core.StandardHostValve.invoke(StandardHostValve.java:140)
	at org.apache.catalina.valves.ErrorReportValve.invoke(ErrorReportValve.java:80)
	at org.apache.catalina.core.StandardEngineValve.invoke(StandardEngineValve.java:87)
	at org.apache.catalina.connector.CoyoteAdapter.service(CoyoteAdapter.java:342)
	at org.apache.coyote.http11.Http11Processor.service(Http11Processor.java:799)
	at org.apache.coyote.AbstractProcessorLight.process(AbstractProcessorLight.java:66)
	at org.apache.coyote.AbstractProtocol$ConnectionHandler.process(AbstractProtocol.java:868)
	at org.apache.tomcat.util.net.NioEndpoint$SocketProcessor.doRun(NioEndpoint.java:1455)
	at org.apache.tomcat.util.net.SocketProcessorBase.run(SocketProcessorBase.java:49)
	at java.util.concurrent.ThreadPoolExecutor.runWorker(ThreadPoolExecutor.java:1142)
	at java.util.concurrent.ThreadPoolExecutor$Worker.run(ThreadPoolExecutor.java:617)
	at org.apache.tomcat.util.threads.TaskThread$WrappingRunnable.run(TaskThread.java:61)
	at java.lang.Thread.run(Thread.java:745)
2018-03-15 20:21:40 -java.io.IOException: 您的主机中的软件中止了一个已建立的连接。
org.apache.catalina.connector.ClientAbortException: java.io.IOException: 您的主机中的软件中止了一个已建立的连接。
	at org.apache.catalina.connector.OutputBuffer.doFlush(OutputBuffer.java:321)
	at org.apache.catalina.connector.OutputBuffer.flush(OutputBuffer.java:284)
	at org.apache.catalina.connector.CoyoteOutputStream.flush(CoyoteOutputStream.java:118)
	at com.fasterxml.jackson.core.json.UTF8JsonGenerator.flush(UTF8JsonGenerator.java:1054)
	at com.fasterxml.jackson.databind.ObjectWriter.writeValue(ObjectWriter.java:953)
	at org.springframework.http.converter.json.AbstractJackson2HttpMessageConverter.writeInternal(AbstractJackson2HttpMessageConverter.java:286)
	at org.springframework.http.converter.AbstractGenericHttpMessageConverter.write(AbstractGenericHttpMessageConverter.java:106)
	at org.springframework.web.servlet.mvc.method.annotation.AbstractMessageConverterMethodProcessor.writeWithMessageConverters(AbstractMessageConverterMethodProcessor.java:231)
	at org.springframework.web.servlet.mvc.method.annotation.RequestResponseBodyMethodProcessor.handleReturnValue(RequestResponseBodyMethodProcessor.java:174)
	at org.springframework.web.method.support.HandlerMethodReturnValueHandlerComposite.handleReturnValue(HandlerMethodReturnValueHandlerComposite.java:81)
	at org.springframework.web.servlet.mvc.method.annotation.ServletInvocableHandlerMethod.invokeAndHandle(ServletInvocableHandlerMethod.java:113)
	at org.springframework.web.servlet.mvc.method.annotation.RequestMappingHandlerAdapter.invokeHandlerMethod(RequestMappingHandlerAdapter.java:827)
	at org.springframework.web.servlet.mvc.method.annotation.RequestMappingHandlerAdapter.handleInternal(RequestMappingHandlerAdapter.java:738)
	at org.springframework.web.servlet.mvc.method.AbstractHandlerMethodAdapter.handle(AbstractHandlerMethodAdapter.java:85)
	at org.springframework.web.servlet.DispatcherServlet.doDispatch(DispatcherServlet.java:967)
	at org.springframework.web.servlet.DispatcherServlet.doService(DispatcherServlet.java:901)
	at org.springframework.web.servlet.FrameworkServlet.processRequest(FrameworkServlet.java:970)
	at org.springframework.web.servlet.FrameworkServlet.doPost(FrameworkServlet.java:872)
	at javax.servlet.http.HttpServlet.service(HttpServlet.java:661)
	at org.springframework.web.servlet.FrameworkServlet.service(FrameworkServlet.java:846)
	at javax.servlet.http.HttpServlet.service(HttpServlet.java:742)
	at org.apache.catalina.core.ApplicationFilterChain.internalDoFilter(ApplicationFilterChain.java:231)
	at org.apache.catalina.core.ApplicationFilterChain.doFilter(ApplicationFilterChain.java:166)
	at org.apache.shiro.web.servlet.ProxiedFilterChain.doFilter(ProxiedFilterChain.java:61)
	at org.apache.shiro.web.servlet.AdviceFilter.executeChain(AdviceFilter.java:108)
	at org.apache.shiro.web.servlet.AdviceFilter.doFilterInternal(AdviceFilter.java:137)
	at org.apache.shiro.web.servlet.OncePerRequestFilter.doFilter(OncePerRequestFilter.java:125)
	at org.apache.shiro.web.servlet.ProxiedFilterChain.doFilter(ProxiedFilterChain.java:66)
	at org.apache.shiro.web.servlet.AbstractShiroFilter.executeChain(AbstractShiroFilter.java:449)
	at org.apache.shiro.web.servlet.AbstractShiroFilter$1.call(AbstractShiroFilter.java:365)
	at org.apache.shiro.subject.support.SubjectCallable.doCall(SubjectCallable.java:90)
	at org.apache.shiro.subject.support.SubjectCallable.call(SubjectCallable.java:83)
	at org.apache.shiro.subject.support.DelegatingSubject.execute(DelegatingSubject.java:383)
	at org.apache.shiro.web.servlet.AbstractShiroFilter.doFilterInternal(AbstractShiroFilter.java:362)
	at org.apache.shiro.web.servlet.OncePerRequestFilter.doFilter(OncePerRequestFilter.java:125)
	at org.apache.catalina.core.ApplicationFilterChain.internalDoFilter(ApplicationFilterChain.java:193)
	at org.apache.catalina.core.ApplicationFilterChain.doFilter(ApplicationFilterChain.java:166)
	at com.alibaba.druid.support.http.WebStatFilter.doFilter(WebStatFilter.java:123)
	at org.apache.catalina.core.ApplicationFilterChain.internalDoFilter(ApplicationFilterChain.java:193)
	at org.apache.catalina.core.ApplicationFilterChain.doFilter(ApplicationFilterChain.java:166)
	at org.springframework.security.web.FilterChainProxy.doFilterInternal(FilterChainProxy.java:208)
	at org.springframework.security.web.FilterChainProxy.doFilter(FilterChainProxy.java:177)
	at org.springframework.web.filter.DelegatingFilterProxy.invokeDelegate(DelegatingFilterProxy.java:346)
	at org.springframework.web.filter.DelegatingFilterProxy.doFilter(DelegatingFilterProxy.java:262)
	at org.apache.catalina.core.ApplicationFilterChain.internalDoFilter(ApplicationFilterChain.java:193)
	at org.apache.catalina.core.ApplicationFilterChain.doFilter(ApplicationFilterChain.java:166)
	at org.springframework.web.filter.RequestContextFilter.doFilterInternal(RequestContextFilter.java:99)
	at org.springframework.web.filter.OncePerRequestFilter.doFilter(OncePerRequestFilter.java:107)
	at org.apache.catalina.core.ApplicationFilterChain.internalDoFilter(ApplicationFilterChain.java:193)
	at org.apache.catalina.core.ApplicationFilterChain.doFilter(ApplicationFilterChain.java:166)
	at org.springframework.web.filter.OncePerRequestFilter.doFilter(OncePerRequestFilter.java:101)
	at org.apache.catalina.core.ApplicationFilterChain.internalDoFilter(ApplicationFilterChain.java:193)
	at org.apache.catalina.core.ApplicationFilterChain.doFilter(ApplicationFilterChain.java:166)
	at org.springframework.web.filter.OncePerRequestFilter.doFilter(OncePerRequestFilter.java:101)
	at org.apache.catalina.core.ApplicationFilterChain.internalDoFilter(ApplicationFilterChain.java:193)
	at org.apache.catalina.core.ApplicationFilterChain.doFilter(ApplicationFilterChain.java:166)
	at org.springframework.web.filter.OncePerRequestFilter.doFilter(OncePerRequestFilter.java:101)
	at org.apache.catalina.core.ApplicationFilterChain.internalDoFilter(ApplicationFilterChain.java:193)
	at org.apache.catalina.core.ApplicationFilterChain.doFilter(ApplicationFilterChain.java:166)
	at org.apache.catalina.core.ApplicationDispatcher.invoke(ApplicationDispatcher.java:728)
	at org.apache.catalina.core.ApplicationDispatcher.doInclude(ApplicationDispatcher.java:590)
	at org.apache.catalina.core.ApplicationDispatcher.include(ApplicationDispatcher.java:524)
	at org.apache.catalina.core.StandardHostValve.custom(StandardHostValve.java:389)
	at org.apache.catalina.core.StandardHostValve.status(StandardHostValve.java:254)
	at org.apache.catalina.core.StandardHostValve.throwable(StandardHostValve.java:349)
	at org.apache.catalina.core.StandardHostValve.invoke(StandardHostValve.java:175)
	at org.apache.catalina.valves.ErrorReportValve.invoke(ErrorReportValve.java:80)
	at org.apache.catalina.core.StandardEngineValve.invoke(StandardEngineValve.java:87)
	at org.apache.catalina.connector.CoyoteAdapter.service(CoyoteAdapter.java:342)
	at org.apache.coyote.http11.Http11Processor.service(Http11Processor.java:799)
	at org.apache.coyote.AbstractProcessorLight.process(AbstractProcessorLight.java:66)
	at org.apache.coyote.AbstractProtocol$ConnectionHandler.process(AbstractProtocol.java:868)
	at org.apache.tomcat.util.net.NioEndpoint$SocketProcessor.doRun(NioEndpoint.java:1455)
	at org.apache.tomcat.util.net.SocketProcessorBase.run(SocketProcessorBase.java:49)
	at java.util.concurrent.ThreadPoolExecutor.runWorker(ThreadPoolExecutor.java:1142)
	at java.util.concurrent.ThreadPoolExecutor$Worker.run(ThreadPoolExecutor.java:617)
	at org.apache.tomcat.util.threads.TaskThread$WrappingRunnable.run(TaskThread.java:61)
	at java.lang.Thread.run(Thread.java:745)
Caused by: java.io.IOException: 您的主机中的软件中止了一个已建立的连接。
	at sun.nio.ch.SocketDispatcher.write0(Native Method)
	at sun.nio.ch.SocketDispatcher.write(SocketDispatcher.java:51)
	at sun.nio.ch.IOUtil.writeFromNativeBuffer(IOUtil.java:93)
	at sun.nio.ch.IOUtil.write(IOUtil.java:65)
	at sun.nio.ch.SocketChannelImpl.write(SocketChannelImpl.java:471)
	at org.apache.tomcat.util.net.NioChannel.write(NioChannel.java:134)
	at org.apache.tomcat.util.net.NioBlockingSelector.write(NioBlockingSelector.java:101)
	at org.apache.tomcat.util.net.NioSelectorPool.write(NioSelectorPool.java:157)
	at org.apache.tomcat.util.net.NioEndpoint$NioSocketWrapper.doWrite(NioEndpoint.java:1259)
	at org.apache.tomcat.util.net.SocketWrapperBase.doWrite(SocketWrapperBase.java:670)
	at org.apache.tomcat.util.net.SocketWrapperBase.flushBlocking(SocketWrapperBase.java:607)
	at org.apache.tomcat.util.net.SocketWrapperBase.flush(SocketWrapperBase.java:597)
	at org.apache.coyote.http11.Http11OutputBuffer.flushBuffer(Http11OutputBuffer.java:581)
	at org.apache.coyote.http11.Http11OutputBuffer.flush(Http11OutputBuffer.java:272)
	at org.apache.coyote.http11.Http11Processor.flush(Http11Processor.java:1511)
	at org.apache.coyote.AbstractProcessor.action(AbstractProcessor.java:282)
	at org.apache.coyote.Response.action(Response.java:173)
	at org.apache.catalina.connector.OutputBuffer.doFlush(OutputBuffer.java:317)
	... 77 common frames omitted
2018-03-15 20:21:40 -==>  Preparing: insert into sys_log ( `user_id`, `username`, `operation`, `time`, `method`, `params`, `ip`, `gmt_create` ) values ( ?, ?, ?, ?, ?, ?, ?, ? ) 
2018-03-15 20:21:40 -==> Parameters: 1(Long), admin(String), error(String), null, http://127.0.0.1/endpointChat/982/b46npmoc/xhr_streaming(String), org.apache.catalina.connector.ClientAbortException: java.io.IOException: 您的主机中的软件中止了一个已建立的连接。(String), null, 2018-03-15 20:21:40.697(Timestamp)
2018-03-15 20:21:40 -Servlet.service() for servlet [dispatcherServlet] threw exception
java.lang.IllegalStateException: getOutputStream() has already been called for this response
	at org.apache.catalina.connector.Response.getWriter(Response.java:624)
	at org.apache.catalina.connector.ResponseFacade.getWriter(ResponseFacade.java:211)
	at javax.servlet.ServletResponseWrapper.getWriter(ServletResponseWrapper.java:109)
	at javax.servlet.ServletResponseWrapper.getWriter(ServletResponseWrapper.java:109)
	at javax.servlet.ServletResponseWrapper.getWriter(ServletResponseWrapper.java:109)
	at javax.servlet.ServletResponseWrapper.getWriter(ServletResponseWrapper.java:109)
	at org.thymeleaf.spring4.view.ThymeleafView.renderFragment(ThymeleafView.java:335)
	at org.thymeleaf.spring4.view.ThymeleafView.render(ThymeleafView.java:190)
	at org.springframework.web.servlet.DispatcherServlet.render(DispatcherServlet.java:1286)
	at org.springframework.web.servlet.DispatcherServlet.processDispatchResult(DispatcherServlet.java:1041)
	at org.springframework.web.servlet.DispatcherServlet.doDispatch(DispatcherServlet.java:984)
	at org.springframework.web.servlet.DispatcherServlet.doService(DispatcherServlet.java:901)
	at org.springframework.web.servlet.FrameworkServlet.processRequest(FrameworkServlet.java:970)
	at org.springframework.web.servlet.FrameworkServlet.doPost(FrameworkServlet.java:872)
	at javax.servlet.http.HttpServlet.service(HttpServlet.java:661)
	at org.springframework.web.servlet.FrameworkServlet.service(FrameworkServlet.java:846)
	at javax.servlet.http.HttpServlet.service(HttpServlet.java:742)
	at org.apache.catalina.core.ApplicationFilterChain.internalDoFilter(ApplicationFilterChain.java:231)
	at org.apache.catalina.core.ApplicationFilterChain.doFilter(ApplicationFilterChain.java:166)
	at org.apache.shiro.web.servlet.ProxiedFilterChain.doFilter(ProxiedFilterChain.java:61)
	at org.apache.shiro.web.servlet.AdviceFilter.executeChain(AdviceFilter.java:108)
	at org.apache.shiro.web.servlet.AdviceFilter.doFilterInternal(AdviceFilter.java:137)
	at org.apache.shiro.web.servlet.OncePerRequestFilter.doFilter(OncePerRequestFilter.java:125)
	at org.apache.shiro.web.servlet.ProxiedFilterChain.doFilter(ProxiedFilterChain.java:66)
	at org.apache.shiro.web.servlet.AbstractShiroFilter.executeChain(AbstractShiroFilter.java:449)
	at org.apache.shiro.web.servlet.AbstractShiroFilter$1.call(AbstractShiroFilter.java:365)
	at org.apache.shiro.subject.support.SubjectCallable.doCall(SubjectCallable.java:90)
	at org.apache.shiro.subject.support.SubjectCallable.call(SubjectCallable.java:83)
	at org.apache.shiro.subject.support.DelegatingSubject.execute(DelegatingSubject.java:383)
	at org.apache.shiro.web.servlet.AbstractShiroFilter.doFilterInternal(AbstractShiroFilter.java:362)
	at org.apache.shiro.web.servlet.OncePerRequestFilter.doFilter(OncePerRequestFilter.java:125)
	at org.apache.catalina.core.ApplicationFilterChain.internalDoFilter(ApplicationFilterChain.java:193)
	at org.apache.catalina.core.ApplicationFilterChain.doFilter(ApplicationFilterChain.java:166)
	at com.alibaba.druid.support.http.WebStatFilter.doFilter(WebStatFilter.java:123)
	at org.apache.catalina.core.ApplicationFilterChain.internalDoFilter(ApplicationFilterChain.java:193)
	at org.apache.catalina.core.ApplicationFilterChain.doFilter(ApplicationFilterChain.java:166)
	at org.springframework.security.web.FilterChainProxy.doFilterInternal(FilterChainProxy.java:208)
	at org.springframework.security.web.FilterChainProxy.doFilter(FilterChainProxy.java:177)
	at org.springframework.web.filter.DelegatingFilterProxy.invokeDelegate(DelegatingFilterProxy.java:346)
	at org.springframework.web.filter.DelegatingFilterProxy.doFilter(DelegatingFilterProxy.java:262)
	at org.apache.catalina.core.ApplicationFilterChain.internalDoFilter(ApplicationFilterChain.java:193)
	at org.apache.catalina.core.ApplicationFilterChain.doFilter(ApplicationFilterChain.java:166)
	at org.springframework.web.filter.RequestContextFilter.doFilterInternal(RequestContextFilter.java:99)
	at org.springframework.web.filter.OncePerRequestFilter.doFilter(OncePerRequestFilter.java:107)
	at org.apache.catalina.core.ApplicationFilterChain.internalDoFilter(ApplicationFilterChain.java:193)
	at org.apache.catalina.core.ApplicationFilterChain.doFilter(ApplicationFilterChain.java:166)
	at org.springframework.web.filter.OncePerRequestFilter.doFilter(OncePerRequestFilter.java:101)
	at org.apache.catalina.core.ApplicationFilterChain.internalDoFilter(ApplicationFilterChain.java:193)
	at org.apache.catalina.core.ApplicationFilterChain.doFilter(ApplicationFilterChain.java:166)
	at org.springframework.web.filter.OncePerRequestFilter.doFilter(OncePerRequestFilter.java:101)
	at org.apache.catalina.core.ApplicationFilterChain.internalDoFilter(ApplicationFilterChain.java:193)
	at org.apache.catalina.core.ApplicationFilterChain.doFilter(ApplicationFilterChain.java:166)
	at org.springframework.web.filter.OncePerRequestFilter.doFilter(OncePerRequestFilter.java:101)
	at org.apache.catalina.core.ApplicationFilterChain.internalDoFilter(ApplicationFilterChain.java:193)
	at org.apache.catalina.core.ApplicationFilterChain.doFilter(ApplicationFilterChain.java:166)
	at org.apache.catalina.core.ApplicationDispatcher.invoke(ApplicationDispatcher.java:728)
	at org.apache.catalina.core.ApplicationDispatcher.doInclude(ApplicationDispatcher.java:590)
	at org.apache.catalina.core.ApplicationDispatcher.include(ApplicationDispatcher.java:524)
	at org.apache.catalina.core.StandardHostValve.custom(StandardHostValve.java:389)
	at org.apache.catalina.core.StandardHostValve.status(StandardHostValve.java:254)
	at org.apache.catalina.core.StandardHostValve.throwable(StandardHostValve.java:349)
	at org.apache.catalina.core.StandardHostValve.invoke(StandardHostValve.java:175)
	at org.apache.catalina.valves.ErrorReportValve.invoke(ErrorReportValve.java:80)
	at org.apache.catalina.core.StandardEngineValve.invoke(StandardEngineValve.java:87)
	at org.apache.catalina.connector.CoyoteAdapter.service(CoyoteAdapter.java:342)
	at org.apache.coyote.http11.Http11Processor.service(Http11Processor.java:799)
	at org.apache.coyote.AbstractProcessorLight.process(AbstractProcessorLight.java:66)
	at org.apache.coyote.AbstractProtocol$ConnectionHandler.process(AbstractProtocol.java:868)
	at org.apache.tomcat.util.net.NioEndpoint$SocketProcessor.doRun(NioEndpoint.java:1455)
	at org.apache.tomcat.util.net.SocketProcessorBase.run(SocketProcessorBase.java:49)
	at java.util.concurrent.ThreadPoolExecutor.runWorker(ThreadPoolExecutor.java:1142)
	at java.util.concurrent.ThreadPoolExecutor$Worker.run(ThreadPoolExecutor.java:617)
	at org.apache.tomcat.util.threads.TaskThread$WrappingRunnable.run(TaskThread.java:61)
	at java.lang.Thread.run(Thread.java:745)
2018-03-15 20:21:40 -Exception Processing ErrorPage[errorCode=0, location=/error]
org.springframework.web.util.NestedServletException: Request processing failed; nested exception is java.lang.IllegalStateException: getOutputStream() has already been called for this response
	at org.springframework.web.servlet.FrameworkServlet.processRequest(FrameworkServlet.java:982)
	at org.springframework.web.servlet.FrameworkServlet.doPost(FrameworkServlet.java:872)
	at javax.servlet.http.HttpServlet.service(HttpServlet.java:661)
	at org.springframework.web.servlet.FrameworkServlet.service(FrameworkServlet.java:846)
	at javax.servlet.http.HttpServlet.service(HttpServlet.java:742)
	at org.apache.catalina.core.ApplicationFilterChain.internalDoFilter(ApplicationFilterChain.java:231)
	at org.apache.catalina.core.ApplicationFilterChain.doFilter(ApplicationFilterChain.java:166)
	at org.apache.shiro.web.servlet.ProxiedFilterChain.doFilter(ProxiedFilterChain.java:61)
	at org.apache.shiro.web.servlet.AdviceFilter.executeChain(AdviceFilter.java:108)
	at org.apache.shiro.web.servlet.AdviceFilter.doFilterInternal(AdviceFilter.java:137)
	at org.apache.shiro.web.servlet.OncePerRequestFilter.doFilter(OncePerRequestFilter.java:125)
	at org.apache.shiro.web.servlet.ProxiedFilterChain.doFilter(ProxiedFilterChain.java:66)
	at org.apache.shiro.web.servlet.AbstractShiroFilter.executeChain(AbstractShiroFilter.java:449)
	at org.apache.shiro.web.servlet.AbstractShiroFilter$1.call(AbstractShiroFilter.java:365)
	at org.apache.shiro.subject.support.SubjectCallable.doCall(SubjectCallable.java:90)
	at org.apache.shiro.subject.support.SubjectCallable.call(SubjectCallable.java:83)
	at org.apache.shiro.subject.support.DelegatingSubject.execute(DelegatingSubject.java:383)
	at org.apache.shiro.web.servlet.AbstractShiroFilter.doFilterInternal(AbstractShiroFilter.java:362)
	at org.apache.shiro.web.servlet.OncePerRequestFilter.doFilter(OncePerRequestFilter.java:125)
	at org.apache.catalina.core.ApplicationFilterChain.internalDoFilter(ApplicationFilterChain.java:193)
	at org.apache.catalina.core.ApplicationFilterChain.doFilter(ApplicationFilterChain.java:166)
	at com.alibaba.druid.support.http.WebStatFilter.doFilter(WebStatFilter.java:123)
	at org.apache.catalina.core.ApplicationFilterChain.internalDoFilter(ApplicationFilterChain.java:193)
	at org.apache.catalina.core.ApplicationFilterChain.doFilter(ApplicationFilterChain.java:166)
	at org.springframework.security.web.FilterChainProxy.doFilterInternal(FilterChainProxy.java:208)
	at org.springframework.security.web.FilterChainProxy.doFilter(FilterChainProxy.java:177)
	at org.springframework.web.filter.DelegatingFilterProxy.invokeDelegate(DelegatingFilterProxy.java:346)
	at org.springframework.web.filter.DelegatingFilterProxy.doFilter(DelegatingFilterProxy.java:262)
	at org.apache.catalina.core.ApplicationFilterChain.internalDoFilter(ApplicationFilterChain.java:193)
	at org.apache.catalina.core.ApplicationFilterChain.doFilter(ApplicationFilterChain.java:166)
	at org.springframework.web.filter.RequestContextFilter.doFilterInternal(RequestContextFilter.java:99)
	at org.springframework.web.filter.OncePerRequestFilter.doFilter(OncePerRequestFilter.java:107)
	at org.apache.catalina.core.ApplicationFilterChain.internalDoFilter(ApplicationFilterChain.java:193)
	at org.apache.catalina.core.ApplicationFilterChain.doFilter(ApplicationFilterChain.java:166)
	at org.springframework.web.filter.OncePerRequestFilter.doFilter(OncePerRequestFilter.java:101)
	at org.apache.catalina.core.ApplicationFilterChain.internalDoFilter(ApplicationFilterChain.java:193)
	at org.apache.catalina.core.ApplicationFilterChain.doFilter(ApplicationFilterChain.java:166)
	at org.springframework.web.filter.OncePerRequestFilter.doFilter(OncePerRequestFilter.java:101)
	at org.apache.catalina.core.ApplicationFilterChain.internalDoFilter(ApplicationFilterChain.java:193)
	at org.apache.catalina.core.ApplicationFilterChain.doFilter(ApplicationFilterChain.java:166)
	at org.springframework.web.filter.OncePerRequestFilter.doFilter(OncePerRequestFilter.java:101)
	at org.apache.catalina.core.ApplicationFilterChain.internalDoFilter(ApplicationFilterChain.java:193)
	at org.apache.catalina.core.ApplicationFilterChain.doFilter(ApplicationFilterChain.java:166)
	at org.apache.catalina.core.ApplicationDispatcher.invoke(ApplicationDispatcher.java:728)
	at org.apache.catalina.core.ApplicationDispatcher.doInclude(ApplicationDispatcher.java:590)
	at org.apache.catalina.core.ApplicationDispatcher.include(ApplicationDispatcher.java:524)
	at org.apache.catalina.core.StandardHostValve.custom(StandardHostValve.java:389)
	at org.apache.catalina.core.StandardHostValve.status(StandardHostValve.java:254)
	at org.apache.catalina.core.StandardHostValve.throwable(StandardHostValve.java:349)
	at org.apache.catalina.core.StandardHostValve.invoke(StandardHostValve.java:175)
	at org.apache.catalina.valves.ErrorReportValve.invoke(ErrorReportValve.java:80)
	at org.apache.catalina.core.StandardEngineValve.invoke(StandardEngineValve.java:87)
	at org.apache.catalina.connector.CoyoteAdapter.service(CoyoteAdapter.java:342)
	at org.apache.coyote.http11.Http11Processor.service(Http11Processor.java:799)
	at org.apache.coyote.AbstractProcessorLight.process(AbstractProcessorLight.java:66)
	at org.apache.coyote.AbstractProtocol$ConnectionHandler.process(AbstractProtocol.java:868)
	at org.apache.tomcat.util.net.NioEndpoint$SocketProcessor.doRun(NioEndpoint.java:1455)
	at org.apache.tomcat.util.net.SocketProcessorBase.run(SocketProcessorBase.java:49)
	at java.util.concurrent.ThreadPoolExecutor.runWorker(ThreadPoolExecutor.java:1142)
	at java.util.concurrent.ThreadPoolExecutor$Worker.run(ThreadPoolExecutor.java:617)
	at org.apache.tomcat.util.threads.TaskThread$WrappingRunnable.run(TaskThread.java:61)
	at java.lang.Thread.run(Thread.java:745)
Caused by: java.lang.IllegalStateException: getOutputStream() has already been called for this response
	at org.apache.catalina.connector.Response.getWriter(Response.java:624)
	at org.apache.catalina.connector.ResponseFacade.getWriter(ResponseFacade.java:211)
	at javax.servlet.ServletResponseWrapper.getWriter(ServletResponseWrapper.java:109)
	at javax.servlet.ServletResponseWrapper.getWriter(ServletResponseWrapper.java:109)
	at javax.servlet.ServletResponseWrapper.getWriter(ServletResponseWrapper.java:109)
	at javax.servlet.ServletResponseWrapper.getWriter(ServletResponseWrapper.java:109)
	at org.thymeleaf.spring4.view.ThymeleafView.renderFragment(ThymeleafView.java:335)
	at org.thymeleaf.spring4.view.ThymeleafView.render(ThymeleafView.java:190)
	at org.springframework.web.servlet.DispatcherServlet.render(DispatcherServlet.java:1286)
	at org.springframework.web.servlet.DispatcherServlet.processDispatchResult(DispatcherServlet.java:1041)
	at org.springframework.web.servlet.DispatcherServlet.doDispatch(DispatcherServlet.java:984)
	at org.springframework.web.servlet.DispatcherServlet.doService(DispatcherServlet.java:901)
	at org.springframework.web.servlet.FrameworkServlet.processRequest(FrameworkServlet.java:970)
	... 61 common frames omitted
2018-03-15 20:21:41 -<==    Updates: 1
2018-03-15 20:22:40 -请求地址 : http://127.0.0.1/login
2018-03-15 20:22:40 -HTTP METHOD : POST
2018-03-15 20:22:40 -CLASS_METHOD : com.bootdo.system.controller.LoginController.ajaxLogin
2018-03-15 20:22:40 -参数 : [admin, 111111]
2018-03-15 20:22:40 -==>  Preparing: select `user_id`,`username`,`name`,`password`,`dept_id`,`email`,`mobile`,`status`,`user_id_create`,`gmt_create`,`gmt_modified`,`sex`,`birth`,`pic_id`,`live_address`,`hobby`,`province`,`city`,`district` from sys_user WHERE username = ? order by user_id desc 
2018-03-15 20:22:40 -==> Parameters: admin(String)
2018-03-15 20:22:40 -<==      Total: 1
2018-03-15 20:22:40 -耗时 : 13
2018-03-15 20:22:40 -返回值 : {msg=操作成功, code=0}
2018-03-15 20:22:40 -==>  Preparing: insert into sys_log ( `user_id`, `username`, `operation`, `time`, `method`, `params`, `ip`, `gmt_create` ) values ( ?, ?, ?, ?, ?, ?, ?, ? ) 
2018-03-15 20:22:40 -==> Parameters: 1(Long), admin(String), 登录(String), 13(Integer), com.bootdo.system.controller.LoginController.ajaxLogin()(String), null, 127.0.0.1(String), 2018-03-15 20:22:40.957(Timestamp)
2018-03-15 20:22:40 -请求地址 : http://127.0.0.1/index
2018-03-15 20:22:40 -HTTP METHOD : GET
2018-03-15 20:22:40 -CLASS_METHOD : com.bootdo.system.controller.LoginController.index
2018-03-15 20:22:40 -参数 : [{}]
2018-03-15 20:22:40 -==>  Preparing: select distinct m.menu_id , parent_id, name, url, perms,`type`,icon,order_num,gmt_create, gmt_modified from sys_menu m left join sys_role_menu rm on m.menu_id = rm.menu_id left join sys_user_role ur on rm.role_id =ur.role_id where ur.user_id = ? and m.type in(0,1) order by m.order_num 
2018-03-15 20:22:40 -==> Parameters: 1(Long)
2018-03-15 20:22:41 -<==    Updates: 1
2018-03-15 20:22:41 -<==      Total: 27
2018-03-15 20:22:41 -==>  Preparing: select `id`,`type`,`url`,`create_date` from sys_file where id = ? 
2018-03-15 20:22:41 -==> Parameters: 138(Long)
2018-03-15 20:22:41 -<==      Total: 1
2018-03-15 20:22:41 -耗时 : 79
2018-03-15 20:22:41 -返回值 : index_v1
2018-03-15 20:22:41 -==>  Preparing: insert into sys_log ( `user_id`, `username`, `operation`, `time`, `method`, `params`, `ip`, `gmt_create` ) values ( ?, ?, ?, ?, ?, ?, ?, ? ) 
2018-03-15 20:22:41 -==> Parameters: 1(Long), admin(String), 请求访问主页(String), 79(Integer), com.bootdo.system.controller.LoginController.index()(String), null, 127.0.0.1(String), 2018-03-15 20:22:41.064(Timestamp)
2018-03-15 20:22:41 -<==    Updates: 1
2018-03-15 20:22:41 -请求地址 : http://127.0.0.1/main
2018-03-15 20:22:41 -HTTP METHOD : GET
2018-03-15 20:22:41 -CLASS_METHOD : com.bootdo.system.controller.LoginController.main
2018-03-15 20:22:41 -参数 : []
2018-03-15 20:22:41 -耗时 : 2
2018-03-15 20:22:41 -返回值 : main
2018-03-15 20:22:41 -请求地址 : http://127.0.0.1/oa/notify/message
2018-03-15 20:22:41 -HTTP METHOD : GET
2018-03-15 20:22:41 -CLASS_METHOD : com.bootdo.oa.controller.NotifyController.message
2018-03-15 20:22:41 -参数 : []
2018-03-15 20:22:41 -==>  Preparing: select DISTINCT n.id ,`type`,`title`,`content`,`files`,r.is_read,`status`,`create_by`,`create_date`,`update_by`,`update_date`,`remarks`,`del_flag` from oa_notify_record r right JOIN oa_notify n on r.notify_id = n.id WHERE r.is_read = ? and r.user_id = ? order by is_read ASC, update_date DESC limit ?, ? 
2018-03-15 20:22:41 -==> Parameters: 0(String), 1(Long), 0(Integer), 3(Integer)
2018-03-15 20:22:41 -<==      Total: 0
2018-03-15 20:22:41 -==>  Preparing: select count(*) from oa_notify_record r right JOIN oa_notify n on r.notify_id = n.id where r.user_id =? and r.is_read = ? 
2018-03-15 20:22:41 -==> Parameters: 1(Long), 0(String)
2018-03-15 20:22:41 -<==      Total: 1
2018-03-15 20:22:41 -耗时 : 49
2018-03-15 20:22:41 -返回值 : com.bootdo.common.utils.PageUtils@dd68ff4
2018-03-15 20:22:41 -请求地址 : http://127.0.0.1/main
2018-03-15 20:22:41 -HTTP METHOD : GET
2018-03-15 20:22:41 -CLASS_METHOD : com.bootdo.system.controller.LoginController.main
2018-03-15 20:22:41 -参数 : []
2018-03-15 20:22:41 -耗时 : 0
2018-03-15 20:22:41 -返回值 : main
2018-03-15 20:22:47 -请求地址 : http://127.0.0.1/login
2018-03-15 20:22:47 -HTTP METHOD : POST
2018-03-15 20:22:47 -CLASS_METHOD : com.bootdo.system.controller.LoginController.ajaxLogin
2018-03-15 20:22:47 -参数 : [admin, 111111]
2018-03-15 20:22:47 -==>  Preparing: select `user_id`,`username`,`name`,`password`,`dept_id`,`email`,`mobile`,`status`,`user_id_create`,`gmt_create`,`gmt_modified`,`sex`,`birth`,`pic_id`,`live_address`,`hobby`,`province`,`city`,`district` from sys_user WHERE username = ? order by user_id desc 
2018-03-15 20:22:47 -==> Parameters: admin(String)
2018-03-15 20:22:47 -<==      Total: 1
2018-03-15 20:22:47 -耗时 : 7
2018-03-15 20:22:47 -返回值 : {msg=操作成功, code=0}
2018-03-15 20:22:47 -==>  Preparing: insert into sys_log ( `user_id`, `username`, `operation`, `time`, `method`, `params`, `ip`, `gmt_create` ) values ( ?, ?, ?, ?, ?, ?, ?, ? ) 
2018-03-15 20:22:47 -==> Parameters: 1(Long), admin(String), 登录(String), 7(Integer), com.bootdo.system.controller.LoginController.ajaxLogin()(String), null, 127.0.0.1(String), 2018-03-15 20:22:47.599(Timestamp)
2018-03-15 20:22:47 -请求地址 : http://127.0.0.1/index
2018-03-15 20:22:47 -HTTP METHOD : GET
2018-03-15 20:22:47 -CLASS_METHOD : com.bootdo.system.controller.LoginController.index
2018-03-15 20:22:47 -参数 : [{}]
2018-03-15 20:22:47 -==>  Preparing: select distinct m.menu_id , parent_id, name, url, perms,`type`,icon,order_num,gmt_create, gmt_modified from sys_menu m left join sys_role_menu rm on m.menu_id = rm.menu_id left join sys_user_role ur on rm.role_id =ur.role_id where ur.user_id = ? and m.type in(0,1) order by m.order_num 
2018-03-15 20:22:47 -==> Parameters: 1(Long)
2018-03-15 20:22:47 -<==      Total: 27
2018-03-15 20:22:47 -==>  Preparing: select `id`,`type`,`url`,`create_date` from sys_file where id = ? 
2018-03-15 20:22:47 -==> Parameters: 138(Long)
2018-03-15 20:22:47 -<==    Updates: 1
2018-03-15 20:22:47 -<==      Total: 1
2018-03-15 20:22:47 -耗时 : 43
2018-03-15 20:22:47 -返回值 : index_v1
2018-03-15 20:22:47 -==>  Preparing: insert into sys_log ( `user_id`, `username`, `operation`, `time`, `method`, `params`, `ip`, `gmt_create` ) values ( ?, ?, ?, ?, ?, ?, ?, ? ) 
2018-03-15 20:22:47 -==> Parameters: 1(Long), admin(String), 请求访问主页(String), 43(Integer), com.bootdo.system.controller.LoginController.index()(String), null, 127.0.0.1(String), 2018-03-15 20:22:47.674(Timestamp)
2018-03-15 20:22:47 -<==    Updates: 1
2018-03-15 20:22:47 -请求地址 : http://127.0.0.1/main
2018-03-15 20:22:47 -HTTP METHOD : GET
2018-03-15 20:22:47 -CLASS_METHOD : com.bootdo.system.controller.LoginController.main
2018-03-15 20:22:47 -参数 : []
2018-03-15 20:22:47 -耗时 : 0
2018-03-15 20:22:47 -返回值 : main
2018-03-15 20:22:47 -请求地址 : http://127.0.0.1/oa/notify/message
2018-03-15 20:22:47 -HTTP METHOD : GET
2018-03-15 20:22:47 -CLASS_METHOD : com.bootdo.oa.controller.NotifyController.message
2018-03-15 20:22:47 -参数 : []
2018-03-15 20:22:47 -==>  Preparing: select DISTINCT n.id ,`type`,`title`,`content`,`files`,r.is_read,`status`,`create_by`,`create_date`,`update_by`,`update_date`,`remarks`,`del_flag` from oa_notify_record r right JOIN oa_notify n on r.notify_id = n.id WHERE r.is_read = ? and r.user_id = ? order by is_read ASC, update_date DESC limit ?, ? 
2018-03-15 20:22:47 -==> Parameters: 0(String), 1(Long), 0(Integer), 3(Integer)
2018-03-15 20:22:47 -<==      Total: 0
2018-03-15 20:22:47 -==>  Preparing: select count(*) from oa_notify_record r right JOIN oa_notify n on r.notify_id = n.id where r.user_id =? and r.is_read = ? 
2018-03-15 20:22:47 -==> Parameters: 1(Long), 0(String)
2018-03-15 20:22:47 -<==      Total: 1
2018-03-15 20:22:47 -耗时 : 55
2018-03-15 20:22:47 -返回值 : com.bootdo.common.utils.PageUtils@5681e62d
2018-03-15 20:22:47 -请求地址 : http://127.0.0.1/main
2018-03-15 20:22:47 -HTTP METHOD : GET
2018-03-15 20:22:47 -CLASS_METHOD : com.bootdo.system.controller.LoginController.main
2018-03-15 20:22:47 -参数 : []
2018-03-15 20:22:47 -耗时 : 0
2018-03-15 20:22:47 -返回值 : main
2018-03-15 20:22:55 -请求地址 : http://127.0.0.1/login
2018-03-15 20:22:55 -HTTP METHOD : POST
2018-03-15 20:22:55 -CLASS_METHOD : com.bootdo.system.controller.LoginController.ajaxLogin
2018-03-15 20:22:55 -参数 : [admin, 111111]
2018-03-15 20:22:55 -==>  Preparing: select `user_id`,`username`,`name`,`password`,`dept_id`,`email`,`mobile`,`status`,`user_id_create`,`gmt_create`,`gmt_modified`,`sex`,`birth`,`pic_id`,`live_address`,`hobby`,`province`,`city`,`district` from sys_user WHERE username = ? order by user_id desc 
2018-03-15 20:22:55 -==> Parameters: admin(String)
2018-03-15 20:22:55 -<==      Total: 1
2018-03-15 20:22:55 -耗时 : 36
2018-03-15 20:22:55 -返回值 : {msg=操作成功, code=0}
2018-03-15 20:22:55 -==>  Preparing: insert into sys_log ( `user_id`, `username`, `operation`, `time`, `method`, `params`, `ip`, `gmt_create` ) values ( ?, ?, ?, ?, ?, ?, ?, ? ) 
2018-03-15 20:22:55 -==> Parameters: 1(Long), admin(String), 登录(String), 37(Integer), com.bootdo.system.controller.LoginController.ajaxLogin()(String), null, 127.0.0.1(String), 2018-03-15 20:22:55.956(Timestamp)
2018-03-15 20:22:56 -请求地址 : http://127.0.0.1/index
2018-03-15 20:22:56 -HTTP METHOD : GET
2018-03-15 20:22:56 -CLASS_METHOD : com.bootdo.system.controller.LoginController.index
2018-03-15 20:22:56 -参数 : [{}]
2018-03-15 20:22:56 -==>  Preparing: select distinct m.menu_id , parent_id, name, url, perms,`type`,icon,order_num,gmt_create, gmt_modified from sys_menu m left join sys_role_menu rm on m.menu_id = rm.menu_id left join sys_user_role ur on rm.role_id =ur.role_id where ur.user_id = ? and m.type in(0,1) order by m.order_num 
2018-03-15 20:22:56 -==> Parameters: 1(Long)
2018-03-15 20:22:56 -<==    Updates: 1
2018-03-15 20:22:56 -<==      Total: 27
2018-03-15 20:22:56 -==>  Preparing: select `id`,`type`,`url`,`create_date` from sys_file where id = ? 
2018-03-15 20:22:56 -==> Parameters: 138(Long)
2018-03-15 20:22:56 -<==      Total: 1
2018-03-15 20:22:56 -耗时 : 20
2018-03-15 20:22:56 -返回值 : index_v1
2018-03-15 20:22:56 -==>  Preparing: insert into sys_log ( `user_id`, `username`, `operation`, `time`, `method`, `params`, `ip`, `gmt_create` ) values ( ?, ?, ?, ?, ?, ?, ?, ? ) 
2018-03-15 20:22:56 -==> Parameters: 1(Long), admin(String), 请求访问主页(String), 20(Integer), com.bootdo.system.controller.LoginController.index()(String), null, 127.0.0.1(String), 2018-03-15 20:22:56.025(Timestamp)
2018-03-15 20:22:56 -<==    Updates: 1
2018-03-15 20:22:56 -请求地址 : http://127.0.0.1/main
2018-03-15 20:22:56 -HTTP METHOD : GET
2018-03-15 20:22:56 -CLASS_METHOD : com.bootdo.system.controller.LoginController.main
2018-03-15 20:22:56 -参数 : []
2018-03-15 20:22:56 -耗时 : 1
2018-03-15 20:22:56 -返回值 : main
2018-03-15 20:22:56 -请求地址 : http://127.0.0.1/oa/notify/message
2018-03-15 20:22:56 -HTTP METHOD : GET
2018-03-15 20:22:56 -CLASS_METHOD : com.bootdo.oa.controller.NotifyController.message
2018-03-15 20:22:56 -参数 : []
2018-03-15 20:22:56 -==>  Preparing: select DISTINCT n.id ,`type`,`title`,`content`,`files`,r.is_read,`status`,`create_by`,`create_date`,`update_by`,`update_date`,`remarks`,`del_flag` from oa_notify_record r right JOIN oa_notify n on r.notify_id = n.id WHERE r.is_read = ? and r.user_id = ? order by is_read ASC, update_date DESC limit ?, ? 
2018-03-15 20:22:56 -==> Parameters: 0(String), 1(Long), 0(Integer), 3(Integer)
2018-03-15 20:22:56 -<==      Total: 0
2018-03-15 20:22:56 -==>  Preparing: select count(*) from oa_notify_record r right JOIN oa_notify n on r.notify_id = n.id where r.user_id =? and r.is_read = ? 
2018-03-15 20:22:56 -==> Parameters: 1(Long), 0(String)
2018-03-15 20:22:56 -<==      Total: 1
2018-03-15 20:22:56 -耗时 : 12
2018-03-15 20:22:56 -返回值 : com.bootdo.common.utils.PageUtils@8c99d09
2018-03-15 20:22:56 -请求地址 : http://127.0.0.1/main
2018-03-15 20:22:56 -HTTP METHOD : GET
2018-03-15 20:22:56 -CLASS_METHOD : com.bootdo.system.controller.LoginController.main
2018-03-15 20:22:56 -参数 : []
2018-03-15 20:22:56 -耗时 : 1
2018-03-15 20:22:56 -返回值 : main
2018-03-15 20:23:30 -请求地址 : http://127.0.0.1/login
2018-03-15 20:23:30 -HTTP METHOD : POST
2018-03-15 20:23:30 -CLASS_METHOD : com.bootdo.system.controller.LoginController.ajaxLogin
2018-03-15 20:23:30 -参数 : [admin, 111111]
2018-03-15 20:23:30 -==>  Preparing: select `user_id`,`username`,`name`,`password`,`dept_id`,`email`,`mobile`,`status`,`user_id_create`,`gmt_create`,`gmt_modified`,`sex`,`birth`,`pic_id`,`live_address`,`hobby`,`province`,`city`,`district` from sys_user WHERE username = ? order by user_id desc 
2018-03-15 20:23:30 -==> Parameters: admin(String)
2018-03-15 20:23:30 -<==      Total: 1
2018-03-15 20:23:30 -耗时 : 8
2018-03-15 20:23:30 -返回值 : {msg=操作成功, code=0}
2018-03-15 20:23:30 -==>  Preparing: insert into sys_log ( `user_id`, `username`, `operation`, `time`, `method`, `params`, `ip`, `gmt_create` ) values ( ?, ?, ?, ?, ?, ?, ?, ? ) 
2018-03-15 20:23:30 -==> Parameters: 1(Long), admin(String), 登录(String), 9(Integer), com.bootdo.system.controller.LoginController.ajaxLogin()(String), null, 127.0.0.1(String), 2018-03-15 20:23:30.899(Timestamp)
2018-03-15 20:23:30 -请求地址 : http://127.0.0.1/index
2018-03-15 20:23:30 -HTTP METHOD : GET
2018-03-15 20:23:30 -CLASS_METHOD : com.bootdo.system.controller.LoginController.index
2018-03-15 20:23:30 -参数 : [{}]
2018-03-15 20:23:30 -==>  Preparing: select distinct m.menu_id , parent_id, name, url, perms,`type`,icon,order_num,gmt_create, gmt_modified from sys_menu m left join sys_role_menu rm on m.menu_id = rm.menu_id left join sys_user_role ur on rm.role_id =ur.role_id where ur.user_id = ? and m.type in(0,1) order by m.order_num 
2018-03-15 20:23:30 -==> Parameters: 1(Long)
2018-03-15 20:23:30 -<==    Updates: 1
2018-03-15 20:23:30 -<==      Total: 27
2018-03-15 20:23:30 -==>  Preparing: select `id`,`type`,`url`,`create_date` from sys_file where id = ? 
2018-03-15 20:23:30 -==> Parameters: 138(Long)
2018-03-15 20:23:30 -<==      Total: 1
2018-03-15 20:23:30 -耗时 : 52
2018-03-15 20:23:30 -返回值 : index_v1
2018-03-15 20:23:30 -==>  Preparing: insert into sys_log ( `user_id`, `username`, `operation`, `time`, `method`, `params`, `ip`, `gmt_create` ) values ( ?, ?, ?, ?, ?, ?, ?, ? ) 
2018-03-15 20:23:30 -==> Parameters: 1(Long), admin(String), 请求访问主页(String), 53(Integer), com.bootdo.system.controller.LoginController.index()(String), null, 127.0.0.1(String), 2018-03-15 20:23:30.982(Timestamp)
2018-03-15 20:23:31 -请求地址 : http://127.0.0.1/main
2018-03-15 20:23:31 -HTTP METHOD : GET
2018-03-15 20:23:31 -CLASS_METHOD : com.bootdo.system.controller.LoginController.main
2018-03-15 20:23:31 -参数 : []
2018-03-15 20:23:31 -耗时 : 0
2018-03-15 20:23:31 -返回值 : main
2018-03-15 20:23:31 -<==    Updates: 1
2018-03-15 20:23:31 -请求地址 : http://127.0.0.1/oa/notify/message
2018-03-15 20:23:31 -HTTP METHOD : GET
2018-03-15 20:23:31 -CLASS_METHOD : com.bootdo.oa.controller.NotifyController.message
2018-03-15 20:23:31 -参数 : []
2018-03-15 20:23:31 -==>  Preparing: select DISTINCT n.id ,`type`,`title`,`content`,`files`,r.is_read,`status`,`create_by`,`create_date`,`update_by`,`update_date`,`remarks`,`del_flag` from oa_notify_record r right JOIN oa_notify n on r.notify_id = n.id WHERE r.is_read = ? and r.user_id = ? order by is_read ASC, update_date DESC limit ?, ? 
2018-03-15 20:23:31 -==> Parameters: 0(String), 1(Long), 0(Integer), 3(Integer)
2018-03-15 20:23:31 -<==      Total: 0
2018-03-15 20:23:31 -==>  Preparing: select count(*) from oa_notify_record r right JOIN oa_notify n on r.notify_id = n.id where r.user_id =? and r.is_read = ? 
2018-03-15 20:23:31 -==> Parameters: 1(Long), 0(String)
2018-03-15 20:23:31 -<==      Total: 1
2018-03-15 20:23:31 -耗时 : 10
2018-03-15 20:23:31 -返回值 : com.bootdo.common.utils.PageUtils@6a2c2e5f
2018-03-15 20:23:31 -请求地址 : http://127.0.0.1/main
2018-03-15 20:23:31 -HTTP METHOD : GET
2018-03-15 20:23:31 -CLASS_METHOD : com.bootdo.system.controller.LoginController.main
2018-03-15 20:23:31 -参数 : []
2018-03-15 20:23:31 -耗时 : 1
2018-03-15 20:23:31 -返回值 : main
2018-03-15 20:25:43 -请求地址 : http://127.0.0.1/blog
2018-03-15 20:25:43 -HTTP METHOD : GET
2018-03-15 20:25:43 -CLASS_METHOD : com.bootdo.blog.controller.BlogController.blog
2018-03-15 20:25:43 -参数 : []
2018-03-15 20:25:43 -耗时 : 0
2018-03-15 20:25:43 -返回值 : blog/index/main
2018-03-15 20:25:44 -请求地址 : http://127.0.0.1/blog/open/list
2018-03-15 20:25:44 -HTTP METHOD : GET
2018-03-15 20:25:44 -CLASS_METHOD : com.bootdo.blog.controller.BlogController.opentList
2018-03-15 20:25:44 -参数 : [{type=article, limit=10, offset=0}]
2018-03-15 20:25:44 -==>  Preparing: select `cid`,`title`,`slug`,`created`,`modified`,`content`,`type`,`tags`,`categories`,`hits`,`comments_num`,`allow_comment`,`allow_ping`,`allow_feed`,`status`,`author`,`gtm_create`,`gtm_modified` from blog_content WHERE type = ? order by cid desc limit 0, 10 
2018-03-15 20:25:44 -==> Parameters: article(String)
2018-03-15 20:25:45 -<==      Total: 10
2018-03-15 20:25:45 -==>  Preparing: select count(*) from blog_content WHERE type = ? 
2018-03-15 20:25:45 -==> Parameters: article(String)
2018-03-15 20:25:45 -<==      Total: 1
2018-03-15 20:25:45 -耗时 : 1008
2018-03-15 20:25:45 -返回值 : com.bootdo.common.utils.PageUtils@3ffebcd5
2018-03-15 20:25:48 -请求地址 : http://127.0.0.1/
2018-03-15 20:25:48 -HTTP METHOD : GET
2018-03-15 20:25:48 -CLASS_METHOD : com.bootdo.system.controller.LoginController.welcome
2018-03-15 20:25:48 -参数 : [{}]
2018-03-15 20:25:48 -耗时 : 0
2018-03-15 20:25:48 -返回值 : redirect:/blog
2018-03-15 20:25:49 -请求地址 : http://127.0.0.1/blog
2018-03-15 20:25:49 -HTTP METHOD : GET
2018-03-15 20:25:49 -CLASS_METHOD : com.bootdo.blog.controller.BlogController.blog
2018-03-15 20:25:49 -参数 : []
2018-03-15 20:25:49 -耗时 : 1
2018-03-15 20:25:49 -返回值 : blog/index/main
2018-03-15 20:25:49 -请求地址 : http://127.0.0.1/blog/open/list
2018-03-15 20:25:49 -HTTP METHOD : GET
2018-03-15 20:25:49 -CLASS_METHOD : com.bootdo.blog.controller.BlogController.opentList
2018-03-15 20:25:49 -参数 : [{type=article, limit=10, offset=0}]
2018-03-15 20:25:49 -==>  Preparing: select `cid`,`title`,`slug`,`created`,`modified`,`content`,`type`,`tags`,`categories`,`hits`,`comments_num`,`allow_comment`,`allow_ping`,`allow_feed`,`status`,`author`,`gtm_create`,`gtm_modified` from blog_content WHERE type = ? order by cid desc limit 0, 10 
2018-03-15 20:25:49 -==> Parameters: article(String)
2018-03-15 20:25:49 -<==      Total: 10
2018-03-15 20:25:49 -==>  Preparing: select count(*) from blog_content WHERE type = ? 
2018-03-15 20:25:49 -==> Parameters: article(String)
2018-03-15 20:25:49 -<==      Total: 1
2018-03-15 20:25:49 -耗时 : 38
2018-03-15 20:25:49 -返回值 : com.bootdo.common.utils.PageUtils@2ad26b3d
2018-03-15 20:25:59 -请求地址 : http://127.0.0.1/blog/open/post/109
2018-03-15 20:25:59 -HTTP METHOD : GET
2018-03-15 20:25:59 -CLASS_METHOD : com.bootdo.blog.controller.BlogController.post
2018-03-15 20:25:59 -参数 : [109, {}]
2018-03-15 20:25:59 -==>  Preparing: select `cid`,`title`,`slug`,`created`,`modified`,`content`,`type`,`tags`,`categories`,`hits`,`comments_num`,`allow_comment`,`allow_ping`,`allow_feed`,`status`,`author`,`gtm_create`,`gtm_modified` from blog_content where cid = ? 
2018-03-15 20:25:59 -==> Parameters: 109(Long)
2018-03-15 20:25:59 -<==      Total: 1
2018-03-15 20:25:59 -耗时 : 131
2018-03-15 20:25:59 -返回值 : blog/index/post
2018-03-15 20:32:27 -请求地址 : http://127.0.0.1/
2018-03-15 20:32:27 -HTTP METHOD : GET
2018-03-15 20:32:27 -CLASS_METHOD : com.bootdo.system.controller.LoginController.welcome
2018-03-15 20:32:27 -参数 : [{}]
2018-03-15 20:32:27 -耗时 : 1
2018-03-15 20:32:27 -返回值 : redirect:/blog
2018-03-15 20:32:27 -请求地址 : http://127.0.0.1/blog
2018-03-15 20:32:27 -HTTP METHOD : GET
2018-03-15 20:32:27 -CLASS_METHOD : com.bootdo.blog.controller.BlogController.blog
2018-03-15 20:32:27 -参数 : []
2018-03-15 20:32:27 -耗时 : 0
2018-03-15 20:32:27 -返回值 : blog/index/main
2018-03-15 20:32:27 -请求地址 : http://127.0.0.1/blog/open/list
2018-03-15 20:32:27 -HTTP METHOD : GET
2018-03-15 20:32:27 -CLASS_METHOD : com.bootdo.blog.controller.BlogController.opentList
2018-03-15 20:32:27 -参数 : [{type=article, limit=10, offset=0}]
2018-03-15 20:32:27 -==>  Preparing: select `cid`,`title`,`slug`,`created`,`modified`,`content`,`type`,`tags`,`categories`,`hits`,`comments_num`,`allow_comment`,`allow_ping`,`allow_feed`,`status`,`author`,`gtm_create`,`gtm_modified` from blog_content WHERE type = ? order by cid desc limit 0, 10 
2018-03-15 20:32:27 -==> Parameters: article(String)
2018-03-15 20:32:27 -<==      Total: 10
2018-03-15 20:32:27 -==>  Preparing: select count(*) from blog_content WHERE type = ? 
2018-03-15 20:32:27 -==> Parameters: article(String)
2018-03-15 20:32:27 -<==      Total: 1
2018-03-15 20:32:27 -耗时 : 49
2018-03-15 20:32:27 -返回值 : com.bootdo.common.utils.PageUtils@a4da5f8
2018-03-15 20:32:39 -请求地址 : http://127.0.0.1/blog/open/post/112
2018-03-15 20:32:39 -HTTP METHOD : GET
2018-03-15 20:32:39 -CLASS_METHOD : com.bootdo.blog.controller.BlogController.post
2018-03-15 20:32:39 -参数 : [112, {}]
2018-03-15 20:32:39 -==>  Preparing: select `cid`,`title`,`slug`,`created`,`modified`,`content`,`type`,`tags`,`categories`,`hits`,`comments_num`,`allow_comment`,`allow_ping`,`allow_feed`,`status`,`author`,`gtm_create`,`gtm_modified` from blog_content where cid = ? 
2018-03-15 20:32:39 -==> Parameters: 112(Long)
2018-03-15 20:32:39 -<==      Total: 1
2018-03-15 20:32:39 -耗时 : 5
2018-03-15 20:32:39 -返回值 : blog/index/post
2018-03-15 20:45:38 -请求地址 : http://127.0.0.1/login
2018-03-15 20:45:38 -HTTP METHOD : GET
2018-03-15 20:45:38 -CLASS_METHOD : com.bootdo.system.controller.LoginController.login
2018-03-15 20:45:38 -参数 : []
2018-03-15 20:45:38 -耗时 : 0
2018-03-15 20:45:38 -返回值 : login
2018-03-15 20:45:51 -请求地址 : http://127.0.0.1/
2018-03-15 20:45:51 -HTTP METHOD : GET
2018-03-15 20:45:51 -CLASS_METHOD : com.bootdo.system.controller.LoginController.welcome
2018-03-15 20:45:51 -参数 : [{}]
2018-03-15 20:45:51 -耗时 : 1
2018-03-15 20:45:51 -返回值 : redirect:/blog
2018-03-15 20:45:51 -请求地址 : http://127.0.0.1/blog
2018-03-15 20:45:51 -HTTP METHOD : GET
2018-03-15 20:45:51 -CLASS_METHOD : com.bootdo.blog.controller.BlogController.blog
2018-03-15 20:45:51 -参数 : []
2018-03-15 20:45:51 -耗时 : 0
2018-03-15 20:45:51 -返回值 : blog/index/main
2018-03-15 20:45:51 -请求地址 : http://127.0.0.1/blog/open/list
2018-03-15 20:45:51 -HTTP METHOD : GET
2018-03-15 20:45:51 -CLASS_METHOD : com.bootdo.blog.controller.BlogController.opentList
2018-03-15 20:45:51 -参数 : [{type=article, limit=10, offset=0}]
2018-03-15 20:45:51 -==>  Preparing: select `cid`,`title`,`slug`,`created`,`modified`,`content`,`type`,`tags`,`categories`,`hits`,`comments_num`,`allow_comment`,`allow_ping`,`allow_feed`,`status`,`author`,`gtm_create`,`gtm_modified` from blog_content WHERE type = ? order by cid desc limit 0, 10 
2018-03-15 20:45:51 -==> Parameters: article(String)
2018-03-15 20:45:51 -<==      Total: 10
2018-03-15 20:45:51 -==>  Preparing: select count(*) from blog_content WHERE type = ? 
2018-03-15 20:45:51 -==> Parameters: article(String)
2018-03-15 20:45:51 -<==      Total: 1
2018-03-15 20:45:51 -耗时 : 28
2018-03-15 20:45:51 -返回值 : com.bootdo.common.utils.PageUtils@27162f2d
2018-03-15 20:46:10 -请求地址 : http://127.0.0.1/blog/open/post/75
2018-03-15 20:46:10 -HTTP METHOD : GET
2018-03-15 20:46:10 -CLASS_METHOD : com.bootdo.blog.controller.BlogController.post
2018-03-15 20:46:10 -参数 : [75, {}]
2018-03-15 20:46:10 -==>  Preparing: select `cid`,`title`,`slug`,`created`,`modified`,`content`,`type`,`tags`,`categories`,`hits`,`comments_num`,`allow_comment`,`allow_ping`,`allow_feed`,`status`,`author`,`gtm_create`,`gtm_modified` from blog_content where cid = ? 
2018-03-15 20:46:10 -==> Parameters: 75(Long)
2018-03-15 20:46:10 -<==      Total: 1
2018-03-15 20:46:10 -耗时 : 10
2018-03-15 20:46:10 -返回值 : blog/index/post
2018-03-15 21:03:53 -请求地址 : http://127.0.0.1/oa/notify/selfNotify
2018-03-15 21:03:53 -HTTP METHOD : GET
2018-03-15 21:03:53 -CLASS_METHOD : com.bootdo.oa.controller.NotifyController.selefNotify
2018-03-15 21:03:53 -参数 : []
2018-03-15 21:03:53 -耗时 : 0
2018-03-15 21:03:53 -返回值 : oa/notify/selfNotify
2018-03-15 21:03:53 -==>  Preparing: select distinct m.perms from sys_menu m left join sys_role_menu rm on m.menu_id = rm.menu_id left join sys_user_role ur on rm.role_id = ur.role_id where ur.user_id = ? 
2018-03-15 21:03:53 -==> Parameters: 1(Long)
2018-03-15 21:03:53 -<==      Total: 47
2018-03-15 21:03:54 -请求地址 : http://127.0.0.1/oa/notify/selfList
2018-03-15 21:03:54 -HTTP METHOD : GET
2018-03-15 21:03:54 -CLASS_METHOD : com.bootdo.oa.controller.NotifyController.selfList
2018-03-15 21:03:54 -参数 : [{limit=10, offset=0}]
2018-03-15 21:03:54 -==>  Preparing: select DISTINCT n.id ,`type`,`title`,`content`,`files`,r.is_read,`status`,`create_by`,`create_date`,`update_by`,`update_date`,`remarks`,`del_flag` from oa_notify_record r right JOIN oa_notify n on r.notify_id = n.id WHERE r.user_id = ? order by is_read ASC, update_date DESC limit ?, ? 
2018-03-15 21:03:54 -==> Parameters: 1(Long), 0(Integer), 10(Integer)
2018-03-15 21:03:54 -<==      Total: 5
2018-03-15 21:03:54 -==>  Preparing: select `user_id`,`username`,`name`,`password`,`dept_id`,`email`,`mobile`,`status`,`user_id_create`,`gmt_create`,`gmt_modified`,`sex`,`birth`,`pic_id`,`live_address`,`hobby`,`province`,`city`,`district` from sys_user where user_id = ? 
2018-03-15 21:03:54 -==> Parameters: 1(Long)
2018-03-15 21:03:54 -<==      Total: 1
2018-03-15 21:03:54 -==>  Preparing: select `user_id`,`username`,`name`,`password`,`dept_id`,`email`,`mobile`,`status`,`user_id_create`,`gmt_create`,`gmt_modified`,`sex`,`birth`,`pic_id`,`live_address`,`hobby`,`province`,`city`,`district` from sys_user where user_id = ? 
2018-03-15 21:03:54 -==> Parameters: 1(Long)
2018-03-15 21:03:54 -<==      Total: 1
2018-03-15 21:03:54 -==>  Preparing: select `user_id`,`username`,`name`,`password`,`dept_id`,`email`,`mobile`,`status`,`user_id_create`,`gmt_create`,`gmt_modified`,`sex`,`birth`,`pic_id`,`live_address`,`hobby`,`province`,`city`,`district` from sys_user where user_id = ? 
2018-03-15 21:03:54 -==> Parameters: 1(Long)
2018-03-15 21:03:54 -<==      Total: 1
2018-03-15 21:03:54 -==>  Preparing: select `user_id`,`username`,`name`,`password`,`dept_id`,`email`,`mobile`,`status`,`user_id_create`,`gmt_create`,`gmt_modified`,`sex`,`birth`,`pic_id`,`live_address`,`hobby`,`province`,`city`,`district` from sys_user where user_id = ? 
2018-03-15 21:03:54 -==> Parameters: 1(Long)
2018-03-15 21:03:54 -<==      Total: 1
2018-03-15 21:03:54 -==>  Preparing: select `user_id`,`username`,`name`,`password`,`dept_id`,`email`,`mobile`,`status`,`user_id_create`,`gmt_create`,`gmt_modified`,`sex`,`birth`,`pic_id`,`live_address`,`hobby`,`province`,`city`,`district` from sys_user where user_id = ? 
2018-03-15 21:03:54 -==> Parameters: 1(Long)
2018-03-15 21:03:54 -<==      Total: 1
2018-03-15 21:03:54 -==>  Preparing: select count(*) from oa_notify_record r right JOIN oa_notify n on r.notify_id = n.id where r.user_id =? and r.is_read = ? 
2018-03-15 21:03:54 -==> Parameters: 1(Long), null
2018-03-15 21:03:54 -<==      Total: 1
2018-03-15 21:03:54 -耗时 : 266
2018-03-15 21:03:54 -返回值 : com.bootdo.common.utils.PageUtils@3d09a7c9
2018-03-15 21:04:02 -请求地址 : http://127.0.0.1/oa/notify/read/45
2018-03-15 21:04:02 -HTTP METHOD : GET
2018-03-15 21:04:02 -CLASS_METHOD : com.bootdo.oa.controller.NotifyController.read
2018-03-15 21:04:02 -参数 : [45, {}]
2018-03-15 21:04:02 -==>  Preparing: select `id`,`type`,`title`,`content`,`files`,`status`,`create_by`,`create_date`,`update_by`,`update_date`,`remarks`,`del_flag` from oa_notify where id = ? 
2018-03-15 21:04:02 -==> Parameters: 45(Long)
2018-03-15 21:04:02 -<==      Total: 1
2018-03-15 21:04:02 -==>  Preparing: select `id`,`name`,`value`,`type`,`description`,`sort`,`parent_id`,`create_by`,`create_date`,`update_by`,`update_date`,`remarks`,`del_flag` from sys_dict WHERE value = ? and type = ? order by id desc 
2018-03-15 21:04:02 -==> Parameters: 3(String), oa_notify_type(String)
2018-03-15 21:04:02 -<==      Total: 1
2018-03-15 21:04:02 -==>  Preparing: update oa_notify_record SET `is_read` = ?, `read_date` = ? where notify_id = ? and user_id = ? 
2018-03-15 21:04:02 -==> Parameters: 1(Integer), 2018-03-15 21:04:02.463(Timestamp), 45(Long), 1(Long)
2018-03-15 21:04:02 -<==    Updates: 1
2018-03-15 21:04:02 -耗时 : 370
2018-03-15 21:04:02 -返回值 : oa/notify/read
