2018-03-20 16:22:29 -Starting BootdoApplication on yangl with PID 5776 (F:\myStudyWorkspace\bootdo\bootdo\target\classes started by Administrator in F:\myStudyWorkspace\bootdo\bootdo)
2018-03-20 16:22:29 -Running with Spring Boot v1.5.6.RELEASE, Spring v4.3.10.RELEASE
2018-03-20 16:22:29 -The following profiles are active: dev
2018-03-20 16:22:55 -ApplicationContext registed-->org.springframework.boot.context.embedded.AnnotationConfigEmbeddedWebApplicationContext@3a44431a: startup date [Tue Mar 20 16:22:31 CST 2018]; root of context hierarchy
2018-03-20 16:23:09 -==>  Preparing: select `id`,`cron_expression`,`method_name`,`is_concurrent`,`description`,`update_by`,`bean_class`,`create_date`,`job_status`,`job_group`,`update_date`,`create_by`,`spring_bean`,`job_name` from sys_task order by id desc 
2018-03-20 16:23:09 -==> Parameters: 
2018-03-20 16:23:09 -<==      Total: 1
2018-03-20 16:23:09 -Started BootdoApplication in 43.123 seconds (JVM running for 45.538)
2018-03-20 16:30:35 -请求地址 : http://127.0.0.1/
2018-03-20 16:30:35 -HTTP METHOD : GET
2018-03-20 16:30:35 -CLASS_METHOD : com.bootdo.system.controller.LoginController.welcome
2018-03-20 16:30:35 -参数 : [{}]
2018-03-20 16:30:35 -耗时 : 8
2018-03-20 16:30:35 -返回值 : redirect:/blog
2018-03-20 16:30:35 -请求地址 : http://127.0.0.1/blog
2018-03-20 16:30:35 -HTTP METHOD : GET
2018-03-20 16:30:35 -CLASS_METHOD : com.bootdo.blog.controller.BlogController.blog
2018-03-20 16:30:35 -参数 : []
2018-03-20 16:30:35 -耗时 : 1
2018-03-20 16:30:35 -返回值 : blog/index/main
2018-03-20 16:30:36 -请求地址 : http://127.0.0.1/blog/open/list
2018-03-20 16:30:36 -HTTP METHOD : GET
2018-03-20 16:30:36 -CLASS_METHOD : com.bootdo.blog.controller.BlogController.opentList
2018-03-20 16:30:36 -参数 : [{type=article, limit=10, offset=0}]
2018-03-20 16:30:36 -==>  Preparing: select `cid`,`title`,`slug`,`created`,`modified`,`content`,`type`,`tags`,`categories`,`hits`,`comments_num`,`allow_comment`,`allow_ping`,`allow_feed`,`status`,`author`,`gtm_create`,`gtm_modified` from blog_content WHERE type = ? order by cid desc limit 0, 10 
2018-03-20 16:30:36 -==> Parameters: article(String)
2018-03-20 16:30:36 -请求地址 : http://127.0.0.1/login;JSESSIONID=f2a41b2a-5882-4596-85ce-fe47b910dea6
2018-03-20 16:30:36 -HTTP METHOD : GET
2018-03-20 16:30:36 -CLASS_METHOD : com.bootdo.system.controller.LoginController.login
2018-03-20 16:30:36 -参数 : []
2018-03-20 16:30:36 -耗时 : 1
2018-03-20 16:30:36 -返回值 : login
2018-03-20 16:30:37 -<==      Total: 10
2018-03-20 16:30:37 -==>  Preparing: select count(*) from blog_content WHERE type = ? 
2018-03-20 16:30:37 -==> Parameters: article(String)
2018-03-20 16:30:37 -<==      Total: 1
2018-03-20 16:30:37 -耗时 : 433
2018-03-20 16:30:37 -返回值 : com.bootdo.common.utils.PageUtils@5fb433b
2018-03-20 16:30:38 -请求地址 : http://127.0.0.1/login
2018-03-20 16:30:38 -HTTP METHOD : GET
2018-03-20 16:30:38 -CLASS_METHOD : com.bootdo.system.controller.LoginController.login
2018-03-20 16:30:38 -参数 : []
2018-03-20 16:30:38 -耗时 : 1
2018-03-20 16:30:38 -返回值 : login
2018-03-20 16:30:38 -请求地址 : http://127.0.0.1/login
2018-03-20 16:30:38 -HTTP METHOD : GET
2018-03-20 16:30:38 -CLASS_METHOD : com.bootdo.system.controller.LoginController.login
2018-03-20 16:30:38 -参数 : []
2018-03-20 16:30:38 -耗时 : 0
2018-03-20 16:30:38 -返回值 : login
2018-03-20 16:30:40 -==>  Preparing: select `user_id`,`username`,`name`,`password`,`dept_id`,`email`,`mobile`,`status`,`user_id_create`,`gmt_create`,`gmt_modified`,`sex`,`birth`,`pic_id`,`live_address`,`hobby`,`province`,`city`,`district` from sys_user WHERE username = ? order by user_id desc 
2018-03-20 16:30:40 -==> Parameters: admin(String)
2018-03-20 16:30:40 -<==      Total: 1
2018-03-20 16:30:40 -请求地址 : http://127.0.0.1/login
2018-03-20 16:30:40 -HTTP METHOD : POST
2018-03-20 16:30:40 -CLASS_METHOD : com.bootdo.system.controller.LoginController.ajaxLogin
2018-03-20 16:30:40 -参数 : [admin, 111111]
2018-03-20 16:30:40 -==>  Preparing: select `user_id`,`username`,`name`,`password`,`dept_id`,`email`,`mobile`,`status`,`user_id_create`,`gmt_create`,`gmt_modified`,`sex`,`birth`,`pic_id`,`live_address`,`hobby`,`province`,`city`,`district` from sys_user WHERE username = ? order by user_id desc 
2018-03-20 16:30:40 -==> Parameters: admin(String)
2018-03-20 16:30:40 -<==      Total: 1
2018-03-20 16:30:40 -耗时 : 32
2018-03-20 16:30:40 -返回值 : {msg=操作成功, code=0}
2018-03-20 16:30:40 -==>  Preparing: insert into sys_log ( `user_id`, `username`, `operation`, `time`, `method`, `params`, `ip`, `gmt_create` ) values ( ?, ?, ?, ?, ?, ?, ?, ? ) 
2018-03-20 16:30:40 -==> Parameters: 1(Long), admin(String), 登录(String), 33(Integer), com.bootdo.system.controller.LoginController.ajaxLogin()(String), null, 127.0.0.1(String), 2018-03-20 16:30:40.403(Timestamp)
2018-03-20 16:30:40 -请求地址 : http://127.0.0.1/index
2018-03-20 16:30:40 -HTTP METHOD : GET
2018-03-20 16:30:40 -CLASS_METHOD : com.bootdo.system.controller.LoginController.index
2018-03-20 16:30:40 -参数 : [{}]
2018-03-20 16:30:40 -==>  Preparing: select distinct m.menu_id , parent_id, name, url, perms,`type`,icon,order_num,gmt_create, gmt_modified from sys_menu m left join sys_role_menu rm on m.menu_id = rm.menu_id left join sys_user_role ur on rm.role_id =ur.role_id where ur.user_id = ? and m.type in(0,1) order by m.order_num 
2018-03-20 16:30:40 -<==    Updates: 1
2018-03-20 16:30:40 -==> Parameters: 1(Long)
2018-03-20 16:30:40 -<==      Total: 27
2018-03-20 16:30:40 -==>  Preparing: select `id`,`type`,`url`,`create_date` from sys_file where id = ? 
2018-03-20 16:30:40 -==> Parameters: 138(Long)
2018-03-20 16:30:40 -<==      Total: 1
2018-03-20 16:30:40 -耗时 : 447
2018-03-20 16:30:40 -返回值 : index_v1
2018-03-20 16:30:41 -==>  Preparing: insert into sys_log ( `user_id`, `username`, `operation`, `time`, `method`, `params`, `ip`, `gmt_create` ) values ( ?, ?, ?, ?, ?, ?, ?, ? ) 
2018-03-20 16:30:41 -==> Parameters: 1(Long), admin(String), 请求访问主页(String), 448(Integer), com.bootdo.system.controller.LoginController.index()(String), null, 127.0.0.1(String), 2018-03-20 16:30:41.023(Timestamp)
2018-03-20 16:30:41 -<==    Updates: 1
2018-03-20 16:30:41 -请求地址 : http://127.0.0.1/main
2018-03-20 16:30:41 -HTTP METHOD : GET
2018-03-20 16:30:41 -CLASS_METHOD : com.bootdo.system.controller.LoginController.main
2018-03-20 16:30:41 -参数 : []
2018-03-20 16:30:41 -耗时 : 1
2018-03-20 16:30:41 -返回值 : main
2018-03-20 16:30:41 -请求地址 : http://127.0.0.1/oa/notify/message
2018-03-20 16:30:41 -HTTP METHOD : GET
2018-03-20 16:30:41 -CLASS_METHOD : com.bootdo.oa.controller.NotifyController.message
2018-03-20 16:30:41 -参数 : []
2018-03-20 16:30:41 -==>  Preparing: select DISTINCT n.id ,`type`,`title`,`content`,`files`,r.is_read,`status`,`create_by`,`create_date`,`update_by`,`update_date`,`remarks`,`del_flag` from oa_notify_record r right JOIN oa_notify n on r.notify_id = n.id WHERE r.is_read = ? and r.user_id = ? order by is_read ASC, update_date DESC limit ?, ? 
2018-03-20 16:30:41 -==> Parameters: 0(String), 1(Long), 0(Integer), 3(Integer)
2018-03-20 16:30:42 -请求地址 : http://127.0.0.1/main
2018-03-20 16:30:42 -HTTP METHOD : GET
2018-03-20 16:30:42 -CLASS_METHOD : com.bootdo.system.controller.LoginController.main
2018-03-20 16:30:42 -参数 : []
2018-03-20 16:30:42 -耗时 : 3
2018-03-20 16:30:42 -返回值 : main
2018-03-20 16:30:42 -<==      Total: 0
2018-03-20 16:30:42 -==>  Preparing: select count(*) from oa_notify_record r right JOIN oa_notify n on r.notify_id = n.id where r.user_id =? and r.is_read = ? 
2018-03-20 16:30:42 -==> Parameters: 1(Long), 0(String)
2018-03-20 16:30:42 -<==      Total: 1
2018-03-20 16:30:42 -耗时 : 137
2018-03-20 16:30:42 -返回值 : com.bootdo.common.utils.PageUtils@5f2b37c3
2018-03-20 16:30:51 -请求地址 : http://127.0.0.1/common/generator
2018-03-20 16:30:51 -HTTP METHOD : GET
2018-03-20 16:30:51 -CLASS_METHOD : com.bootdo.common.controller.GeneratorController.generator
2018-03-20 16:30:51 -参数 : []
2018-03-20 16:30:51 -耗时 : 1
2018-03-20 16:30:51 -返回值 : common/generator/list
2018-03-20 16:30:52 -请求地址 : http://127.0.0.1/common/generator/list
2018-03-20 16:30:52 -HTTP METHOD : GET
2018-03-20 16:30:52 -CLASS_METHOD : com.bootdo.common.controller.GeneratorController.list
2018-03-20 16:30:52 -参数 : []
2018-03-20 16:30:52 -==>  Preparing: select table_name tableName, engine, table_comment tableComment, create_time createTime from information_schema.tables where table_schema = (select database()) 
2018-03-20 16:30:52 -==> Parameters: 
2018-03-20 16:30:53 -<==      Total: 40
2018-03-20 16:30:53 -耗时 : 1119
2018-03-20 16:30:53 -返回值 : [{engine=InnoDB, createTime=2018-03-07 17:57:32.0, tableComment=, tableName=act_evt_log}, {engine=InnoDB, createTime=2018-03-07 17:57:32.0, tableComment=, tableName=act_ge_bytearray}, {engine=InnoDB, createTime=2018-03-07 17:57:32.0, tableComment=, tableName=act_ge_property}, {engine=InnoDB, createTime=2018-03-07 17:57:34.0, tableComment=, tableName=act_hi_actinst}, {engine=InnoDB, createTime=2018-03-07 17:57:34.0, tableComment=, tableName=act_hi_attachment}, {engine=InnoDB, createTime=2018-03-07 17:57:34.0, tableComment=, tableName=act_hi_comment}, {engine=InnoDB, createTime=2018-03-07 17:57:34.0, tableComment=, tableName=act_hi_detail}, {engine=InnoDB, createTime=2018-03-07 17:57:34.0, tableComment=, tableName=act_hi_identitylink}, {engine=InnoDB, createTime=2018-03-07 17:57:34.0, tableComment=, tableName=act_hi_procinst}, {engine=InnoDB, createTime=2018-03-07 17:57:34.0, tableComment=, tableName=act_hi_taskinst}, {engine=InnoDB, createTime=2018-03-07 17:57:34.0, tableComment=, tableName=act_hi_varinst}, {engine=InnoDB, createTime=2018-03-07 17:57:35.0, tableComment=, tableName=act_id_group}, {engine=InnoDB, createTime=2018-03-07 17:57:35.0, tableComment=, tableName=act_id_info}, {engine=InnoDB, createTime=2018-03-07 17:57:35.0, tableComment=, tableName=act_id_membership}, {engine=InnoDB, createTime=2018-03-07 17:57:35.0, tableComment=, tableName=act_id_user}, {engine=InnoDB, createTime=2018-03-07 17:57:33.0, tableComment=, tableName=act_procdef_info}, {engine=InnoDB, createTime=2018-03-07 17:57:32.0, tableComment=, tableName=act_re_deployment}, {engine=InnoDB, createTime=2018-03-07 17:57:32.0, tableComment=, tableName=act_re_model}, {engine=InnoDB, createTime=2018-03-07 17:57:32.0, tableComment=, tableName=act_re_procdef}, {engine=InnoDB, createTime=2018-03-07 17:57:32.0, tableComment=, tableName=act_ru_event_subscr}, {engine=InnoDB, createTime=2018-03-07 17:57:32.0, tableComment=, tableName=act_ru_execution}, {engine=InnoDB, createTime=2018-03-07 17:57:32.0, tableComment=, tableName=act_ru_identitylink}, {engine=InnoDB, createTime=2018-03-07 17:57:32.0, tableComment=, tableName=act_ru_job}, {engine=InnoDB, createTime=2018-03-07 17:57:32.0, tableComment=, tableName=act_ru_task}, {engine=InnoDB, createTime=2018-03-07 17:57:32.0, tableComment=, tableName=act_ru_variable}, {engine=InnoDB, createTime=2018-03-07 16:49:41.0, tableComment=文章内容, tableName=blog_content}, {engine=InnoDB, createTime=2018-03-07 16:49:41.0, tableComment=通知通告, tableName=oa_notify}, {engine=InnoDB, createTime=2018-03-07 16:49:41.0, tableComment=通知通告发送记录, tableName=oa_notify_record}, {engine=InnoDB, createTime=2018-03-07 16:49:41.0, tableComment=审批流程测试表, tableName=salary}, {engine=InnoDB, createTime=2018-03-07 16:49:41.0, tableComment=部门管理, tableName=sys_dept}, {engine=InnoDB, createTime=2018-03-07 16:49:41.0, tableComment=字典表, tableName=sys_dict}, {engine=InnoDB, createTime=2018-03-07 16:49:41.0, tableComment=文件上传, tableName=sys_file}, {engine=InnoDB, createTime=2018-03-07 16:49:41.0, tableComment=系统日志, tableName=sys_log}, {engine=InnoDB, createTime=2018-03-07 16:49:41.0, tableComment=菜单管理, tableName=sys_menu}, {engine=InnoDB, createTime=2018-03-07 16:49:41.0, tableComment=角色, tableName=sys_role}, {engine=InnoDB, createTime=2018-03-07 16:49:41.0, tableComment=角色与菜单对应关系, tableName=sys_role_menu}, {engine=MyISAM, createTime=2018-03-07 16:49:41.0, tableComment=, tableName=sys_task}, {engine=InnoDB, createTime=2018-03-07 16:49:24.0, tableComment=, tableName=sys_user}, {engine=InnoDB, createTime=2018-03-07 16:49:24.0, tableComment=, tableName=sys_user_plus}, {engine=InnoDB, createTime=2018-03-07 16:49:24.0, tableComment=用户与角色对应关系, tableName=sys_user_role}]
2018-03-20 16:31:56 -请求地址 : http://127.0.0.1/main
2018-03-20 16:31:56 -HTTP METHOD : GET
2018-03-20 16:31:56 -CLASS_METHOD : com.bootdo.system.controller.LoginController.main
2018-03-20 16:31:56 -参数 : []
2018-03-20 16:31:56 -耗时 : 20
2018-03-20 16:31:56 -返回值 : main
2018-03-20 16:32:03 -==>  Preparing: select distinct m.perms from sys_menu m left join sys_role_menu rm on m.menu_id = rm.menu_id left join sys_user_role ur on rm.role_id = ur.role_id where ur.user_id = ? 
2018-03-20 16:32:03 -==> Parameters: 1(Long)
2018-03-20 16:32:03 -<==      Total: 47
2018-03-20 16:32:03 -请求地址 : http://127.0.0.1/common/dict
2018-03-20 16:32:03 -HTTP METHOD : GET
2018-03-20 16:32:03 -CLASS_METHOD : com.bootdo.common.controller.DictController.dict
2018-03-20 16:32:03 -参数 : []
2018-03-20 16:32:03 -耗时 : 1
2018-03-20 16:32:03 -返回值 : common/dict/dict
2018-03-20 16:32:03 -请求地址 : http://127.0.0.1/common/dict/type
2018-03-20 16:32:03 -HTTP METHOD : GET
2018-03-20 16:32:03 -CLASS_METHOD : com.bootdo.common.controller.DictController.listType
2018-03-20 16:32:03 -参数 : []
2018-03-20 16:32:03 -==>  Preparing: select distinct `type` , description from sys_dict 
2018-03-20 16:32:03 -==> Parameters: 
2018-03-20 16:32:03 -<==      Total: 31
2018-03-20 16:32:03 -耗时 : 30
2018-03-20 16:32:03 -返回值 : [DictDO{id=null, name='null', value='null', type='del_flag', description='删除标记', sort=null, parentId=null, createBy=null, createDate=null, updateBy=null, updateDate=null, remarks='null', delFlag='null'}, DictDO{id=null, name='null', value='null', type='show_hide', description='显示/隐藏', sort=null, parentId=null, createBy=null, createDate=null, updateBy=null, updateDate=null, remarks='null', delFlag='null'}, DictDO{id=null, name='null', value='null', type='yes_no', description='是/否', sort=null, parentId=null, createBy=null, createDate=null, updateBy=null, updateDate=null, remarks='null', delFlag='null'}, DictDO{id=null, name='null', value='null', type='color', description='颜色值', sort=null, parentId=null, createBy=null, createDate=null, updateBy=null, updateDate=null, remarks='null', delFlag='null'}, DictDO{id=null, name='null', value='null', type='theme', description='主题方案', sort=null, parentId=null, createBy=null, createDate=null, updateBy=null, updateDate=null, remarks='null', delFlag='null'}, DictDO{id=null, name='null', value='null', type='sys_area_type', description='区域类型', sort=null, parentId=null, createBy=null, createDate=null, updateBy=null, updateDate=null, remarks='null', delFlag='null'}, DictDO{id=null, name='null', value='null', type='sys_office_type', description='机构类型', sort=null, parentId=null, createBy=null, createDate=null, updateBy=null, updateDate=null, remarks='null', delFlag='null'}, DictDO{id=null, name='null', value='null', type='sys_office_common', description='快捷通用部门', sort=null, parentId=null, createBy=null, createDate=null, updateBy=null, updateDate=null, remarks='null', delFlag='null'}, DictDO{id=null, name='null', value='null', type='sys_office_grade', description='机构等级', sort=null, parentId=null, createBy=null, createDate=null, updateBy=null, updateDate=null, remarks='null', delFlag='null'}, DictDO{id=null, name='null', value='null', type='sys_data_scope', description='数据范围', sort=null, parentId=null, createBy=null, createDate=null, updateBy=null, updateDate=null, remarks='null', delFlag='null'}, DictDO{id=null, name='null', value='null', type='sys_user_type', description='用户类型', sort=null, parentId=null, createBy=null, createDate=null, updateBy=null, updateDate=null, remarks='null', delFlag='null'}, DictDO{id=null, name='null', value='null', type='cms_theme', description='站点主题', sort=null, parentId=null, createBy=null, createDate=null, updateBy=null, updateDate=null, remarks='null', delFlag='null'}, DictDO{id=null, name='null', value='null', type='cms_module', description='栏目模型', sort=null, parentId=null, createBy=null, createDate=null, updateBy=null, updateDate=null, remarks='null', delFlag='null'}, DictDO{id=null, name='null', value='null', type='cms_show_modes', description='展现方式', sort=null, parentId=null, createBy=null, createDate=null, updateBy=null, updateDate=null, remarks='null', delFlag='null'}, DictDO{id=null, name='null', value='null', type='cms_del_flag', description='内容状态', sort=null, parentId=null, createBy=null, createDate=null, updateBy=null, updateDate=null, remarks='null', delFlag='null'}, DictDO{id=null, name='null', value='null', type='cms_posid', description='推荐位', sort=null, parentId=null, createBy=null, createDate=null, updateBy=null, updateDate=null, remarks='null', delFlag='null'}, DictDO{id=null, name='null', value='null', type='cms_guestbook', description='留言板分类', sort=null, parentId=null, createBy=null, createDate=null, updateBy=null, updateDate=null, remarks='null', delFlag='null'}, DictDO{id=null, name='null', value='null', type='oa_leave_type', description='请假类型', sort=null, parentId=null, createBy=null, createDate=null, updateBy=null, updateDate=null, remarks='null', delFlag='null'}, DictDO{id=null, name='null', value='null', type='sys_log_type', description='日志类型', sort=null, parentId=null, createBy=null, createDate=null, updateBy=null, updateDate=null, remarks='null', delFlag='null'}, DictDO{id=null, name='null', value='null', type='act_type', description='流程类型', sort=null, parentId=null, createBy=null, createDate=null, updateBy=null, updateDate=null, remarks='null', delFlag='null'}, DictDO{id=null, name='null', value='null', type='act_category', description='流程分类', sort=null, parentId=null, createBy=null, createDate=null, updateBy=null, updateDate=null, remarks='null', delFlag='null'}, DictDO{id=null, name='null', value='null', type='gen_category', description='代码生成分类', sort=null, parentId=null, createBy=null, createDate=null, updateBy=null, updateDate=null, remarks='null', delFlag='null'}, DictDO{id=null, name='null', value='null', type='gen_query_type', description='查询方式', sort=null, parentId=null, createBy=null, createDate=null, updateBy=null, updateDate=null, remarks='null', delFlag='null'}, DictDO{id=null, name='null', value='null', type='gen_show_type', description='字段生成方案', sort=null, parentId=null, createBy=null, createDate=null, updateBy=null, updateDate=null, remarks='null', delFlag='null'}, DictDO{id=null, name='null', value='null', type='gen_java_type', description='Java类型', sort=null, parentId=null, createBy=null, createDate=null, updateBy=null, updateDate=null, remarks='null', delFlag='null'}, DictDO{id=null, name='null', value='null', type='sex', description='性别', sort=null, parentId=null, createBy=null, createDate=null, updateBy=null, updateDate=null, remarks='null', delFlag='null'}, DictDO{id=null, name='null', value='null', type='oa_notify_type', description='通知通告类型', sort=null, parentId=null, createBy=null, createDate=null, updateBy=null, updateDate=null, remarks='null', delFlag='null'}, DictDO{id=null, name='null', value='null', type='oa_notify_status', description='通知通告状态', sort=null, parentId=null, createBy=null, createDate=null, updateBy=null, updateDate=null, remarks='null', delFlag='null'}, DictDO{id=null, name='null', value='null', type='oa_notify_read', description='通知通告状态', sort=null, parentId=null, createBy=null, createDate=null, updateBy=null, updateDate=null, remarks='null', delFlag='null'}, DictDO{id=null, name='null', value='null', type='blog_type', description='博客类型', sort=null, parentId=null, createBy=null, createDate=null, updateBy=null, updateDate=null, remarks='null', delFlag='null'}, DictDO{id=null, name='null', value='null', type='hobby', description='爱好', sort=null, parentId=null, createBy=null, createDate=null, updateBy=null, updateDate=null, remarks='null', delFlag='null'}]
2018-03-20 16:32:03 -请求地址 : http://127.0.0.1/common/dict/list
2018-03-20 16:32:03 -HTTP METHOD : GET
2018-03-20 16:32:03 -CLASS_METHOD : com.bootdo.common.controller.DictController.list
2018-03-20 16:32:03 -参数 : [{limit=10, offset=0}]
2018-03-20 16:32:03 -==>  Preparing: select `id`,`name`,`value`,`type`,`description`,`sort`,`parent_id`,`create_by`,`create_date`,`update_by`,`update_date`,`remarks`,`del_flag` from sys_dict order by id desc limit ?, ? 
2018-03-20 16:32:03 -==> Parameters: 0(Integer), 10(Integer)
2018-03-20 16:32:03 -<==      Total: 10
2018-03-20 16:32:03 -==>  Preparing: select count(*) from sys_dict 
2018-03-20 16:32:03 -==> Parameters: 
2018-03-20 16:32:03 -<==      Total: 1
2018-03-20 16:32:03 -耗时 : 62
2018-03-20 16:32:03 -返回值 : com.bootdo.common.utils.PageUtils@3f64f09e
2018-03-20 16:32:12 -请求地址 : http://127.0.0.1/sys/user/
2018-03-20 16:32:12 -HTTP METHOD : GET
2018-03-20 16:32:12 -CLASS_METHOD : com.bootdo.system.controller.UserController.user
2018-03-20 16:32:12 -参数 : [{}]
2018-03-20 16:32:12 -耗时 : 0
2018-03-20 16:32:12 -返回值 : system/user/user
2018-03-20 16:32:12 -请求地址 : http://127.0.0.1/system/sysDept/tree
2018-03-20 16:32:12 -HTTP METHOD : GET
2018-03-20 16:32:12 -CLASS_METHOD : com.bootdo.system.controller.DeptController.tree
2018-03-20 16:32:12 -参数 : []
2018-03-20 16:32:12 -==>  Preparing: select `dept_id`,`parent_id`,`name`,`order_num`,`del_flag` from sys_dept order by dept_id desc 
2018-03-20 16:32:12 -==> Parameters: 
2018-03-20 16:32:12 -<==      Total: 10
2018-03-20 16:32:12 -耗时 : 49
2018-03-20 16:32:12 -返回值 : {"checked":true,"children":[{"checked":false,"children":[{"checked":false,"children":[],"hasChildren":false,"hasParent":true,"id":"15","parentId":"13","state":{"opened":true},"text":"测试二部"},{"checked":false,"children":[],"hasChildren":false,"hasParent":true,"id":"14","parentId":"13","state":{"opened":true},"text":"测试一部"}],"hasChildren":true,"hasParent":false,"id":"13","parentId":"0","state":{"opened":true},"text":"测试部"},{"checked":false,"children":[{"checked":false,"children":[],"hasChildren":false,"hasParent":true,"id":"12","parentId":"11","state":{"opened":true},"text":"产品一部"}],"hasChildren":true,"hasParent":false,"id":"11","parentId":"0","state":{"opened":true},"text":"产品部"},{"checked":false,"children":[{"checked":false,"children":[],"hasChildren":false,"hasParent":true,"id":"10","parentId":"9","state":{"opened":true},"text":"销售一部"}],"hasChildren":true,"hasParent":false,"id":"9","parentId":"0","state":{"opened":true},"text":"销售部"},{"checked":false,"children":[{"checked":false,"children":[],"hasChildren":false,"hasParent":true,"id":"8","parentId":"6","state":{"opened":true},"text":"研发二部"},{"checked":false,"children":[],"hasChildren":false,"hasParent":true,"id":"7","parentId":"6","state":{"opened":true},"text":"研發一部"}],"hasChildren":true,"hasParent":false,"id":"6","parentId":"0","state":{"opened":true},"text":"研发部"}],"hasChildren":true,"hasParent":false,"id":"-1","parentId":"","state":{"opened":true},"text":"顶级节点"}
2018-03-20 16:32:12 -请求地址 : http://127.0.0.1/sys/user/list
2018-03-20 16:32:12 -HTTP METHOD : GET
2018-03-20 16:32:12 -CLASS_METHOD : com.bootdo.system.controller.UserController.list
2018-03-20 16:32:12 -参数 : [{limit=10, offset=0, name=, deptId=}]
2018-03-20 16:32:12 -==>  Preparing: select `user_id`,`username`,`name`,`password`,`dept_id`,`email`,`mobile`,`status`,`user_id_create`,`gmt_create`,`gmt_modified`,`sex`,`birth`,`pic_id`,`live_address`,`hobby`,`province`,`city`,`district` from sys_user order by user_id desc limit ?, ? 
2018-03-20 16:32:12 -==> Parameters: 0(Integer), 10(Integer)
2018-03-20 16:32:13 -<==      Total: 10
2018-03-20 16:32:13 -==>  Preparing: select count(*) from sys_user 
2018-03-20 16:32:13 -==> Parameters: 
2018-03-20 16:32:13 -<==      Total: 1
2018-03-20 16:32:13 -耗时 : 101
2018-03-20 16:32:13 -返回值 : com.bootdo.common.utils.PageUtils@62971a16
2018-03-20 16:32:21 -请求地址 : http://127.0.0.1/sys/role
2018-03-20 16:32:21 -HTTP METHOD : GET
2018-03-20 16:32:21 -CLASS_METHOD : com.bootdo.system.controller.RoleController.role
2018-03-20 16:32:21 -参数 : []
2018-03-20 16:32:21 -耗时 : 1
2018-03-20 16:32:21 -返回值 : system/role/role
2018-03-20 16:32:21 -请求地址 : http://127.0.0.1/sys/role/list
2018-03-20 16:32:21 -HTTP METHOD : GET
2018-03-20 16:32:21 -CLASS_METHOD : com.bootdo.system.controller.RoleController.list
2018-03-20 16:32:21 -参数 : []
2018-03-20 16:32:21 -==>  Preparing: select `role_id`,`role_name`,`role_sign`,`remark`,`user_id_create`,`gmt_create`,`gmt_modified` from sys_role order by role_id desc 
2018-03-20 16:32:21 -==> Parameters: 
2018-03-20 16:32:21 -<==      Total: 1
2018-03-20 16:32:21 -耗时 : 12
2018-03-20 16:32:21 -返回值 : [RoleDO{roleId=1, roleName='超级用户角色', roleSign='admin', remark='拥有最高权限', userIdCreate=2, gmtCreate=2017-08-12 00:43:52.0, gmtModified=2017-08-12 19:14:59.0, menuIds=null}]
2018-03-20 16:32:22 -请求地址 : http://127.0.0.1/sys/menu/
2018-03-20 16:32:22 -HTTP METHOD : GET
2018-03-20 16:32:22 -CLASS_METHOD : com.bootdo.system.controller.MenuController.menu
2018-03-20 16:32:22 -参数 : [{}]
2018-03-20 16:32:22 -耗时 : 1
2018-03-20 16:32:22 -返回值 : system/menu/menu
2018-03-20 16:32:22 -请求地址 : http://127.0.0.1/sys/menu/list
2018-03-20 16:32:22 -HTTP METHOD : GET
2018-03-20 16:32:22 -CLASS_METHOD : com.bootdo.system.controller.MenuController.list
2018-03-20 16:32:22 -参数 : [{sort=order_num}]
2018-03-20 16:32:22 -==>  Preparing: select `menu_id`,`parent_id`,`name`,`url`,`perms`,`type`,`icon`,`order_num`,`gmt_create`,`gmt_modified` from sys_menu order by order_num 
2018-03-20 16:32:22 -==> Parameters: 
2018-03-20 16:32:22 -<==      Total: 61
2018-03-20 16:32:22 -耗时 : 62
2018-03-20 16:32:22 -返回值 : [MenuDO{menuId=51, parentId=50, name='新增', url='', perms='blog:bContent:add', type=2, icon='', orderNum=null, gmtCreate=null, gmtModified=null}, MenuDO{menuId=55, parentId=7, name='编辑', url='', perms='sys:role:edit', type=2, icon='', orderNum=null, gmtCreate=null, gmtModified=null}, MenuDO{menuId=56, parentId=7, name='删除', url='', perms='sys:role:remove', type=2, icon='null', orderNum=null, gmtCreate=null, gmtModified=null}, MenuDO{menuId=58, parentId=50, name='编辑', url='', perms='blog:bContent:edit', type=2, icon='null', orderNum=null, gmtCreate=null, gmtModified=null}, MenuDO{menuId=59, parentId=50, name='删除', url='', perms='blog:bContent:remove', type=2, icon='null', orderNum=null, gmtCreate=null, gmtModified=null}, MenuDO{menuId=60, parentId=50, name='批量删除', url='', perms='blog:bContent:batchRemove', type=2, icon='null', orderNum=null, gmtCreate=null, gmtModified=null}, MenuDO{menuId=61, parentId=2, name='批量删除', url='', perms='sys:menu:batchRemove', type=2, icon='null', orderNum=null, gmtCreate=null, gmtModified=null}, MenuDO{menuId=62, parentId=7, name='批量删除', url='', perms='sys:role:batchRemove', type=2, icon='null', orderNum=null, gmtCreate=null, gmtModified=null}, MenuDO{menuId=85, parentId=84, name='通知公告', url='oa/notify', perms='oa:notify:notify', type=1, icon='fa fa-pencil-square', orderNum=null, gmtCreate=null, gmtModified=null}, MenuDO{menuId=88, parentId=85, name='删除', url='oa/notify/remove', perms='oa:notify:remove', type=2, icon='fa fa-minus', orderNum=null, gmtCreate=null, gmtModified=null}, MenuDO{menuId=89, parentId=85, name='批量删除', url='oa/notify/batchRemove', perms='oa:notify:batchRemove', type=2, icon='', orderNum=null, gmtCreate=null, gmtModified=null}, MenuDO{menuId=90, parentId=84, name='我的通知', url='oa/notify/selfNotify', perms='', type=1, icon='fa fa-envelope-square', orderNum=null, gmtCreate=null, gmtModified=null}, MenuDO{menuId=92, parentId=91, name='在线用户', url='sys/online', perms='', type=1, icon='fa fa-user', orderNum=null, gmtCreate=null, gmtModified=null}, MenuDO{menuId=94, parentId=93, name='模型管理', url='activiti/model', perms='', type=1, icon='fa fa-sort-amount-asc', orderNum=null, gmtCreate=null, gmtModified=null}, MenuDO{menuId=95, parentId=94, name='全部权限', url='', perms='activiti:model', type=2, icon='', orderNum=null, gmtCreate=null, gmtModified=null}, MenuDO{menuId=96, parentId=93, name='流程管理', url='activiti/process', perms='', type=1, icon='fa fa-flag', orderNum=null, gmtCreate=null, gmtModified=null}, MenuDO{menuId=98, parentId=97, name='百度chart', url='/chart/graph_echarts.html', perms='', type=1, icon='fa fa-area-chart', orderNum=null, gmtCreate=null, gmtModified=null}, MenuDO{menuId=99, parentId=96, name='所有权限', url='', perms='act:process', type=2, icon='', orderNum=null, gmtCreate=null, gmtModified=null}, MenuDO{menuId=101, parentId=93, name='待办任务', url='activiti/task/todo', perms='', type=1, icon='', orderNum=null, gmtCreate=null, gmtModified=null}, MenuDO{menuId=1, parentId=0, name='基础管理', url='', perms='', type=0, icon='fa fa-bars', orderNum=0, gmtCreate=Wed Aug 09 22:49:47 CST 2017, gmtModified=null}, MenuDO{menuId=6, parentId=3, name='用户管理', url='sys/user/', perms='sys:user:user', type=1, icon='fa fa-user', orderNum=0, gmtCreate=Thu Aug 10 14:12:11 CST 2017, gmtModified=null}, MenuDO{menuId=12, parentId=6, name='新增', url='', perms='sys:user:add', type=2, icon='', orderNum=0, gmtCreate=Mon Aug 14 10:51:35 CST 2017, gmtModified=null}, MenuDO{menuId=13, parentId=6, name='编辑', url='', perms='sys:user:edit', type=2, icon='', orderNum=0, gmtCreate=Mon Aug 14 10:52:06 CST 2017, gmtModified=null}, MenuDO{menuId=14, parentId=6, name='删除', url='null', perms='sys:user:remove', type=2, icon='null', orderNum=0, gmtCreate=Mon Aug 14 10:52:24 CST 2017, gmtModified=null}, MenuDO{menuId=15, parentId=7, name='新增', url='', perms='sys:role:add', type=2, icon='', orderNum=0, gmtCreate=Mon Aug 14 10:56:37 CST 2017, gmtModified=null}, MenuDO{menuId=20, parentId=2, name='新增', url='', perms='sys:menu:add', type=2, icon='', orderNum=0, gmtCreate=Mon Aug 14 10:59:32 CST 2017, gmtModified=null}, MenuDO{menuId=21, parentId=2, name='编辑', url='', perms='sys:menu:edit', type=2, icon='', orderNum=0, gmtCreate=Mon Aug 14 10:59:56 CST 2017, gmtModified=null}, MenuDO{menuId=22, parentId=2, name='删除', url='', perms='sys:menu:remove', type=2, icon='', orderNum=0, gmtCreate=Mon Aug 14 11:00:26 CST 2017, gmtModified=null}, MenuDO{menuId=24, parentId=6, name='批量删除', url='', perms='sys:user:batchRemove', type=2, icon='', orderNum=0, gmtCreate=Mon Aug 14 17:27:18 CST 2017, gmtModified=null}, MenuDO{menuId=25, parentId=6, name='停用', url='null', perms='sys:user:disable', type=2, icon='null', orderNum=0, gmtCreate=Mon Aug 14 17:27:43 CST 2017, gmtModified=null}, MenuDO{menuId=26, parentId=6, name='重置密码', url='', perms='sys:user:resetPwd', type=2, icon='', orderNum=0, gmtCreate=Mon Aug 14 17:28:34 CST 2017, gmtModified=null}, MenuDO{menuId=27, parentId=91, name='系统日志', url='common/log', perms='common:log', type=1, icon='fa fa-warning', orderNum=0, gmtCreate=Mon Aug 14 22:11:53 CST 2017, gmtModified=null}, MenuDO{menuId=28, parentId=27, name='刷新', url='null', perms='sys:log:list', type=2, icon='null', orderNum=0, gmtCreate=Mon Aug 14 22:30:22 CST 2017, gmtModified=null}, MenuDO{menuId=29, parentId=27, name='删除', url='null', perms='sys:log:remove', type=2, icon='null', orderNum=0, gmtCreate=Mon Aug 14 22:30:43 CST 2017, gmtModified=null}, MenuDO{menuId=30, parentId=27, name='清空', url='null', perms='sys:log:clear', type=2, icon='null', orderNum=0, gmtCreate=Mon Aug 14 22:31:02 CST 2017, gmtModified=null}, MenuDO{menuId=68, parentId=49, name='发布文章', url='/blog/bContent/add', perms='blog:bContent:add', type=1, icon='fa fa-edit', orderNum=0, gmtCreate=null, gmtModified=null}, MenuDO{menuId=3, parentId=0, name='系统管理', url='null', perms='null', type=0, icon='fa fa-desktop', orderNum=1, gmtCreate=Wed Aug 09 23:06:55 CST 2017, gmtModified=Mon Aug 14 14:13:43 CST 2017}, MenuDO{menuId=7, parentId=3, name='角色管理', url='sys/role', perms='sys:role:role', type=1, icon='fa fa-paw', orderNum=1, gmtCreate=Thu Aug 10 14:13:19 CST 2017, gmtModified=null}, MenuDO{menuId=50, parentId=49, name='文章列表', url='blog/bContent', perms='blog:bContent:bContent', type=1, icon='fa fa-file-image-o', orderNum=1, gmtCreate=null, gmtModified=null}, MenuDO{menuId=57, parentId=91, name='运行监控', url='/druid/index.html', perms='', type=1, icon='fa fa-caret-square-o-right', orderNum=1, gmtCreate=null, gmtModified=null}, MenuDO{menuId=74, parentId=73, name='增加', url='/system/sysDept/add', perms='system:sysDept:add', type=2, icon='null', orderNum=1, gmtCreate=null, gmtModified=null}, MenuDO{menuId=78, parentId=1, name='数据字典', url='/common/dict', perms='common:dict:dict', type=1, icon='fa fa-book', orderNum=1, gmtCreate=null, gmtModified=null}, MenuDO{menuId=86, parentId=85, name='新增', url='oa/notify/add', perms='oa:notify:add', type=2, icon='fa fa-plus', orderNum=1, gmtCreate=null, gmtModified=null}, MenuDO{menuId=2, parentId=3, name='系统菜单', url='sys/menu/', perms='sys:menu:menu', type=1, icon='fa fa-th-list', orderNum=2, gmtCreate=Wed Aug 09 22:55:15 CST 2017, gmtModified=null}, MenuDO{menuId=71, parentId=1, name='文件管理', url='/common/sysFile', perms='common:sysFile:sysFile', type=1, icon='fa fa-folder-open', orderNum=2, gmtCreate=null, gmtModified=null}, MenuDO{menuId=75, parentId=73, name='刪除', url='system/sysDept/remove', perms='system:sysDept:remove', type=2, icon='null', orderNum=2, gmtCreate=null, gmtModified=null}, MenuDO{menuId=79, parentId=78, name='增加', url='/common/dict/add', perms='common:dict:add', type=2, icon='null', orderNum=2, gmtCreate=null, gmtModified=null}, MenuDO{menuId=80, parentId=78, name='编辑', url='/common/dict/edit', perms='common:dict:edit', type=2, icon='null', orderNum=2, gmtCreate=null, gmtModified=null}, MenuDO{menuId=87, parentId=85, name='编辑', url='oa/notify/edit', perms='oa:notify:edit', type=2, icon='fa fa-pencil-square-o', orderNum=2, gmtCreate=null, gmtModified=null}, MenuDO{menuId=48, parentId=77, name='代码生成', url='common/generator', perms='common:generator', type=1, icon='fa fa-code', orderNum=3, gmtCreate=null, gmtModified=null}, MenuDO{menuId=73, parentId=3, name='部门管理', url='/system/sysDept', perms='system:sysDept:sysDept', type=1, icon='fa fa-users', orderNum=3, gmtCreate=null, gmtModified=null}, MenuDO{menuId=76, parentId=73, name='编辑', url='/system/sysDept/edit', perms='system:sysDept:edit', type=2, icon='null', orderNum=3, gmtCreate=null, gmtModified=null}, MenuDO{menuId=81, parentId=78, name='删除', url='/common/dict/remove', perms='common:dict:remove', type=2, icon='', orderNum=3, gmtCreate=null, gmtModified=null}, MenuDO{menuId=72, parentId=77, name='计划任务', url='common/job', perms='common:taskScheduleJob', type=1, icon='fa fa-hourglass-1', orderNum=4, gmtCreate=null, gmtModified=null}, MenuDO{menuId=77, parentId=0, name='系统工具', url='', perms='', type=0, icon='fa fa-gear', orderNum=4, gmtCreate=null, gmtModified=null}, MenuDO{menuId=83, parentId=78, name='批量删除', url='/common/dict/batchRemove', perms='common:dict:batchRemove', type=2, icon='', orderNum=4, gmtCreate=null, gmtModified=null}, MenuDO{menuId=84, parentId=0, name='办公管理', url='', perms='', type=0, icon='fa fa-laptop', orderNum=5, gmtCreate=null, gmtModified=null}, MenuDO{menuId=91, parentId=0, name='系统监控', url='', perms='', type=0, icon='fa fa-video-camera', orderNum=5, gmtCreate=null, gmtModified=null}, MenuDO{menuId=49, parentId=0, name='博客管理', url='', perms='', type=0, icon='fa fa-rss', orderNum=6, gmtCreate=null, gmtModified=null}, MenuDO{menuId=93, parentId=0, name='工作流程', url='', perms='', type=0, icon='fa fa-print', orderNum=6, gmtCreate=null, gmtModified=null}, MenuDO{menuId=97, parentId=0, name='图表管理', url='', perms='', type=0, icon='fa fa-bar-chart', orderNum=7, gmtCreate=null, gmtModified=null}]
2018-03-20 16:32:30 -请求地址 : http://127.0.0.1/sys/menu/edit/48
2018-03-20 16:32:30 -HTTP METHOD : GET
2018-03-20 16:32:30 -CLASS_METHOD : com.bootdo.system.controller.MenuController.edit
2018-03-20 16:32:30 -参数 : [{}, 48]
2018-03-20 16:32:30 -==>  Preparing: select `menu_id`,`parent_id`,`name`,`url`,`perms`,`type`,`icon`,`order_num`,`gmt_create`,`gmt_modified` from sys_menu where menu_id = ? 
2018-03-20 16:32:30 -==> Parameters: 48(Long)
2018-03-20 16:32:30 -<==      Total: 1
2018-03-20 16:32:30 -==>  Preparing: select `menu_id`,`parent_id`,`name`,`url`,`perms`,`type`,`icon`,`order_num`,`gmt_create`,`gmt_modified` from sys_menu where menu_id = ? 
2018-03-20 16:32:30 -==> Parameters: 77(Long)
2018-03-20 16:32:30 -<==      Total: 1
2018-03-20 16:32:30 -耗时 : 11
2018-03-20 16:32:30 -返回值 : system/menu/edit
2018-03-20 16:32:30 -==>  Preparing: insert into sys_log ( `user_id`, `username`, `operation`, `time`, `method`, `params`, `ip`, `gmt_create` ) values ( ?, ?, ?, ?, ?, ?, ?, ? ) 
2018-03-20 16:32:30 -==> Parameters: 1(Long), admin(String), 编辑菜单(String), 12(Integer), com.bootdo.system.controller.MenuController.edit()(String), null, 127.0.0.1(String), 2018-03-20 16:32:30.753(Timestamp)
2018-03-20 16:32:30 -<==    Updates: 1
2018-03-20 16:32:46 -请求地址 : http://127.0.0.1/sys/user/
2018-03-20 16:32:46 -HTTP METHOD : GET
2018-03-20 16:32:46 -CLASS_METHOD : com.bootdo.system.controller.UserController.user
2018-03-20 16:32:46 -参数 : [{}]
2018-03-20 16:32:46 -耗时 : 1
2018-03-20 16:32:46 -返回值 : system/user/user
2018-03-20 16:32:46 -请求地址 : http://127.0.0.1/system/sysDept/tree
2018-03-20 16:32:46 -HTTP METHOD : GET
2018-03-20 16:32:46 -CLASS_METHOD : com.bootdo.system.controller.DeptController.tree
2018-03-20 16:32:46 -参数 : []
2018-03-20 16:32:46 -==>  Preparing: select `dept_id`,`parent_id`,`name`,`order_num`,`del_flag` from sys_dept order by dept_id desc 
2018-03-20 16:32:46 -==> Parameters: 
2018-03-20 16:32:46 -<==      Total: 10
2018-03-20 16:32:46 -耗时 : 9
2018-03-20 16:32:46 -返回值 : {"checked":true,"children":[{"checked":false,"children":[{"checked":false,"children":[],"hasChildren":false,"hasParent":true,"id":"15","parentId":"13","state":{"opened":true},"text":"测试二部"},{"checked":false,"children":[],"hasChildren":false,"hasParent":true,"id":"14","parentId":"13","state":{"opened":true},"text":"测试一部"}],"hasChildren":true,"hasParent":false,"id":"13","parentId":"0","state":{"opened":true},"text":"测试部"},{"checked":false,"children":[{"checked":false,"children":[],"hasChildren":false,"hasParent":true,"id":"12","parentId":"11","state":{"opened":true},"text":"产品一部"}],"hasChildren":true,"hasParent":false,"id":"11","parentId":"0","state":{"opened":true},"text":"产品部"},{"checked":false,"children":[{"checked":false,"children":[],"hasChildren":false,"hasParent":true,"id":"10","parentId":"9","state":{"opened":true},"text":"销售一部"}],"hasChildren":true,"hasParent":false,"id":"9","parentId":"0","state":{"opened":true},"text":"销售部"},{"checked":false,"children":[{"checked":false,"children":[],"hasChildren":false,"hasParent":true,"id":"8","parentId":"6","state":{"opened":true},"text":"研发二部"},{"checked":false,"children":[],"hasChildren":false,"hasParent":true,"id":"7","parentId":"6","state":{"opened":true},"text":"研發一部"}],"hasChildren":true,"hasParent":false,"id":"6","parentId":"0","state":{"opened":true},"text":"研发部"}],"hasChildren":true,"hasParent":false,"id":"-1","parentId":"","state":{"opened":true},"text":"顶级节点"}
2018-03-20 16:32:46 -请求地址 : http://127.0.0.1/sys/user/list
2018-03-20 16:32:46 -HTTP METHOD : GET
2018-03-20 16:32:46 -CLASS_METHOD : com.bootdo.system.controller.UserController.list
2018-03-20 16:32:46 -参数 : [{limit=10, offset=0, name=, deptId=}]
2018-03-20 16:32:46 -==>  Preparing: select `user_id`,`username`,`name`,`password`,`dept_id`,`email`,`mobile`,`status`,`user_id_create`,`gmt_create`,`gmt_modified`,`sex`,`birth`,`pic_id`,`live_address`,`hobby`,`province`,`city`,`district` from sys_user order by user_id desc limit ?, ? 
2018-03-20 16:32:46 -==> Parameters: 0(Integer), 10(Integer)
2018-03-20 16:32:46 -<==      Total: 10
2018-03-20 16:32:46 -==>  Preparing: select count(*) from sys_user 
2018-03-20 16:32:46 -==> Parameters: 
2018-03-20 16:32:46 -<==      Total: 1
2018-03-20 16:32:46 -耗时 : 19
2018-03-20 16:32:46 -返回值 : com.bootdo.common.utils.PageUtils@7c2dd6f8
2018-03-20 16:32:47 -请求地址 : http://127.0.0.1/sys/user/add
2018-03-20 16:32:47 -HTTP METHOD : GET
2018-03-20 16:32:47 -CLASS_METHOD : com.bootdo.system.controller.UserController.add
2018-03-20 16:32:47 -参数 : [{}]
2018-03-20 16:32:47 -==>  Preparing: select `role_id`,`role_name`,`role_sign`,`remark`,`user_id_create`,`gmt_create`,`gmt_modified` from sys_role order by role_id desc 
2018-03-20 16:32:47 -==> Parameters: 
2018-03-20 16:32:47 -<==      Total: 1
2018-03-20 16:32:47 -耗时 : 4
2018-03-20 16:32:47 -返回值 : system/user/add
2018-03-20 16:32:47 -==>  Preparing: insert into sys_log ( `user_id`, `username`, `operation`, `time`, `method`, `params`, `ip`, `gmt_create` ) values ( ?, ?, ?, ?, ?, ?, ?, ? ) 
2018-03-20 16:32:47 -==> Parameters: 1(Long), admin(String), 添加用户(String), 4(Integer), com.bootdo.system.controller.UserController.add()(String), null, 127.0.0.1(String), 2018-03-20 16:32:47.787(Timestamp)
2018-03-20 16:32:47 -<==    Updates: 1
2018-03-20 16:32:56 -请求地址 : http://127.0.0.1/sys/menu/
2018-03-20 16:32:56 -HTTP METHOD : GET
2018-03-20 16:32:56 -CLASS_METHOD : com.bootdo.system.controller.MenuController.menu
2018-03-20 16:32:56 -参数 : [{}]
2018-03-20 16:32:56 -耗时 : 1
2018-03-20 16:32:56 -返回值 : system/menu/menu
2018-03-20 16:32:56 -请求地址 : http://127.0.0.1/sys/menu/list
2018-03-20 16:32:56 -HTTP METHOD : GET
2018-03-20 16:32:56 -CLASS_METHOD : com.bootdo.system.controller.MenuController.list
2018-03-20 16:32:56 -参数 : [{sort=order_num}]
2018-03-20 16:32:56 -==>  Preparing: select `menu_id`,`parent_id`,`name`,`url`,`perms`,`type`,`icon`,`order_num`,`gmt_create`,`gmt_modified` from sys_menu order by order_num 
2018-03-20 16:32:56 -==> Parameters: 
2018-03-20 16:32:56 -<==      Total: 61
2018-03-20 16:32:56 -耗时 : 27
2018-03-20 16:32:56 -返回值 : [MenuDO{menuId=51, parentId=50, name='新增', url='', perms='blog:bContent:add', type=2, icon='', orderNum=null, gmtCreate=null, gmtModified=null}, MenuDO{menuId=55, parentId=7, name='编辑', url='', perms='sys:role:edit', type=2, icon='', orderNum=null, gmtCreate=null, gmtModified=null}, MenuDO{menuId=56, parentId=7, name='删除', url='', perms='sys:role:remove', type=2, icon='null', orderNum=null, gmtCreate=null, gmtModified=null}, MenuDO{menuId=58, parentId=50, name='编辑', url='', perms='blog:bContent:edit', type=2, icon='null', orderNum=null, gmtCreate=null, gmtModified=null}, MenuDO{menuId=59, parentId=50, name='删除', url='', perms='blog:bContent:remove', type=2, icon='null', orderNum=null, gmtCreate=null, gmtModified=null}, MenuDO{menuId=60, parentId=50, name='批量删除', url='', perms='blog:bContent:batchRemove', type=2, icon='null', orderNum=null, gmtCreate=null, gmtModified=null}, MenuDO{menuId=61, parentId=2, name='批量删除', url='', perms='sys:menu:batchRemove', type=2, icon='null', orderNum=null, gmtCreate=null, gmtModified=null}, MenuDO{menuId=62, parentId=7, name='批量删除', url='', perms='sys:role:batchRemove', type=2, icon='null', orderNum=null, gmtCreate=null, gmtModified=null}, MenuDO{menuId=85, parentId=84, name='通知公告', url='oa/notify', perms='oa:notify:notify', type=1, icon='fa fa-pencil-square', orderNum=null, gmtCreate=null, gmtModified=null}, MenuDO{menuId=88, parentId=85, name='删除', url='oa/notify/remove', perms='oa:notify:remove', type=2, icon='fa fa-minus', orderNum=null, gmtCreate=null, gmtModified=null}, MenuDO{menuId=89, parentId=85, name='批量删除', url='oa/notify/batchRemove', perms='oa:notify:batchRemove', type=2, icon='', orderNum=null, gmtCreate=null, gmtModified=null}, MenuDO{menuId=90, parentId=84, name='我的通知', url='oa/notify/selfNotify', perms='', type=1, icon='fa fa-envelope-square', orderNum=null, gmtCreate=null, gmtModified=null}, MenuDO{menuId=92, parentId=91, name='在线用户', url='sys/online', perms='', type=1, icon='fa fa-user', orderNum=null, gmtCreate=null, gmtModified=null}, MenuDO{menuId=94, parentId=93, name='模型管理', url='activiti/model', perms='', type=1, icon='fa fa-sort-amount-asc', orderNum=null, gmtCreate=null, gmtModified=null}, MenuDO{menuId=95, parentId=94, name='全部权限', url='', perms='activiti:model', type=2, icon='', orderNum=null, gmtCreate=null, gmtModified=null}, MenuDO{menuId=96, parentId=93, name='流程管理', url='activiti/process', perms='', type=1, icon='fa fa-flag', orderNum=null, gmtCreate=null, gmtModified=null}, MenuDO{menuId=98, parentId=97, name='百度chart', url='/chart/graph_echarts.html', perms='', type=1, icon='fa fa-area-chart', orderNum=null, gmtCreate=null, gmtModified=null}, MenuDO{menuId=99, parentId=96, name='所有权限', url='', perms='act:process', type=2, icon='', orderNum=null, gmtCreate=null, gmtModified=null}, MenuDO{menuId=101, parentId=93, name='待办任务', url='activiti/task/todo', perms='', type=1, icon='', orderNum=null, gmtCreate=null, gmtModified=null}, MenuDO{menuId=1, parentId=0, name='基础管理', url='', perms='', type=0, icon='fa fa-bars', orderNum=0, gmtCreate=Wed Aug 09 22:49:47 CST 2017, gmtModified=null}, MenuDO{menuId=6, parentId=3, name='用户管理', url='sys/user/', perms='sys:user:user', type=1, icon='fa fa-user', orderNum=0, gmtCreate=Thu Aug 10 14:12:11 CST 2017, gmtModified=null}, MenuDO{menuId=12, parentId=6, name='新增', url='', perms='sys:user:add', type=2, icon='', orderNum=0, gmtCreate=Mon Aug 14 10:51:35 CST 2017, gmtModified=null}, MenuDO{menuId=13, parentId=6, name='编辑', url='', perms='sys:user:edit', type=2, icon='', orderNum=0, gmtCreate=Mon Aug 14 10:52:06 CST 2017, gmtModified=null}, MenuDO{menuId=14, parentId=6, name='删除', url='null', perms='sys:user:remove', type=2, icon='null', orderNum=0, gmtCreate=Mon Aug 14 10:52:24 CST 2017, gmtModified=null}, MenuDO{menuId=15, parentId=7, name='新增', url='', perms='sys:role:add', type=2, icon='', orderNum=0, gmtCreate=Mon Aug 14 10:56:37 CST 2017, gmtModified=null}, MenuDO{menuId=20, parentId=2, name='新增', url='', perms='sys:menu:add', type=2, icon='', orderNum=0, gmtCreate=Mon Aug 14 10:59:32 CST 2017, gmtModified=null}, MenuDO{menuId=21, parentId=2, name='编辑', url='', perms='sys:menu:edit', type=2, icon='', orderNum=0, gmtCreate=Mon Aug 14 10:59:56 CST 2017, gmtModified=null}, MenuDO{menuId=22, parentId=2, name='删除', url='', perms='sys:menu:remove', type=2, icon='', orderNum=0, gmtCreate=Mon Aug 14 11:00:26 CST 2017, gmtModified=null}, MenuDO{menuId=24, parentId=6, name='批量删除', url='', perms='sys:user:batchRemove', type=2, icon='', orderNum=0, gmtCreate=Mon Aug 14 17:27:18 CST 2017, gmtModified=null}, MenuDO{menuId=25, parentId=6, name='停用', url='null', perms='sys:user:disable', type=2, icon='null', orderNum=0, gmtCreate=Mon Aug 14 17:27:43 CST 2017, gmtModified=null}, MenuDO{menuId=26, parentId=6, name='重置密码', url='', perms='sys:user:resetPwd', type=2, icon='', orderNum=0, gmtCreate=Mon Aug 14 17:28:34 CST 2017, gmtModified=null}, MenuDO{menuId=27, parentId=91, name='系统日志', url='common/log', perms='common:log', type=1, icon='fa fa-warning', orderNum=0, gmtCreate=Mon Aug 14 22:11:53 CST 2017, gmtModified=null}, MenuDO{menuId=28, parentId=27, name='刷新', url='null', perms='sys:log:list', type=2, icon='null', orderNum=0, gmtCreate=Mon Aug 14 22:30:22 CST 2017, gmtModified=null}, MenuDO{menuId=29, parentId=27, name='删除', url='null', perms='sys:log:remove', type=2, icon='null', orderNum=0, gmtCreate=Mon Aug 14 22:30:43 CST 2017, gmtModified=null}, MenuDO{menuId=30, parentId=27, name='清空', url='null', perms='sys:log:clear', type=2, icon='null', orderNum=0, gmtCreate=Mon Aug 14 22:31:02 CST 2017, gmtModified=null}, MenuDO{menuId=68, parentId=49, name='发布文章', url='/blog/bContent/add', perms='blog:bContent:add', type=1, icon='fa fa-edit', orderNum=0, gmtCreate=null, gmtModified=null}, MenuDO{menuId=3, parentId=0, name='系统管理', url='null', perms='null', type=0, icon='fa fa-desktop', orderNum=1, gmtCreate=Wed Aug 09 23:06:55 CST 2017, gmtModified=Mon Aug 14 14:13:43 CST 2017}, MenuDO{menuId=7, parentId=3, name='角色管理', url='sys/role', perms='sys:role:role', type=1, icon='fa fa-paw', orderNum=1, gmtCreate=Thu Aug 10 14:13:19 CST 2017, gmtModified=null}, MenuDO{menuId=50, parentId=49, name='文章列表', url='blog/bContent', perms='blog:bContent:bContent', type=1, icon='fa fa-file-image-o', orderNum=1, gmtCreate=null, gmtModified=null}, MenuDO{menuId=57, parentId=91, name='运行监控', url='/druid/index.html', perms='', type=1, icon='fa fa-caret-square-o-right', orderNum=1, gmtCreate=null, gmtModified=null}, MenuDO{menuId=74, parentId=73, name='增加', url='/system/sysDept/add', perms='system:sysDept:add', type=2, icon='null', orderNum=1, gmtCreate=null, gmtModified=null}, MenuDO{menuId=78, parentId=1, name='数据字典', url='/common/dict', perms='common:dict:dict', type=1, icon='fa fa-book', orderNum=1, gmtCreate=null, gmtModified=null}, MenuDO{menuId=86, parentId=85, name='新增', url='oa/notify/add', perms='oa:notify:add', type=2, icon='fa fa-plus', orderNum=1, gmtCreate=null, gmtModified=null}, MenuDO{menuId=2, parentId=3, name='系统菜单', url='sys/menu/', perms='sys:menu:menu', type=1, icon='fa fa-th-list', orderNum=2, gmtCreate=Wed Aug 09 22:55:15 CST 2017, gmtModified=null}, MenuDO{menuId=71, parentId=1, name='文件管理', url='/common/sysFile', perms='common:sysFile:sysFile', type=1, icon='fa fa-folder-open', orderNum=2, gmtCreate=null, gmtModified=null}, MenuDO{menuId=75, parentId=73, name='刪除', url='system/sysDept/remove', perms='system:sysDept:remove', type=2, icon='null', orderNum=2, gmtCreate=null, gmtModified=null}, MenuDO{menuId=79, parentId=78, name='增加', url='/common/dict/add', perms='common:dict:add', type=2, icon='null', orderNum=2, gmtCreate=null, gmtModified=null}, MenuDO{menuId=80, parentId=78, name='编辑', url='/common/dict/edit', perms='common:dict:edit', type=2, icon='null', orderNum=2, gmtCreate=null, gmtModified=null}, MenuDO{menuId=87, parentId=85, name='编辑', url='oa/notify/edit', perms='oa:notify:edit', type=2, icon='fa fa-pencil-square-o', orderNum=2, gmtCreate=null, gmtModified=null}, MenuDO{menuId=48, parentId=77, name='代码生成', url='common/generator', perms='common:generator', type=1, icon='fa fa-code', orderNum=3, gmtCreate=null, gmtModified=null}, MenuDO{menuId=73, parentId=3, name='部门管理', url='/system/sysDept', perms='system:sysDept:sysDept', type=1, icon='fa fa-users', orderNum=3, gmtCreate=null, gmtModified=null}, MenuDO{menuId=76, parentId=73, name='编辑', url='/system/sysDept/edit', perms='system:sysDept:edit', type=2, icon='null', orderNum=3, gmtCreate=null, gmtModified=null}, MenuDO{menuId=81, parentId=78, name='删除', url='/common/dict/remove', perms='common:dict:remove', type=2, icon='', orderNum=3, gmtCreate=null, gmtModified=null}, MenuDO{menuId=72, parentId=77, name='计划任务', url='common/job', perms='common:taskScheduleJob', type=1, icon='fa fa-hourglass-1', orderNum=4, gmtCreate=null, gmtModified=null}, MenuDO{menuId=77, parentId=0, name='系统工具', url='', perms='', type=0, icon='fa fa-gear', orderNum=4, gmtCreate=null, gmtModified=null}, MenuDO{menuId=83, parentId=78, name='批量删除', url='/common/dict/batchRemove', perms='common:dict:batchRemove', type=2, icon='', orderNum=4, gmtCreate=null, gmtModified=null}, MenuDO{menuId=84, parentId=0, name='办公管理', url='', perms='', type=0, icon='fa fa-laptop', orderNum=5, gmtCreate=null, gmtModified=null}, MenuDO{menuId=91, parentId=0, name='系统监控', url='', perms='', type=0, icon='fa fa-video-camera', orderNum=5, gmtCreate=null, gmtModified=null}, MenuDO{menuId=49, parentId=0, name='博客管理', url='', perms='', type=0, icon='fa fa-rss', orderNum=6, gmtCreate=null, gmtModified=null}, MenuDO{menuId=93, parentId=0, name='工作流程', url='', perms='', type=0, icon='fa fa-print', orderNum=6, gmtCreate=null, gmtModified=null}, MenuDO{menuId=97, parentId=0, name='图表管理', url='', perms='', type=0, icon='fa fa-bar-chart', orderNum=7, gmtCreate=null, gmtModified=null}]
2018-03-20 16:33:17 -请求地址 : http://127.0.0.1/sys/menu/edit/78
2018-03-20 16:33:17 -HTTP METHOD : GET
2018-03-20 16:33:17 -CLASS_METHOD : com.bootdo.system.controller.MenuController.edit
2018-03-20 16:33:17 -参数 : [{}, 78]
2018-03-20 16:33:17 -==>  Preparing: select `menu_id`,`parent_id`,`name`,`url`,`perms`,`type`,`icon`,`order_num`,`gmt_create`,`gmt_modified` from sys_menu where menu_id = ? 
2018-03-20 16:33:17 -==> Parameters: 78(Long)
2018-03-20 16:33:17 -<==      Total: 1
2018-03-20 16:33:17 -==>  Preparing: select `menu_id`,`parent_id`,`name`,`url`,`perms`,`type`,`icon`,`order_num`,`gmt_create`,`gmt_modified` from sys_menu where menu_id = ? 
2018-03-20 16:33:17 -==> Parameters: 1(Long)
2018-03-20 16:33:17 -<==      Total: 1
2018-03-20 16:33:17 -耗时 : 9
2018-03-20 16:33:17 -返回值 : system/menu/edit
2018-03-20 16:33:17 -==>  Preparing: insert into sys_log ( `user_id`, `username`, `operation`, `time`, `method`, `params`, `ip`, `gmt_create` ) values ( ?, ?, ?, ?, ?, ?, ?, ? ) 
2018-03-20 16:33:17 -==> Parameters: 1(Long), admin(String), 编辑菜单(String), 9(Integer), com.bootdo.system.controller.MenuController.edit()(String), null, 127.0.0.1(String), 2018-03-20 16:33:17.549(Timestamp)
2018-03-20 16:33:17 -<==    Updates: 1
2018-03-20 16:33:42 -请求地址 : http://127.0.0.1/sys/menu/edit/71
2018-03-20 16:33:42 -HTTP METHOD : GET
2018-03-20 16:33:42 -CLASS_METHOD : com.bootdo.system.controller.MenuController.edit
2018-03-20 16:33:42 -参数 : [{}, 71]
2018-03-20 16:33:42 -==>  Preparing: select `menu_id`,`parent_id`,`name`,`url`,`perms`,`type`,`icon`,`order_num`,`gmt_create`,`gmt_modified` from sys_menu where menu_id = ? 
2018-03-20 16:33:42 -==> Parameters: 71(Long)
2018-03-20 16:33:42 -<==      Total: 1
2018-03-20 16:33:42 -==>  Preparing: select `menu_id`,`parent_id`,`name`,`url`,`perms`,`type`,`icon`,`order_num`,`gmt_create`,`gmt_modified` from sys_menu where menu_id = ? 
2018-03-20 16:33:42 -==> Parameters: 1(Long)
2018-03-20 16:33:42 -<==      Total: 1
2018-03-20 16:33:42 -耗时 : 27
2018-03-20 16:33:42 -返回值 : system/menu/edit
2018-03-20 16:33:42 -==>  Preparing: insert into sys_log ( `user_id`, `username`, `operation`, `time`, `method`, `params`, `ip`, `gmt_create` ) values ( ?, ?, ?, ?, ?, ?, ?, ? ) 
2018-03-20 16:33:42 -==> Parameters: 1(Long), admin(String), 编辑菜单(String), 27(Integer), com.bootdo.system.controller.MenuController.edit()(String), null, 127.0.0.1(String), 2018-03-20 16:33:42.476(Timestamp)
2018-03-20 16:33:42 -<==    Updates: 1
2018-03-20 16:33:50 -请求地址 : http://127.0.0.1/common/sysFile
2018-03-20 16:33:50 -HTTP METHOD : GET
2018-03-20 16:33:50 -CLASS_METHOD : com.bootdo.common.controller.FileController.sysFile
2018-03-20 16:33:50 -参数 : [{}]
2018-03-20 16:33:50 -耗时 : 0
2018-03-20 16:33:50 -返回值 : common/file/file
2018-03-20 16:33:50 -请求地址 : http://127.0.0.1/common/sysFile/list
2018-03-20 16:33:50 -HTTP METHOD : GET
2018-03-20 16:33:50 -CLASS_METHOD : com.bootdo.common.controller.FileController.list
2018-03-20 16:33:50 -参数 : [{limit=12, offset=0, type=}]
2018-03-20 16:33:50 -==>  Preparing: select `id`,`type`,`url`,`create_date` from sys_file order by id desc limit ?, ? 
2018-03-20 16:33:50 -==> Parameters: 0(Integer), 12(Integer)
2018-03-20 16:33:50 -<==      Total: 8
2018-03-20 16:33:50 -==>  Preparing: select count(*) from sys_file 
2018-03-20 16:33:50 -==> Parameters: 
2018-03-20 16:33:50 -<==      Total: 1
2018-03-20 16:33:50 -耗时 : 45
2018-03-20 16:33:50 -返回值 : com.bootdo.common.utils.PageUtils@6fde2faa
2018-03-20 16:33:56 -请求地址 : http://127.0.0.1/common/sysFile/list
2018-03-20 16:33:56 -HTTP METHOD : GET
2018-03-20 16:33:56 -CLASS_METHOD : com.bootdo.common.controller.FileController.list
2018-03-20 16:33:56 -参数 : [{limit=12, offset=0, type=}]
2018-03-20 16:33:56 -==>  Preparing: select `id`,`type`,`url`,`create_date` from sys_file order by id desc limit ?, ? 
2018-03-20 16:33:56 -==> Parameters: 0(Integer), 12(Integer)
2018-03-20 16:33:56 -<==      Total: 8
2018-03-20 16:33:56 -==>  Preparing: select count(*) from sys_file 
2018-03-20 16:33:56 -==> Parameters: 
2018-03-20 16:33:56 -<==      Total: 1
2018-03-20 16:33:56 -耗时 : 11
2018-03-20 16:33:56 -返回值 : com.bootdo.common.utils.PageUtils@5b96b07b
2018-03-20 16:33:57 -请求地址 : http://127.0.0.1/common/sysFile/list
2018-03-20 16:33:57 -HTTP METHOD : GET
2018-03-20 16:33:57 -CLASS_METHOD : com.bootdo.common.controller.FileController.list
2018-03-20 16:33:57 -参数 : [{limit=12, offset=0, type=0}]
2018-03-20 16:33:57 -==>  Preparing: select `id`,`type`,`url`,`create_date` from sys_file WHERE type = ? order by id desc limit ?, ? 
2018-03-20 16:33:57 -==> Parameters: 0(String), 0(Integer), 12(Integer)
2018-03-20 16:33:57 -<==      Total: 8
2018-03-20 16:33:57 -==>  Preparing: select count(*) from sys_file WHERE type = ? 
2018-03-20 16:33:57 -==> Parameters: 0(String)
2018-03-20 16:33:57 -<==      Total: 1
2018-03-20 16:33:57 -耗时 : 7
2018-03-20 16:33:57 -返回值 : com.bootdo.common.utils.PageUtils@c9e1103
2018-03-20 16:33:57 -请求地址 : http://127.0.0.1/common/sysFile/list
2018-03-20 16:33:57 -HTTP METHOD : GET
2018-03-20 16:33:57 -CLASS_METHOD : com.bootdo.common.controller.FileController.list
2018-03-20 16:33:57 -参数 : [{limit=12, offset=0, type=1}]
2018-03-20 16:33:57 -==>  Preparing: select `id`,`type`,`url`,`create_date` from sys_file WHERE type = ? order by id desc limit ?, ? 
2018-03-20 16:33:57 -==> Parameters: 1(String), 0(Integer), 12(Integer)
2018-03-20 16:33:57 -<==      Total: 0
2018-03-20 16:33:57 -==>  Preparing: select count(*) from sys_file WHERE type = ? 
2018-03-20 16:33:57 -==> Parameters: 1(String)
2018-03-20 16:33:57 -<==      Total: 1
2018-03-20 16:33:57 -耗时 : 6
2018-03-20 16:33:57 -返回值 : com.bootdo.common.utils.PageUtils@1de834b
2018-03-20 16:33:59 -请求地址 : http://127.0.0.1/common/sysFile/list
2018-03-20 16:33:59 -HTTP METHOD : GET
2018-03-20 16:33:59 -CLASS_METHOD : com.bootdo.common.controller.FileController.list
2018-03-20 16:33:59 -参数 : [{limit=12, offset=0, type=0}]
2018-03-20 16:33:59 -==>  Preparing: select `id`,`type`,`url`,`create_date` from sys_file WHERE type = ? order by id desc limit ?, ? 
2018-03-20 16:33:59 -==> Parameters: 0(String), 0(Integer), 12(Integer)
2018-03-20 16:33:59 -<==      Total: 8
2018-03-20 16:33:59 -==>  Preparing: select count(*) from sys_file WHERE type = ? 
2018-03-20 16:33:59 -==> Parameters: 0(String)
2018-03-20 16:33:59 -<==      Total: 1
2018-03-20 16:33:59 -耗时 : 6
2018-03-20 16:33:59 -返回值 : com.bootdo.common.utils.PageUtils@266e671b
2018-03-20 16:34:00 -请求地址 : http://127.0.0.1/common/sysFile/list
2018-03-20 16:34:00 -HTTP METHOD : GET
2018-03-20 16:34:00 -CLASS_METHOD : com.bootdo.common.controller.FileController.list
2018-03-20 16:34:00 -参数 : [{limit=12, offset=0, type=2}]
2018-03-20 16:34:00 -==>  Preparing: select `id`,`type`,`url`,`create_date` from sys_file WHERE type = ? order by id desc limit ?, ? 
2018-03-20 16:34:00 -==> Parameters: 2(String), 0(Integer), 12(Integer)
2018-03-20 16:34:00 -<==      Total: 0
2018-03-20 16:34:00 -==>  Preparing: select count(*) from sys_file WHERE type = ? 
2018-03-20 16:34:00 -==> Parameters: 2(String)
2018-03-20 16:34:00 -<==      Total: 1
2018-03-20 16:34:00 -耗时 : 6
2018-03-20 16:34:00 -返回值 : com.bootdo.common.utils.PageUtils@64ab3614
2018-03-20 16:34:01 -请求地址 : http://127.0.0.1/common/sysFile/list
2018-03-20 16:34:01 -HTTP METHOD : GET
2018-03-20 16:34:01 -CLASS_METHOD : com.bootdo.common.controller.FileController.list
2018-03-20 16:34:01 -参数 : [{limit=12, offset=0, type=3}]
2018-03-20 16:34:01 -==>  Preparing: select `id`,`type`,`url`,`create_date` from sys_file WHERE type = ? order by id desc limit ?, ? 
2018-03-20 16:34:01 -==> Parameters: 3(String), 0(Integer), 12(Integer)
2018-03-20 16:34:01 -<==      Total: 0
2018-03-20 16:34:01 -==>  Preparing: select count(*) from sys_file WHERE type = ? 
2018-03-20 16:34:01 -==> Parameters: 3(String)
2018-03-20 16:34:01 -<==      Total: 1
2018-03-20 16:34:01 -耗时 : 5
2018-03-20 16:34:01 -返回值 : com.bootdo.common.utils.PageUtils@26fed5a7
2018-03-20 16:34:02 -请求地址 : http://127.0.0.1/common/sysFile/list
2018-03-20 16:34:02 -HTTP METHOD : GET
2018-03-20 16:34:02 -CLASS_METHOD : com.bootdo.common.controller.FileController.list
2018-03-20 16:34:02 -参数 : [{limit=12, offset=0, type=99}]
2018-03-20 16:34:02 -==>  Preparing: select `id`,`type`,`url`,`create_date` from sys_file WHERE type = ? order by id desc limit ?, ? 
2018-03-20 16:34:02 -==> Parameters: 99(String), 0(Integer), 12(Integer)
2018-03-20 16:34:02 -<==      Total: 0
2018-03-20 16:34:02 -==>  Preparing: select count(*) from sys_file WHERE type = ? 
2018-03-20 16:34:02 -==> Parameters: 99(String)
2018-03-20 16:34:02 -<==      Total: 1
2018-03-20 16:34:02 -耗时 : 6
2018-03-20 16:34:02 -返回值 : com.bootdo.common.utils.PageUtils@4e03889e
2018-03-20 16:34:03 -请求地址 : http://127.0.0.1/common/sysFile/list
2018-03-20 16:34:03 -HTTP METHOD : GET
2018-03-20 16:34:03 -CLASS_METHOD : com.bootdo.common.controller.FileController.list
2018-03-20 16:34:03 -参数 : [{limit=12, offset=0, type=}]
2018-03-20 16:34:03 -==>  Preparing: select `id`,`type`,`url`,`create_date` from sys_file order by id desc limit ?, ? 
2018-03-20 16:34:03 -==> Parameters: 0(Integer), 12(Integer)
2018-03-20 16:34:03 -<==      Total: 8
2018-03-20 16:34:03 -==>  Preparing: select count(*) from sys_file 
2018-03-20 16:34:03 -==> Parameters: 
2018-03-20 16:34:03 -<==      Total: 1
2018-03-20 16:34:03 -耗时 : 8
2018-03-20 16:34:03 -返回值 : com.bootdo.common.utils.PageUtils@594f0dae
2018-03-20 16:34:30 -请求地址 : http://127.0.0.1/common/sysFile/remove
2018-03-20 16:34:30 -HTTP METHOD : POST
2018-03-20 16:34:30 -CLASS_METHOD : com.bootdo.common.controller.FileController.remove
2018-03-20 16:34:30 -参数 : [139, org.apache.catalina.connector.RequestFacade@4f54ff29]
2018-03-20 16:34:30 -==>  Preparing: select `id`,`type`,`url`,`create_date` from sys_file where id = ? 
2018-03-20 16:34:30 -==> Parameters: 139(Long)
2018-03-20 16:34:30 -<==      Total: 1
2018-03-20 16:34:30 -==>  Preparing: delete from sys_file where id = ? 
2018-03-20 16:34:30 -==> Parameters: 139(Long)
2018-03-20 16:34:30 -<==    Updates: 1
2018-03-20 16:34:30 -耗时 : 75
2018-03-20 16:34:30 -返回值 : {msg=数据库记录删除成功，文件删除失败, code=500}
2018-03-20 16:34:30 -请求地址 : http://127.0.0.1/common/sysFile/list
2018-03-20 16:34:30 -HTTP METHOD : GET
2018-03-20 16:34:30 -CLASS_METHOD : com.bootdo.common.controller.FileController.list
2018-03-20 16:34:30 -参数 : [{limit=12, offset=0, type=}]
2018-03-20 16:34:30 -==>  Preparing: select `id`,`type`,`url`,`create_date` from sys_file order by id desc limit ?, ? 
2018-03-20 16:34:30 -==> Parameters: 0(Integer), 12(Integer)
2018-03-20 16:34:30 -<==      Total: 7
2018-03-20 16:34:30 -==>  Preparing: select count(*) from sys_file 
2018-03-20 16:34:30 -==> Parameters: 
2018-03-20 16:34:30 -<==      Total: 1
2018-03-20 16:34:30 -耗时 : 7
2018-03-20 16:34:30 -返回值 : com.bootdo.common.utils.PageUtils@6a15816
2018-03-20 16:34:32 -请求地址 : http://127.0.0.1/common/sysFile/remove
2018-03-20 16:34:32 -HTTP METHOD : POST
2018-03-20 16:34:32 -CLASS_METHOD : com.bootdo.common.controller.FileController.remove
2018-03-20 16:34:32 -参数 : [138, org.apache.catalina.connector.RequestFacade@4f54ff29]
2018-03-20 16:34:32 -==>  Preparing: select `id`,`type`,`url`,`create_date` from sys_file where id = ? 
2018-03-20 16:34:32 -==> Parameters: 138(Long)
2018-03-20 16:34:32 -<==      Total: 1
2018-03-20 16:34:32 -==>  Preparing: delete from sys_file where id = ? 
2018-03-20 16:34:32 -==> Parameters: 138(Long)
2018-03-20 16:34:32 -<==    Updates: 1
2018-03-20 16:34:32 -耗时 : 7
2018-03-20 16:34:32 -返回值 : {msg=数据库记录删除成功，文件删除失败, code=500}
2018-03-20 16:34:32 -请求地址 : http://127.0.0.1/common/sysFile/list
2018-03-20 16:34:32 -HTTP METHOD : GET
2018-03-20 16:34:32 -CLASS_METHOD : com.bootdo.common.controller.FileController.list
2018-03-20 16:34:32 -参数 : [{limit=12, offset=0, type=}]
2018-03-20 16:34:32 -==>  Preparing: select `id`,`type`,`url`,`create_date` from sys_file order by id desc limit ?, ? 
2018-03-20 16:34:32 -==> Parameters: 0(Integer), 12(Integer)
2018-03-20 16:34:32 -<==      Total: 6
2018-03-20 16:34:32 -==>  Preparing: select count(*) from sys_file 
2018-03-20 16:34:32 -==> Parameters: 
2018-03-20 16:34:32 -<==      Total: 1
2018-03-20 16:34:32 -耗时 : 11
2018-03-20 16:34:32 -返回值 : com.bootdo.common.utils.PageUtils@72152e71
2018-03-20 16:34:33 -请求地址 : http://127.0.0.1/common/sysFile/remove
2018-03-20 16:34:33 -HTTP METHOD : POST
2018-03-20 16:34:33 -CLASS_METHOD : com.bootdo.common.controller.FileController.remove
2018-03-20 16:34:33 -参数 : [134, org.apache.catalina.connector.RequestFacade@4f54ff29]
2018-03-20 16:34:33 -==>  Preparing: select `id`,`type`,`url`,`create_date` from sys_file where id = ? 
2018-03-20 16:34:33 -==> Parameters: 134(Long)
2018-03-20 16:34:33 -<==      Total: 1
2018-03-20 16:34:33 -==>  Preparing: delete from sys_file where id = ? 
2018-03-20 16:34:33 -==> Parameters: 134(Long)
2018-03-20 16:34:33 -<==    Updates: 1
2018-03-20 16:34:33 -耗时 : 8
2018-03-20 16:34:33 -返回值 : {msg=数据库记录删除成功，文件删除失败, code=500}
2018-03-20 16:34:33 -请求地址 : http://127.0.0.1/common/sysFile/list
2018-03-20 16:34:33 -HTTP METHOD : GET
2018-03-20 16:34:33 -CLASS_METHOD : com.bootdo.common.controller.FileController.list
2018-03-20 16:34:33 -参数 : [{limit=12, offset=0, type=}]
2018-03-20 16:34:33 -==>  Preparing: select `id`,`type`,`url`,`create_date` from sys_file order by id desc limit ?, ? 
2018-03-20 16:34:33 -==> Parameters: 0(Integer), 12(Integer)
2018-03-20 16:34:33 -<==      Total: 5
2018-03-20 16:34:33 -==>  Preparing: select count(*) from sys_file 
2018-03-20 16:34:33 -==> Parameters: 
2018-03-20 16:34:33 -<==      Total: 1
2018-03-20 16:34:33 -耗时 : 20
2018-03-20 16:34:33 -返回值 : com.bootdo.common.utils.PageUtils@61ebf726
2018-03-20 16:34:35 -请求地址 : http://127.0.0.1/common/sysFile/remove
2018-03-20 16:34:35 -HTTP METHOD : POST
2018-03-20 16:34:35 -CLASS_METHOD : com.bootdo.common.controller.FileController.remove
2018-03-20 16:34:35 -参数 : [132, org.apache.catalina.connector.RequestFacade@4f54ff29]
2018-03-20 16:34:35 -==>  Preparing: select `id`,`type`,`url`,`create_date` from sys_file where id = ? 
2018-03-20 16:34:35 -==> Parameters: 132(Long)
2018-03-20 16:34:35 -<==      Total: 1
2018-03-20 16:34:35 -==>  Preparing: delete from sys_file where id = ? 
2018-03-20 16:34:35 -==> Parameters: 132(Long)
2018-03-20 16:34:35 -<==    Updates: 1
2018-03-20 16:34:35 -耗时 : 9
2018-03-20 16:34:35 -返回值 : {msg=数据库记录删除成功，文件删除失败, code=500}
2018-03-20 16:34:35 -请求地址 : http://127.0.0.1/common/sysFile/list
2018-03-20 16:34:35 -HTTP METHOD : GET
2018-03-20 16:34:35 -CLASS_METHOD : com.bootdo.common.controller.FileController.list
2018-03-20 16:34:35 -参数 : [{limit=12, offset=0, type=}]
2018-03-20 16:34:35 -==>  Preparing: select `id`,`type`,`url`,`create_date` from sys_file order by id desc limit ?, ? 
2018-03-20 16:34:35 -==> Parameters: 0(Integer), 12(Integer)
2018-03-20 16:34:35 -<==      Total: 4
2018-03-20 16:34:35 -==>  Preparing: select count(*) from sys_file 
2018-03-20 16:34:35 -==> Parameters: 
2018-03-20 16:34:35 -<==      Total: 1
2018-03-20 16:34:35 -耗时 : 15
2018-03-20 16:34:35 -返回值 : com.bootdo.common.utils.PageUtils@24d1d0b3
2018-03-20 16:34:37 -请求地址 : http://127.0.0.1/common/sysFile/remove
2018-03-20 16:34:37 -HTTP METHOD : POST
2018-03-20 16:34:37 -CLASS_METHOD : com.bootdo.common.controller.FileController.remove
2018-03-20 16:34:37 -参数 : [118, org.apache.catalina.connector.RequestFacade@4f54ff29]
2018-03-20 16:34:37 -==>  Preparing: select `id`,`type`,`url`,`create_date` from sys_file where id = ? 
2018-03-20 16:34:37 -==> Parameters: 118(Long)
2018-03-20 16:34:37 -<==      Total: 1
2018-03-20 16:34:37 -==>  Preparing: delete from sys_file where id = ? 
2018-03-20 16:34:37 -==> Parameters: 118(Long)
2018-03-20 16:34:37 -<==    Updates: 1
2018-03-20 16:34:37 -耗时 : 17
2018-03-20 16:34:37 -返回值 : {msg=数据库记录删除成功，文件删除失败, code=500}
2018-03-20 16:34:37 -请求地址 : http://127.0.0.1/common/sysFile/list
2018-03-20 16:34:37 -HTTP METHOD : GET
2018-03-20 16:34:37 -CLASS_METHOD : com.bootdo.common.controller.FileController.list
2018-03-20 16:34:37 -参数 : [{limit=12, offset=0, type=}]
2018-03-20 16:34:37 -==>  Preparing: select `id`,`type`,`url`,`create_date` from sys_file order by id desc limit ?, ? 
2018-03-20 16:34:37 -==> Parameters: 0(Integer), 12(Integer)
2018-03-20 16:34:37 -<==      Total: 3
2018-03-20 16:34:37 -==>  Preparing: select count(*) from sys_file 
2018-03-20 16:34:37 -==> Parameters: 
2018-03-20 16:34:37 -<==      Total: 1
2018-03-20 16:34:37 -耗时 : 5
2018-03-20 16:34:37 -返回值 : com.bootdo.common.utils.PageUtils@6db12a3d
2018-03-20 16:34:39 -请求地址 : http://127.0.0.1/common/sysFile/remove
2018-03-20 16:34:39 -HTTP METHOD : POST
2018-03-20 16:34:39 -CLASS_METHOD : com.bootdo.common.controller.FileController.remove
2018-03-20 16:34:39 -参数 : [114, org.apache.catalina.connector.RequestFacade@4f54ff29]
2018-03-20 16:34:39 -==>  Preparing: select `id`,`type`,`url`,`create_date` from sys_file where id = ? 
2018-03-20 16:34:39 -==> Parameters: 114(Long)
2018-03-20 16:34:39 -<==      Total: 1
2018-03-20 16:34:39 -==>  Preparing: delete from sys_file where id = ? 
2018-03-20 16:34:39 -==> Parameters: 114(Long)
2018-03-20 16:34:39 -<==    Updates: 1
2018-03-20 16:34:39 -耗时 : 6
2018-03-20 16:34:39 -返回值 : {msg=数据库记录删除成功，文件删除失败, code=500}
2018-03-20 16:34:39 -请求地址 : http://127.0.0.1/common/sysFile/list
2018-03-20 16:34:39 -HTTP METHOD : GET
2018-03-20 16:34:39 -CLASS_METHOD : com.bootdo.common.controller.FileController.list
2018-03-20 16:34:39 -参数 : [{limit=12, offset=0, type=}]
2018-03-20 16:34:39 -==>  Preparing: select `id`,`type`,`url`,`create_date` from sys_file order by id desc limit ?, ? 
2018-03-20 16:34:39 -==> Parameters: 0(Integer), 12(Integer)
2018-03-20 16:34:39 -<==      Total: 2
2018-03-20 16:34:39 -==>  Preparing: select count(*) from sys_file 
2018-03-20 16:34:39 -==> Parameters: 
2018-03-20 16:34:39 -<==      Total: 1
2018-03-20 16:34:39 -耗时 : 8
2018-03-20 16:34:39 -返回值 : com.bootdo.common.utils.PageUtils@1ed389d7
2018-03-20 16:34:40 -请求地址 : http://127.0.0.1/common/sysFile/remove
2018-03-20 16:34:40 -HTTP METHOD : POST
2018-03-20 16:34:40 -CLASS_METHOD : com.bootdo.common.controller.FileController.remove
2018-03-20 16:34:40 -参数 : [110, org.apache.catalina.connector.RequestFacade@4f54ff29]
2018-03-20 16:34:40 -==>  Preparing: select `id`,`type`,`url`,`create_date` from sys_file where id = ? 
2018-03-20 16:34:40 -==> Parameters: 110(Long)
2018-03-20 16:34:40 -<==      Total: 1
2018-03-20 16:34:40 -==>  Preparing: delete from sys_file where id = ? 
2018-03-20 16:34:40 -==> Parameters: 110(Long)
2018-03-20 16:34:40 -<==    Updates: 1
2018-03-20 16:34:40 -耗时 : 58
2018-03-20 16:34:40 -返回值 : {msg=数据库记录删除成功，文件删除失败, code=500}
2018-03-20 16:34:40 -请求地址 : http://127.0.0.1/common/sysFile/list
2018-03-20 16:34:40 -HTTP METHOD : GET
2018-03-20 16:34:40 -CLASS_METHOD : com.bootdo.common.controller.FileController.list
2018-03-20 16:34:40 -参数 : [{limit=12, offset=0, type=}]
2018-03-20 16:34:40 -==>  Preparing: select `id`,`type`,`url`,`create_date` from sys_file order by id desc limit ?, ? 
2018-03-20 16:34:40 -==> Parameters: 0(Integer), 12(Integer)
2018-03-20 16:34:40 -<==      Total: 1
2018-03-20 16:34:40 -==>  Preparing: select count(*) from sys_file 
2018-03-20 16:34:40 -==> Parameters: 
2018-03-20 16:34:40 -<==      Total: 1
2018-03-20 16:34:40 -耗时 : 9
2018-03-20 16:34:40 -返回值 : com.bootdo.common.utils.PageUtils@3296f4b8
2018-03-20 16:34:42 -请求地址 : http://127.0.0.1/common/sysFile/remove
2018-03-20 16:34:42 -HTTP METHOD : POST
2018-03-20 16:34:42 -CLASS_METHOD : com.bootdo.common.controller.FileController.remove
2018-03-20 16:34:42 -参数 : [111, org.apache.catalina.connector.RequestFacade@4f54ff29]
2018-03-20 16:34:42 -==>  Preparing: select `id`,`type`,`url`,`create_date` from sys_file where id = ? 
2018-03-20 16:34:42 -==> Parameters: 111(Long)
2018-03-20 16:34:42 -<==      Total: 1
2018-03-20 16:34:42 -==>  Preparing: delete from sys_file where id = ? 
2018-03-20 16:34:42 -==> Parameters: 111(Long)
2018-03-20 16:34:42 -<==    Updates: 1
2018-03-20 16:34:42 -耗时 : 8
2018-03-20 16:34:42 -返回值 : {msg=数据库记录删除成功，文件删除失败, code=500}
2018-03-20 16:34:42 -请求地址 : http://127.0.0.1/common/sysFile/list
2018-03-20 16:34:42 -HTTP METHOD : GET
2018-03-20 16:34:42 -CLASS_METHOD : com.bootdo.common.controller.FileController.list
2018-03-20 16:34:42 -参数 : [{limit=12, offset=0, type=}]
2018-03-20 16:34:42 -==>  Preparing: select `id`,`type`,`url`,`create_date` from sys_file order by id desc limit ?, ? 
2018-03-20 16:34:42 -==> Parameters: 0(Integer), 12(Integer)
2018-03-20 16:34:42 -<==      Total: 0
2018-03-20 16:34:42 -==>  Preparing: select count(*) from sys_file 
2018-03-20 16:34:42 -==> Parameters: 
2018-03-20 16:34:42 -<==      Total: 1
2018-03-20 16:34:42 -耗时 : 7
2018-03-20 16:34:42 -返回值 : com.bootdo.common.utils.PageUtils@2478c471
2018-03-20 16:34:45 -请求地址 : http://127.0.0.1/common/sysFile/list
2018-03-20 16:34:45 -HTTP METHOD : GET
2018-03-20 16:34:45 -CLASS_METHOD : com.bootdo.common.controller.FileController.list
2018-03-20 16:34:45 -参数 : [{limit=12, offset=0, type=}]
2018-03-20 16:34:45 -==>  Preparing: select `id`,`type`,`url`,`create_date` from sys_file order by id desc limit ?, ? 
2018-03-20 16:34:45 -==> Parameters: 0(Integer), 12(Integer)
2018-03-20 16:34:45 -<==      Total: 0
2018-03-20 16:34:45 -==>  Preparing: select count(*) from sys_file 
2018-03-20 16:34:45 -==> Parameters: 
2018-03-20 16:34:45 -<==      Total: 1
2018-03-20 16:34:45 -耗时 : 6
2018-03-20 16:34:45 -返回值 : com.bootdo.common.utils.PageUtils@32d75fbf
2018-03-20 16:34:56 -请求地址 : http://127.0.0.1/sys/menu/edit/78
2018-03-20 16:34:56 -HTTP METHOD : GET
2018-03-20 16:34:56 -CLASS_METHOD : com.bootdo.system.controller.MenuController.edit
2018-03-20 16:34:56 -参数 : [{}, 78]
2018-03-20 16:34:56 -==>  Preparing: select `menu_id`,`parent_id`,`name`,`url`,`perms`,`type`,`icon`,`order_num`,`gmt_create`,`gmt_modified` from sys_menu where menu_id = ? 
2018-03-20 16:34:56 -==> Parameters: 78(Long)
2018-03-20 16:34:56 -<==      Total: 1
2018-03-20 16:34:56 -==>  Preparing: select `menu_id`,`parent_id`,`name`,`url`,`perms`,`type`,`icon`,`order_num`,`gmt_create`,`gmt_modified` from sys_menu where menu_id = ? 
2018-03-20 16:34:56 -==> Parameters: 1(Long)
2018-03-20 16:34:56 -<==      Total: 1
2018-03-20 16:34:56 -耗时 : 14
2018-03-20 16:34:56 -返回值 : system/menu/edit
2018-03-20 16:34:56 -==>  Preparing: insert into sys_log ( `user_id`, `username`, `operation`, `time`, `method`, `params`, `ip`, `gmt_create` ) values ( ?, ?, ?, ?, ?, ?, ?, ? ) 
2018-03-20 16:34:56 -==> Parameters: 1(Long), admin(String), 编辑菜单(String), 22(Integer), com.bootdo.system.controller.MenuController.edit()(String), null, 127.0.0.1(String), 2018-03-20 16:34:56.774(Timestamp)
2018-03-20 16:34:56 -<==    Updates: 1
2018-03-20 16:35:10 -请求地址 : http://127.0.0.1/sys/menu/edit/1
2018-03-20 16:35:10 -HTTP METHOD : GET
2018-03-20 16:35:10 -CLASS_METHOD : com.bootdo.system.controller.MenuController.edit
2018-03-20 16:35:10 -参数 : [{}, 1]
2018-03-20 16:35:10 -==>  Preparing: select `menu_id`,`parent_id`,`name`,`url`,`perms`,`type`,`icon`,`order_num`,`gmt_create`,`gmt_modified` from sys_menu where menu_id = ? 
2018-03-20 16:35:10 -==> Parameters: 1(Long)
2018-03-20 16:35:10 -<==      Total: 1
2018-03-20 16:35:10 -耗时 : 87
2018-03-20 16:35:10 -返回值 : system/menu/edit
2018-03-20 16:35:10 -==>  Preparing: insert into sys_log ( `user_id`, `username`, `operation`, `time`, `method`, `params`, `ip`, `gmt_create` ) values ( ?, ?, ?, ?, ?, ?, ?, ? ) 
2018-03-20 16:35:10 -==> Parameters: 1(Long), admin(String), 编辑菜单(String), 87(Integer), com.bootdo.system.controller.MenuController.edit()(String), null, 127.0.0.1(String), 2018-03-20 16:35:10.261(Timestamp)
2018-03-20 16:35:10 -<==    Updates: 1
2018-03-20 16:35:41 -请求地址 : http://127.0.0.1/sys/menu/edit/78
2018-03-20 16:35:41 -HTTP METHOD : GET
2018-03-20 16:35:41 -CLASS_METHOD : com.bootdo.system.controller.MenuController.edit
2018-03-20 16:35:41 -参数 : [{}, 78]
2018-03-20 16:35:41 -==>  Preparing: select `menu_id`,`parent_id`,`name`,`url`,`perms`,`type`,`icon`,`order_num`,`gmt_create`,`gmt_modified` from sys_menu where menu_id = ? 
2018-03-20 16:35:41 -==> Parameters: 78(Long)
2018-03-20 16:35:41 -<==      Total: 1
2018-03-20 16:35:41 -==>  Preparing: select `menu_id`,`parent_id`,`name`,`url`,`perms`,`type`,`icon`,`order_num`,`gmt_create`,`gmt_modified` from sys_menu where menu_id = ? 
2018-03-20 16:35:41 -==> Parameters: 1(Long)
2018-03-20 16:35:41 -<==      Total: 1
2018-03-20 16:35:41 -耗时 : 61
2018-03-20 16:35:41 -返回值 : system/menu/edit
2018-03-20 16:35:41 -==>  Preparing: insert into sys_log ( `user_id`, `username`, `operation`, `time`, `method`, `params`, `ip`, `gmt_create` ) values ( ?, ?, ?, ?, ?, ?, ?, ? ) 
2018-03-20 16:35:41 -==> Parameters: 1(Long), admin(String), 编辑菜单(String), 61(Integer), com.bootdo.system.controller.MenuController.edit()(String), null, 127.0.0.1(String), 2018-03-20 16:35:41.29(Timestamp)
2018-03-20 16:35:41 -<==    Updates: 1
2018-03-20 16:37:10 -请求地址 : http://127.0.0.1/sys/menu/update
2018-03-20 16:37:10 -HTTP METHOD : POST
2018-03-20 16:37:10 -CLASS_METHOD : com.bootdo.system.controller.MenuController.update
2018-03-20 16:37:10 -参数 : [MenuDO{menuId=78, parentId=1, name='数据字典', url='/common/dict', perms='common:dict:dict', type=1, icon='fa fa-braille', orderNum=1, gmtCreate=null, gmtModified=null}]
2018-03-20 16:37:10 -==>  Preparing: update sys_menu SET `parent_id` = ?, `name` = ?, `url` = ?, `perms` = ?, `type` = ?, `icon` = ?, `order_num` = ? where menu_id = ? 
2018-03-20 16:37:10 -==> Parameters: 1(Long), 数据字典(String), /common/dict(String), common:dict:dict(String), 1(Integer), fa fa-braille(String), 1(Integer), 78(Long)
2018-03-20 16:37:10 -<==    Updates: 1
2018-03-20 16:37:10 -耗时 : 108
2018-03-20 16:37:10 -返回值 : {msg=操作成功, code=0}
2018-03-20 16:37:10 -==>  Preparing: insert into sys_log ( `user_id`, `username`, `operation`, `time`, `method`, `params`, `ip`, `gmt_create` ) values ( ?, ?, ?, ?, ?, ?, ?, ? ) 
2018-03-20 16:37:10 -==> Parameters: 1(Long), admin(String), 更新菜单(String), 108(Integer), com.bootdo.system.controller.MenuController.update()(String), null, 127.0.0.1(String), 2018-03-20 16:37:10.737(Timestamp)
2018-03-20 16:37:10 -<==    Updates: 1
2018-03-20 16:37:10 -请求地址 : http://127.0.0.1/sys/menu/list
2018-03-20 16:37:10 -HTTP METHOD : GET
2018-03-20 16:37:10 -CLASS_METHOD : com.bootdo.system.controller.MenuController.list
2018-03-20 16:37:10 -参数 : [{sort=order_num}]
2018-03-20 16:37:10 -==>  Preparing: select `menu_id`,`parent_id`,`name`,`url`,`perms`,`type`,`icon`,`order_num`,`gmt_create`,`gmt_modified` from sys_menu order by order_num 
2018-03-20 16:37:10 -==> Parameters: 
2018-03-20 16:37:10 -<==      Total: 61
2018-03-20 16:37:10 -耗时 : 21
2018-03-20 16:37:10 -返回值 : [MenuDO{menuId=51, parentId=50, name='新增', url='', perms='blog:bContent:add', type=2, icon='', orderNum=null, gmtCreate=null, gmtModified=null}, MenuDO{menuId=55, parentId=7, name='编辑', url='', perms='sys:role:edit', type=2, icon='', orderNum=null, gmtCreate=null, gmtModified=null}, MenuDO{menuId=56, parentId=7, name='删除', url='', perms='sys:role:remove', type=2, icon='null', orderNum=null, gmtCreate=null, gmtModified=null}, MenuDO{menuId=58, parentId=50, name='编辑', url='', perms='blog:bContent:edit', type=2, icon='null', orderNum=null, gmtCreate=null, gmtModified=null}, MenuDO{menuId=59, parentId=50, name='删除', url='', perms='blog:bContent:remove', type=2, icon='null', orderNum=null, gmtCreate=null, gmtModified=null}, MenuDO{menuId=60, parentId=50, name='批量删除', url='', perms='blog:bContent:batchRemove', type=2, icon='null', orderNum=null, gmtCreate=null, gmtModified=null}, MenuDO{menuId=61, parentId=2, name='批量删除', url='', perms='sys:menu:batchRemove', type=2, icon='null', orderNum=null, gmtCreate=null, gmtModified=null}, MenuDO{menuId=62, parentId=7, name='批量删除', url='', perms='sys:role:batchRemove', type=2, icon='null', orderNum=null, gmtCreate=null, gmtModified=null}, MenuDO{menuId=85, parentId=84, name='通知公告', url='oa/notify', perms='oa:notify:notify', type=1, icon='fa fa-pencil-square', orderNum=null, gmtCreate=null, gmtModified=null}, MenuDO{menuId=88, parentId=85, name='删除', url='oa/notify/remove', perms='oa:notify:remove', type=2, icon='fa fa-minus', orderNum=null, gmtCreate=null, gmtModified=null}, MenuDO{menuId=89, parentId=85, name='批量删除', url='oa/notify/batchRemove', perms='oa:notify:batchRemove', type=2, icon='', orderNum=null, gmtCreate=null, gmtModified=null}, MenuDO{menuId=90, parentId=84, name='我的通知', url='oa/notify/selfNotify', perms='', type=1, icon='fa fa-envelope-square', orderNum=null, gmtCreate=null, gmtModified=null}, MenuDO{menuId=92, parentId=91, name='在线用户', url='sys/online', perms='', type=1, icon='fa fa-user', orderNum=null, gmtCreate=null, gmtModified=null}, MenuDO{menuId=94, parentId=93, name='模型管理', url='activiti/model', perms='', type=1, icon='fa fa-sort-amount-asc', orderNum=null, gmtCreate=null, gmtModified=null}, MenuDO{menuId=95, parentId=94, name='全部权限', url='', perms='activiti:model', type=2, icon='', orderNum=null, gmtCreate=null, gmtModified=null}, MenuDO{menuId=96, parentId=93, name='流程管理', url='activiti/process', perms='', type=1, icon='fa fa-flag', orderNum=null, gmtCreate=null, gmtModified=null}, MenuDO{menuId=98, parentId=97, name='百度chart', url='/chart/graph_echarts.html', perms='', type=1, icon='fa fa-area-chart', orderNum=null, gmtCreate=null, gmtModified=null}, MenuDO{menuId=99, parentId=96, name='所有权限', url='', perms='act:process', type=2, icon='', orderNum=null, gmtCreate=null, gmtModified=null}, MenuDO{menuId=101, parentId=93, name='待办任务', url='activiti/task/todo', perms='', type=1, icon='', orderNum=null, gmtCreate=null, gmtModified=null}, MenuDO{menuId=1, parentId=0, name='基础管理', url='', perms='', type=0, icon='fa fa-bars', orderNum=0, gmtCreate=Wed Aug 09 22:49:47 CST 2017, gmtModified=null}, MenuDO{menuId=6, parentId=3, name='用户管理', url='sys/user/', perms='sys:user:user', type=1, icon='fa fa-user', orderNum=0, gmtCreate=Thu Aug 10 14:12:11 CST 2017, gmtModified=null}, MenuDO{menuId=12, parentId=6, name='新增', url='', perms='sys:user:add', type=2, icon='', orderNum=0, gmtCreate=Mon Aug 14 10:51:35 CST 2017, gmtModified=null}, MenuDO{menuId=13, parentId=6, name='编辑', url='', perms='sys:user:edit', type=2, icon='', orderNum=0, gmtCreate=Mon Aug 14 10:52:06 CST 2017, gmtModified=null}, MenuDO{menuId=14, parentId=6, name='删除', url='null', perms='sys:user:remove', type=2, icon='null', orderNum=0, gmtCreate=Mon Aug 14 10:52:24 CST 2017, gmtModified=null}, MenuDO{menuId=15, parentId=7, name='新增', url='', perms='sys:role:add', type=2, icon='', orderNum=0, gmtCreate=Mon Aug 14 10:56:37 CST 2017, gmtModified=null}, MenuDO{menuId=20, parentId=2, name='新增', url='', perms='sys:menu:add', type=2, icon='', orderNum=0, gmtCreate=Mon Aug 14 10:59:32 CST 2017, gmtModified=null}, MenuDO{menuId=21, parentId=2, name='编辑', url='', perms='sys:menu:edit', type=2, icon='', orderNum=0, gmtCreate=Mon Aug 14 10:59:56 CST 2017, gmtModified=null}, MenuDO{menuId=22, parentId=2, name='删除', url='', perms='sys:menu:remove', type=2, icon='', orderNum=0, gmtCreate=Mon Aug 14 11:00:26 CST 2017, gmtModified=null}, MenuDO{menuId=24, parentId=6, name='批量删除', url='', perms='sys:user:batchRemove', type=2, icon='', orderNum=0, gmtCreate=Mon Aug 14 17:27:18 CST 2017, gmtModified=null}, MenuDO{menuId=25, parentId=6, name='停用', url='null', perms='sys:user:disable', type=2, icon='null', orderNum=0, gmtCreate=Mon Aug 14 17:27:43 CST 2017, gmtModified=null}, MenuDO{menuId=26, parentId=6, name='重置密码', url='', perms='sys:user:resetPwd', type=2, icon='', orderNum=0, gmtCreate=Mon Aug 14 17:28:34 CST 2017, gmtModified=null}, MenuDO{menuId=27, parentId=91, name='系统日志', url='common/log', perms='common:log', type=1, icon='fa fa-warning', orderNum=0, gmtCreate=Mon Aug 14 22:11:53 CST 2017, gmtModified=null}, MenuDO{menuId=28, parentId=27, name='刷新', url='null', perms='sys:log:list', type=2, icon='null', orderNum=0, gmtCreate=Mon Aug 14 22:30:22 CST 2017, gmtModified=null}, MenuDO{menuId=29, parentId=27, name='删除', url='null', perms='sys:log:remove', type=2, icon='null', orderNum=0, gmtCreate=Mon Aug 14 22:30:43 CST 2017, gmtModified=null}, MenuDO{menuId=30, parentId=27, name='清空', url='null', perms='sys:log:clear', type=2, icon='null', orderNum=0, gmtCreate=Mon Aug 14 22:31:02 CST 2017, gmtModified=null}, MenuDO{menuId=68, parentId=49, name='发布文章', url='/blog/bContent/add', perms='blog:bContent:add', type=1, icon='fa fa-edit', orderNum=0, gmtCreate=null, gmtModified=null}, MenuDO{menuId=3, parentId=0, name='系统管理', url='null', perms='null', type=0, icon='fa fa-desktop', orderNum=1, gmtCreate=Wed Aug 09 23:06:55 CST 2017, gmtModified=Mon Aug 14 14:13:43 CST 2017}, MenuDO{menuId=7, parentId=3, name='角色管理', url='sys/role', perms='sys:role:role', type=1, icon='fa fa-paw', orderNum=1, gmtCreate=Thu Aug 10 14:13:19 CST 2017, gmtModified=null}, MenuDO{menuId=50, parentId=49, name='文章列表', url='blog/bContent', perms='blog:bContent:bContent', type=1, icon='fa fa-file-image-o', orderNum=1, gmtCreate=null, gmtModified=null}, MenuDO{menuId=57, parentId=91, name='运行监控', url='/druid/index.html', perms='', type=1, icon='fa fa-caret-square-o-right', orderNum=1, gmtCreate=null, gmtModified=null}, MenuDO{menuId=74, parentId=73, name='增加', url='/system/sysDept/add', perms='system:sysDept:add', type=2, icon='null', orderNum=1, gmtCreate=null, gmtModified=null}, MenuDO{menuId=78, parentId=1, name='数据字典', url='/common/dict', perms='common:dict:dict', type=1, icon='fa fa-braille', orderNum=1, gmtCreate=null, gmtModified=null}, MenuDO{menuId=86, parentId=85, name='新增', url='oa/notify/add', perms='oa:notify:add', type=2, icon='fa fa-plus', orderNum=1, gmtCreate=null, gmtModified=null}, MenuDO{menuId=2, parentId=3, name='系统菜单', url='sys/menu/', perms='sys:menu:menu', type=1, icon='fa fa-th-list', orderNum=2, gmtCreate=Wed Aug 09 22:55:15 CST 2017, gmtModified=null}, MenuDO{menuId=71, parentId=1, name='文件管理', url='/common/sysFile', perms='common:sysFile:sysFile', type=1, icon='fa fa-folder-open', orderNum=2, gmtCreate=null, gmtModified=null}, MenuDO{menuId=75, parentId=73, name='刪除', url='system/sysDept/remove', perms='system:sysDept:remove', type=2, icon='null', orderNum=2, gmtCreate=null, gmtModified=null}, MenuDO{menuId=79, parentId=78, name='增加', url='/common/dict/add', perms='common:dict:add', type=2, icon='null', orderNum=2, gmtCreate=null, gmtModified=null}, MenuDO{menuId=80, parentId=78, name='编辑', url='/common/dict/edit', perms='common:dict:edit', type=2, icon='null', orderNum=2, gmtCreate=null, gmtModified=null}, MenuDO{menuId=87, parentId=85, name='编辑', url='oa/notify/edit', perms='oa:notify:edit', type=2, icon='fa fa-pencil-square-o', orderNum=2, gmtCreate=null, gmtModified=null}, MenuDO{menuId=48, parentId=77, name='代码生成', url='common/generator', perms='common:generator', type=1, icon='fa fa-code', orderNum=3, gmtCreate=null, gmtModified=null}, MenuDO{menuId=73, parentId=3, name='部门管理', url='/system/sysDept', perms='system:sysDept:sysDept', type=1, icon='fa fa-users', orderNum=3, gmtCreate=null, gmtModified=null}, MenuDO{menuId=76, parentId=73, name='编辑', url='/system/sysDept/edit', perms='system:sysDept:edit', type=2, icon='null', orderNum=3, gmtCreate=null, gmtModified=null}, MenuDO{menuId=81, parentId=78, name='删除', url='/common/dict/remove', perms='common:dict:remove', type=2, icon='', orderNum=3, gmtCreate=null, gmtModified=null}, MenuDO{menuId=72, parentId=77, name='计划任务', url='common/job', perms='common:taskScheduleJob', type=1, icon='fa fa-hourglass-1', orderNum=4, gmtCreate=null, gmtModified=null}, MenuDO{menuId=77, parentId=0, name='系统工具', url='', perms='', type=0, icon='fa fa-gear', orderNum=4, gmtCreate=null, gmtModified=null}, MenuDO{menuId=83, parentId=78, name='批量删除', url='/common/dict/batchRemove', perms='common:dict:batchRemove', type=2, icon='', orderNum=4, gmtCreate=null, gmtModified=null}, MenuDO{menuId=84, parentId=0, name='办公管理', url='', perms='', type=0, icon='fa fa-laptop', orderNum=5, gmtCreate=null, gmtModified=null}, MenuDO{menuId=91, parentId=0, name='系统监控', url='', perms='', type=0, icon='fa fa-video-camera', orderNum=5, gmtCreate=null, gmtModified=null}, MenuDO{menuId=49, parentId=0, name='博客管理', url='', perms='', type=0, icon='fa fa-rss', orderNum=6, gmtCreate=null, gmtModified=null}, MenuDO{menuId=93, parentId=0, name='工作流程', url='', perms='', type=0, icon='fa fa-print', orderNum=6, gmtCreate=null, gmtModified=null}, MenuDO{menuId=97, parentId=0, name='图表管理', url='', perms='', type=0, icon='fa fa-bar-chart', orderNum=7, gmtCreate=null, gmtModified=null}]
2018-03-20 16:37:21 -请求地址 : http://127.0.0.1/sys/menu/edit/71
2018-03-20 16:37:21 -HTTP METHOD : GET
2018-03-20 16:37:21 -CLASS_METHOD : com.bootdo.system.controller.MenuController.edit
2018-03-20 16:37:21 -参数 : [{}, 71]
2018-03-20 16:37:21 -==>  Preparing: select `menu_id`,`parent_id`,`name`,`url`,`perms`,`type`,`icon`,`order_num`,`gmt_create`,`gmt_modified` from sys_menu where menu_id = ? 
2018-03-20 16:37:21 -==> Parameters: 71(Long)
2018-03-20 16:37:21 -<==      Total: 1
2018-03-20 16:37:21 -==>  Preparing: select `menu_id`,`parent_id`,`name`,`url`,`perms`,`type`,`icon`,`order_num`,`gmt_create`,`gmt_modified` from sys_menu where menu_id = ? 
2018-03-20 16:37:21 -==> Parameters: 1(Long)
2018-03-20 16:37:21 -<==      Total: 1
2018-03-20 16:37:21 -耗时 : 25
2018-03-20 16:37:21 -返回值 : system/menu/edit
2018-03-20 16:37:21 -==>  Preparing: insert into sys_log ( `user_id`, `username`, `operation`, `time`, `method`, `params`, `ip`, `gmt_create` ) values ( ?, ?, ?, ?, ?, ?, ?, ? ) 
2018-03-20 16:37:21 -==> Parameters: 1(Long), admin(String), 编辑菜单(String), 25(Integer), com.bootdo.system.controller.MenuController.edit()(String), null, 127.0.0.1(String), 2018-03-20 16:37:21.769(Timestamp)
2018-03-20 16:37:21 -<==    Updates: 1
2018-03-20 16:38:12 -请求地址 : http://127.0.0.1/blog
2018-03-20 16:38:12 -HTTP METHOD : GET
2018-03-20 16:38:12 -CLASS_METHOD : com.bootdo.blog.controller.BlogController.blog
2018-03-20 16:38:12 -参数 : []
2018-03-20 16:38:12 -耗时 : 0
2018-03-20 16:38:12 -返回值 : blog/index/main
2018-03-20 16:38:13 -请求地址 : http://127.0.0.1/blog/open/list
2018-03-20 16:38:13 -HTTP METHOD : GET
2018-03-20 16:38:13 -CLASS_METHOD : com.bootdo.blog.controller.BlogController.opentList
2018-03-20 16:38:13 -参数 : [{type=article, limit=10, offset=0}]
2018-03-20 16:38:13 -==>  Preparing: select `cid`,`title`,`slug`,`created`,`modified`,`content`,`type`,`tags`,`categories`,`hits`,`comments_num`,`allow_comment`,`allow_ping`,`allow_feed`,`status`,`author`,`gtm_create`,`gtm_modified` from blog_content WHERE type = ? order by cid desc limit 0, 10 
2018-03-20 16:38:13 -==> Parameters: article(String)
2018-03-20 16:38:13 -<==      Total: 10
2018-03-20 16:38:13 -==>  Preparing: select count(*) from blog_content WHERE type = ? 
2018-03-20 16:38:13 -==> Parameters: article(String)
2018-03-20 16:38:13 -<==      Total: 1
2018-03-20 16:38:13 -耗时 : 29
2018-03-20 16:38:13 -返回值 : com.bootdo.common.utils.PageUtils@569d6cf2
2018-03-20 16:38:15 -请求地址 : http://127.0.0.1/login
2018-03-20 16:38:15 -HTTP METHOD : GET
2018-03-20 16:38:15 -CLASS_METHOD : com.bootdo.system.controller.LoginController.login
2018-03-20 16:38:15 -参数 : []
2018-03-20 16:38:15 -耗时 : 1
2018-03-20 16:38:15 -返回值 : login
2018-03-20 16:38:16 -请求地址 : http://127.0.0.1/login
2018-03-20 16:38:16 -HTTP METHOD : POST
2018-03-20 16:38:16 -CLASS_METHOD : com.bootdo.system.controller.LoginController.ajaxLogin
2018-03-20 16:38:16 -参数 : [admin, 111111]
2018-03-20 16:38:16 -==>  Preparing: select `user_id`,`username`,`name`,`password`,`dept_id`,`email`,`mobile`,`status`,`user_id_create`,`gmt_create`,`gmt_modified`,`sex`,`birth`,`pic_id`,`live_address`,`hobby`,`province`,`city`,`district` from sys_user WHERE username = ? order by user_id desc 
2018-03-20 16:38:16 -==> Parameters: admin(String)
2018-03-20 16:38:16 -<==      Total: 1
2018-03-20 16:38:16 -耗时 : 12
2018-03-20 16:38:16 -返回值 : {msg=操作成功, code=0}
2018-03-20 16:38:16 -==>  Preparing: insert into sys_log ( `user_id`, `username`, `operation`, `time`, `method`, `params`, `ip`, `gmt_create` ) values ( ?, ?, ?, ?, ?, ?, ?, ? ) 
2018-03-20 16:38:16 -==> Parameters: 1(Long), admin(String), 登录(String), 12(Integer), com.bootdo.system.controller.LoginController.ajaxLogin()(String), null, 127.0.0.1(String), 2018-03-20 16:38:16.703(Timestamp)
2018-03-20 16:38:16 -请求地址 : http://127.0.0.1/index
2018-03-20 16:38:16 -HTTP METHOD : GET
2018-03-20 16:38:16 -CLASS_METHOD : com.bootdo.system.controller.LoginController.index
2018-03-20 16:38:16 -参数 : [{}]
2018-03-20 16:38:16 -<==    Updates: 1
2018-03-20 16:38:16 -==>  Preparing: select distinct m.menu_id , parent_id, name, url, perms,`type`,icon,order_num,gmt_create, gmt_modified from sys_menu m left join sys_role_menu rm on m.menu_id = rm.menu_id left join sys_user_role ur on rm.role_id =ur.role_id where ur.user_id = ? and m.type in(0,1) order by m.order_num 
2018-03-20 16:38:16 -==> Parameters: 1(Long)
2018-03-20 16:38:16 -<==      Total: 27
2018-03-20 16:38:16 -==>  Preparing: select `id`,`type`,`url`,`create_date` from sys_file where id = ? 
2018-03-20 16:38:16 -==> Parameters: 138(Long)
2018-03-20 16:38:16 -<==      Total: 0
2018-03-20 16:38:16 -耗时 : 48
2018-03-20 16:38:16 -返回值 : index_v1
2018-03-20 16:38:16 -==>  Preparing: insert into sys_log ( `user_id`, `username`, `operation`, `time`, `method`, `params`, `ip`, `gmt_create` ) values ( ?, ?, ?, ?, ?, ?, ?, ? ) 
2018-03-20 16:38:16 -==> Parameters: 1(Long), admin(String), 请求访问主页(String), 48(Integer), com.bootdo.system.controller.LoginController.index()(String), null, 127.0.0.1(String), 2018-03-20 16:38:16.772(Timestamp)
2018-03-20 16:38:16 -<==    Updates: 1
2018-03-20 16:38:16 -请求地址 : http://127.0.0.1/main
2018-03-20 16:38:16 -HTTP METHOD : GET
2018-03-20 16:38:16 -CLASS_METHOD : com.bootdo.system.controller.LoginController.main
2018-03-20 16:38:16 -参数 : []
2018-03-20 16:38:16 -耗时 : 1
2018-03-20 16:38:16 -返回值 : main
2018-03-20 16:38:17 -请求地址 : http://127.0.0.1/oa/notify/message
2018-03-20 16:38:17 -HTTP METHOD : GET
2018-03-20 16:38:17 -CLASS_METHOD : com.bootdo.oa.controller.NotifyController.message
2018-03-20 16:38:17 -参数 : []
2018-03-20 16:38:17 -==>  Preparing: select DISTINCT n.id ,`type`,`title`,`content`,`files`,r.is_read,`status`,`create_by`,`create_date`,`update_by`,`update_date`,`remarks`,`del_flag` from oa_notify_record r right JOIN oa_notify n on r.notify_id = n.id WHERE r.is_read = ? and r.user_id = ? order by is_read ASC, update_date DESC limit ?, ? 
2018-03-20 16:38:17 -==> Parameters: 0(String), 1(Long), 0(Integer), 3(Integer)
2018-03-20 16:38:17 -<==      Total: 0
2018-03-20 16:38:17 -==>  Preparing: select count(*) from oa_notify_record r right JOIN oa_notify n on r.notify_id = n.id where r.user_id =? and r.is_read = ? 
2018-03-20 16:38:17 -==> Parameters: 1(Long), 0(String)
2018-03-20 16:38:17 -<==      Total: 1
2018-03-20 16:38:17 -耗时 : 11
2018-03-20 16:38:17 -返回值 : com.bootdo.common.utils.PageUtils@54f65aa7
2018-03-20 16:38:17 -请求地址 : http://127.0.0.1/main
2018-03-20 16:38:17 -HTTP METHOD : GET
2018-03-20 16:38:17 -CLASS_METHOD : com.bootdo.system.controller.LoginController.main
2018-03-20 16:38:17 -参数 : []
2018-03-20 16:38:17 -耗时 : 1
2018-03-20 16:38:17 -返回值 : main
