2018-03-21 23:20:37 -Starting BootdoApplication on DESKTOP-GG1MENN with PID 12396 (E:\chenliang2018\bootdo\target\classes started by Administrator in E:\chenliang2018\bootdo)
2018-03-21 23:20:37 -Running with Spring Boot v1.5.6.RELEASE, Spring v4.3.10.RELEASE
2018-03-21 23:20:37 -The following profiles are active: dev
2018-03-21 23:23:26 -ApplicationContext registed-->org.springframework.boot.context.embedded.AnnotationConfigEmbeddedWebApplicationContext@485966cc: startup date [Wed Mar 21 23:20:37 CST 2018]; root of context hierarchy
2018-03-21 23:23:36 -==>  Preparing: select `id`,`cron_expression`,`method_name`,`is_concurrent`,`description`,`update_by`,`bean_class`,`create_date`,`job_status`,`job_group`,`update_date`,`create_by`,`spring_bean`,`job_name` from sys_task order by id desc 
2018-03-21 23:23:36 -==> Parameters: 
2018-03-21 23:23:36 -<==      Total: 1
2018-03-21 23:23:36 -Started BootdoApplication in 180.755 seconds (JVM running for 181.71)
2018-03-21 23:24:14 -请求地址 : http://localhost/
2018-03-21 23:24:14 -HTTP METHOD : GET
2018-03-21 23:24:14 -CLASS_METHOD : com.bootdo.system.controller.LoginController.welcome
2018-03-21 23:24:14 -参数 : [{}]
2018-03-21 23:24:14 -耗时 : 3
2018-03-21 23:24:14 -返回值 : redirect:/blog
2018-03-21 23:24:14 -请求地址 : http://localhost/blog
2018-03-21 23:24:14 -HTTP METHOD : GET
2018-03-21 23:24:14 -CLASS_METHOD : com.bootdo.blog.controller.BlogController.blog
2018-03-21 23:24:14 -参数 : []
2018-03-21 23:24:14 -耗时 : 0
2018-03-21 23:24:14 -返回值 : blog/index/main
2018-03-21 23:24:16 -请求地址 : http://localhost/blog/open/list
2018-03-21 23:24:16 -HTTP METHOD : GET
2018-03-21 23:24:16 -CLASS_METHOD : com.bootdo.blog.controller.BlogController.opentList
2018-03-21 23:24:16 -参数 : [{type=article, limit=10, offset=0}]
2018-03-21 23:24:16 -==>  Preparing: select `cid`,`title`,`slug`,`created`,`modified`,`content`,`type`,`tags`,`categories`,`hits`,`comments_num`,`allow_comment`,`allow_ping`,`allow_feed`,`status`,`author`,`gtm_create`,`gtm_modified` from blog_content WHERE type = ? order by cid desc limit 0, 10 
2018-03-21 23:24:16 -请求地址 : http://localhost/login;JSESSIONID=844b5a34-32e6-404b-9d5b-f20761ec2073
2018-03-21 23:24:16 -HTTP METHOD : GET
2018-03-21 23:24:16 -CLASS_METHOD : com.bootdo.system.controller.LoginController.login
2018-03-21 23:24:16 -参数 : []
2018-03-21 23:24:16 -耗时 : 1
2018-03-21 23:24:16 -返回值 : login
2018-03-21 23:24:16 -==> Parameters: article(String)
2018-03-21 23:24:17 -<==      Total: 10
2018-03-21 23:24:17 -==>  Preparing: select count(*) from blog_content WHERE type = ? 
2018-03-21 23:24:17 -==> Parameters: article(String)
2018-03-21 23:24:17 -<==      Total: 1
2018-03-21 23:24:17 -耗时 : 313
2018-03-21 23:24:17 -返回值 : com.bootdo.common.utils.PageUtils@4a0dac3a
2018-03-21 23:31:20 -请求地址 : http://www.chenliang.com/
2018-03-21 23:31:20 -HTTP METHOD : GET
2018-03-21 23:31:20 -CLASS_METHOD : com.bootdo.system.controller.LoginController.welcome
2018-03-21 23:31:20 -参数 : [{}]
2018-03-21 23:31:20 -耗时 : 0
2018-03-21 23:31:20 -返回值 : redirect:/blog
2018-03-21 23:31:20 -请求地址 : http://www.chenliang.com/blog
2018-03-21 23:31:20 -HTTP METHOD : GET
2018-03-21 23:31:20 -CLASS_METHOD : com.bootdo.blog.controller.BlogController.blog
2018-03-21 23:31:20 -参数 : []
2018-03-21 23:31:20 -耗时 : 1
2018-03-21 23:31:20 -返回值 : blog/index/main
2018-03-21 23:31:24 -请求地址 : http://www.chenliang.com/blog/open/list
2018-03-21 23:31:24 -HTTP METHOD : GET
2018-03-21 23:31:24 -CLASS_METHOD : com.bootdo.blog.controller.BlogController.opentList
2018-03-21 23:31:24 -参数 : [{type=article, limit=10, offset=0}]
2018-03-21 23:31:24 -==>  Preparing: select `cid`,`title`,`slug`,`created`,`modified`,`content`,`type`,`tags`,`categories`,`hits`,`comments_num`,`allow_comment`,`allow_ping`,`allow_feed`,`status`,`author`,`gtm_create`,`gtm_modified` from blog_content WHERE type = ? order by cid desc limit 0, 10 
2018-03-21 23:31:24 -==> Parameters: article(String)
2018-03-21 23:31:24 -<==      Total: 10
2018-03-21 23:31:24 -==>  Preparing: select count(*) from blog_content WHERE type = ? 
2018-03-21 23:31:24 -==> Parameters: article(String)
2018-03-21 23:31:24 -<==      Total: 1
2018-03-21 23:31:24 -耗时 : 16
2018-03-21 23:31:24 -返回值 : com.bootdo.common.utils.PageUtils@125a6717
2018-03-21 23:31:24 -请求地址 : http://www.chenliang.com/login;JSESSIONID=2b479663-76c4-4366-8b36-e1ff0391da19
2018-03-21 23:31:24 -HTTP METHOD : GET
2018-03-21 23:31:24 -CLASS_METHOD : com.bootdo.system.controller.LoginController.login
2018-03-21 23:31:24 -参数 : []
2018-03-21 23:31:24 -耗时 : 69
2018-03-21 23:31:24 -返回值 : login
2018-03-21 23:31:36 -请求地址 : http://www.chenliang.com/blog
2018-03-21 23:31:36 -HTTP METHOD : GET
2018-03-21 23:31:36 -CLASS_METHOD : com.bootdo.blog.controller.BlogController.blog
2018-03-21 23:31:36 -参数 : []
2018-03-21 23:31:36 -耗时 : 0
2018-03-21 23:31:36 -返回值 : blog/index/main
2018-03-21 23:31:36 -请求地址 : http://www.chenliang.com/blog/open/list
2018-03-21 23:31:36 -HTTP METHOD : GET
2018-03-21 23:31:36 -CLASS_METHOD : com.bootdo.blog.controller.BlogController.opentList
2018-03-21 23:31:36 -参数 : [{type=article, limit=10, offset=0}]
2018-03-21 23:31:36 -==>  Preparing: select `cid`,`title`,`slug`,`created`,`modified`,`content`,`type`,`tags`,`categories`,`hits`,`comments_num`,`allow_comment`,`allow_ping`,`allow_feed`,`status`,`author`,`gtm_create`,`gtm_modified` from blog_content WHERE type = ? order by cid desc limit 0, 10 
2018-03-21 23:31:36 -==> Parameters: article(String)
2018-03-21 23:31:36 -<==      Total: 10
2018-03-21 23:31:36 -==>  Preparing: select count(*) from blog_content WHERE type = ? 
2018-03-21 23:31:36 -==> Parameters: article(String)
2018-03-21 23:31:36 -<==      Total: 1
2018-03-21 23:31:36 -耗时 : 20
2018-03-21 23:31:36 -返回值 : com.bootdo.common.utils.PageUtils@c6f3820
2018-03-21 23:31:36 -请求地址 : http://www.chenliang.com/login
2018-03-21 23:31:36 -HTTP METHOD : GET
2018-03-21 23:31:36 -CLASS_METHOD : com.bootdo.system.controller.LoginController.login
2018-03-21 23:31:36 -参数 : []
2018-03-21 23:31:36 -耗时 : 2
2018-03-21 23:31:36 -返回值 : login
2018-03-21 23:31:56 -请求地址 : http://www.chenliang.com/
2018-03-21 23:31:56 -HTTP METHOD : GET
2018-03-21 23:31:56 -CLASS_METHOD : com.bootdo.system.controller.LoginController.welcome
2018-03-21 23:31:56 -参数 : [{}]
2018-03-21 23:31:56 -耗时 : 2
2018-03-21 23:31:56 -返回值 : redirect:/blog
2018-03-21 23:31:56 -请求地址 : http://www.chenliang.com/blog
2018-03-21 23:31:56 -HTTP METHOD : GET
2018-03-21 23:31:56 -CLASS_METHOD : com.bootdo.blog.controller.BlogController.blog
2018-03-21 23:31:56 -参数 : []
2018-03-21 23:31:56 -耗时 : 1
2018-03-21 23:31:56 -返回值 : blog/index/main
2018-03-21 23:31:58 -请求地址 : http://www.chenliang.com/blog/open/list
2018-03-21 23:31:58 -HTTP METHOD : GET
2018-03-21 23:31:58 -CLASS_METHOD : com.bootdo.blog.controller.BlogController.opentList
2018-03-21 23:31:58 -参数 : [{type=article, limit=10, offset=0}]
2018-03-21 23:31:58 -==>  Preparing: select `cid`,`title`,`slug`,`created`,`modified`,`content`,`type`,`tags`,`categories`,`hits`,`comments_num`,`allow_comment`,`allow_ping`,`allow_feed`,`status`,`author`,`gtm_create`,`gtm_modified` from blog_content WHERE type = ? order by cid desc limit 0, 10 
2018-03-21 23:31:58 -==> Parameters: article(String)
2018-03-21 23:31:58 -<==      Total: 10
2018-03-21 23:31:58 -==>  Preparing: select count(*) from blog_content WHERE type = ? 
2018-03-21 23:31:58 -==> Parameters: article(String)
2018-03-21 23:31:58 -<==      Total: 1
2018-03-21 23:31:58 -耗时 : 15
2018-03-21 23:31:58 -返回值 : com.bootdo.common.utils.PageUtils@7d49d9f
2018-03-21 23:31:58 -请求地址 : http://www.chenliang.com/login
2018-03-21 23:31:58 -HTTP METHOD : GET
2018-03-21 23:31:58 -CLASS_METHOD : com.bootdo.system.controller.LoginController.login
2018-03-21 23:31:58 -参数 : []
2018-03-21 23:31:58 -耗时 : 2
2018-03-21 23:31:58 -返回值 : login
2018-03-21 23:32:11 -请求地址 : http://localhost/
2018-03-21 23:32:11 -HTTP METHOD : GET
2018-03-21 23:32:11 -CLASS_METHOD : com.bootdo.system.controller.LoginController.welcome
2018-03-21 23:32:11 -参数 : [{}]
2018-03-21 23:32:11 -耗时 : 1
2018-03-21 23:32:11 -返回值 : redirect:/blog
2018-03-21 23:32:11 -请求地址 : http://localhost/blog
2018-03-21 23:32:11 -HTTP METHOD : GET
2018-03-21 23:32:11 -CLASS_METHOD : com.bootdo.blog.controller.BlogController.blog
2018-03-21 23:32:11 -参数 : []
2018-03-21 23:32:11 -耗时 : 1
2018-03-21 23:32:11 -返回值 : blog/index/main
2018-03-21 23:32:14 -请求地址 : http://localhost/blog/open/list
2018-03-21 23:32:14 -HTTP METHOD : GET
2018-03-21 23:32:14 -CLASS_METHOD : com.bootdo.blog.controller.BlogController.opentList
2018-03-21 23:32:14 -参数 : [{type=article, limit=10, offset=0}]
2018-03-21 23:32:14 -==>  Preparing: select `cid`,`title`,`slug`,`created`,`modified`,`content`,`type`,`tags`,`categories`,`hits`,`comments_num`,`allow_comment`,`allow_ping`,`allow_feed`,`status`,`author`,`gtm_create`,`gtm_modified` from blog_content WHERE type = ? order by cid desc limit 0, 10 
2018-03-21 23:32:14 -==> Parameters: article(String)
2018-03-21 23:32:14 -<==      Total: 10
2018-03-21 23:32:14 -==>  Preparing: select count(*) from blog_content WHERE type = ? 
2018-03-21 23:32:14 -==> Parameters: article(String)
2018-03-21 23:32:14 -<==      Total: 1
2018-03-21 23:32:14 -耗时 : 15
2018-03-21 23:32:14 -返回值 : com.bootdo.common.utils.PageUtils@1ab9705a
2018-03-21 23:32:14 -请求地址 : http://localhost/login
2018-03-21 23:32:14 -HTTP METHOD : GET
2018-03-21 23:32:14 -CLASS_METHOD : com.bootdo.system.controller.LoginController.login
2018-03-21 23:32:14 -参数 : []
2018-03-21 23:32:14 -耗时 : 0
2018-03-21 23:32:14 -返回值 : login
2018-03-21 23:32:18 -请求地址 : http://localhost/login
2018-03-21 23:32:18 -HTTP METHOD : GET
2018-03-21 23:32:18 -CLASS_METHOD : com.bootdo.system.controller.LoginController.login
2018-03-21 23:32:18 -参数 : []
2018-03-21 23:32:18 -耗时 : 0
2018-03-21 23:32:18 -返回值 : login
2018-03-21 23:32:18 -请求地址 : http://localhost/login
2018-03-21 23:32:18 -HTTP METHOD : GET
2018-03-21 23:32:18 -CLASS_METHOD : com.bootdo.system.controller.LoginController.login
2018-03-21 23:32:18 -参数 : []
2018-03-21 23:32:18 -耗时 : 0
2018-03-21 23:32:18 -返回值 : login
2018-03-21 23:32:20 -==>  Preparing: select `user_id`,`username`,`name`,`password`,`dept_id`,`email`,`mobile`,`status`,`user_id_create`,`gmt_create`,`gmt_modified`,`sex`,`birth`,`pic_id`,`live_address`,`hobby`,`province`,`city`,`district` from sys_user WHERE username = ? order by user_id desc 
2018-03-21 23:32:20 -==> Parameters: admin(String)
2018-03-21 23:32:20 -<==      Total: 1
2018-03-21 23:32:20 -请求地址 : http://localhost/login
2018-03-21 23:32:20 -HTTP METHOD : POST
2018-03-21 23:32:20 -CLASS_METHOD : com.bootdo.system.controller.LoginController.ajaxLogin
2018-03-21 23:32:20 -参数 : [admin, 111111]
2018-03-21 23:32:20 -==>  Preparing: select `user_id`,`username`,`name`,`password`,`dept_id`,`email`,`mobile`,`status`,`user_id_create`,`gmt_create`,`gmt_modified`,`sex`,`birth`,`pic_id`,`live_address`,`hobby`,`province`,`city`,`district` from sys_user WHERE username = ? order by user_id desc 
2018-03-21 23:32:20 -==> Parameters: admin(String)
2018-03-21 23:32:20 -<==      Total: 1
2018-03-21 23:32:20 -耗时 : 51
2018-03-21 23:32:20 -返回值 : {msg=操作成功, code=0}
2018-03-21 23:32:20 -==>  Preparing: insert into sys_log ( `user_id`, `username`, `operation`, `time`, `method`, `params`, `ip`, `gmt_create` ) values ( ?, ?, ?, ?, ?, ?, ?, ? ) 
2018-03-21 23:32:20 -==> Parameters: 1(Long), admin(String), 登录(String), 52(Integer), com.bootdo.system.controller.LoginController.ajaxLogin()(String), null, 127.0.0.1(String), 2018-03-21 23:32:20.576(Timestamp)
2018-03-21 23:32:20 -请求地址 : http://localhost/index
2018-03-21 23:32:20 -HTTP METHOD : GET
2018-03-21 23:32:20 -CLASS_METHOD : com.bootdo.system.controller.LoginController.index
2018-03-21 23:32:20 -参数 : [{}]
2018-03-21 23:32:20 -==>  Preparing: select distinct m.menu_id , parent_id, name, url, perms,`type`,icon,order_num,gmt_create, gmt_modified from sys_menu m left join sys_role_menu rm on m.menu_id = rm.menu_id left join sys_user_role ur on rm.role_id =ur.role_id where ur.user_id = ? and m.type in(0,1) order by m.order_num 
2018-03-21 23:32:20 -==> Parameters: 1(Long)
2018-03-21 23:32:20 -<==    Updates: 1
2018-03-21 23:32:21 -<==      Total: 27
2018-03-21 23:32:21 -==>  Preparing: select `id`,`type`,`url`,`create_date` from sys_file where id = ? 
2018-03-21 23:32:21 -==> Parameters: 138(Long)
2018-03-21 23:32:22 -<==      Total: 1
2018-03-21 23:32:22 -耗时 : 1513
2018-03-21 23:32:22 -返回值 : index_v1
2018-03-21 23:32:22 -==>  Preparing: insert into sys_log ( `user_id`, `username`, `operation`, `time`, `method`, `params`, `ip`, `gmt_create` ) values ( ?, ?, ?, ?, ?, ?, ?, ? ) 
2018-03-21 23:32:22 -==> Parameters: 1(Long), admin(String), 请求访问主页(String), 1513(Integer), com.bootdo.system.controller.LoginController.index()(String), null, 127.0.0.1(String), 2018-03-21 23:32:22.212(Timestamp)
2018-03-21 23:32:22 -<==    Updates: 1
2018-03-21 23:32:22 -请求地址 : http://localhost/main
2018-03-21 23:32:22 -HTTP METHOD : GET
2018-03-21 23:32:22 -CLASS_METHOD : com.bootdo.system.controller.LoginController.main
2018-03-21 23:32:22 -参数 : []
2018-03-21 23:32:22 -耗时 : 1
2018-03-21 23:32:22 -返回值 : main
2018-03-21 23:32:22 -请求地址 : http://localhost/oa/notify/message
2018-03-21 23:32:22 -HTTP METHOD : GET
2018-03-21 23:32:22 -CLASS_METHOD : com.bootdo.oa.controller.NotifyController.message
2018-03-21 23:32:22 -参数 : []
2018-03-21 23:32:22 -==>  Preparing: select DISTINCT n.id ,`type`,`title`,`content`,`files`,r.is_read,`status`,`create_by`,`create_date`,`update_by`,`update_date`,`remarks`,`del_flag` from oa_notify_record r right JOIN oa_notify n on r.notify_id = n.id WHERE r.is_read = ? and r.user_id = ? order by is_read ASC, update_date DESC limit ?, ? 
2018-03-21 23:32:22 -==> Parameters: 0(String), 1(Long), 0(Integer), 3(Integer)
2018-03-21 23:32:22 -请求地址 : http://localhost/main
2018-03-21 23:32:22 -HTTP METHOD : GET
2018-03-21 23:32:22 -CLASS_METHOD : com.bootdo.system.controller.LoginController.main
2018-03-21 23:32:22 -参数 : []
2018-03-21 23:32:22 -耗时 : 0
2018-03-21 23:32:22 -返回值 : main
2018-03-21 23:32:24 -请求地址 : http://localhost/
2018-03-21 23:32:24 -HTTP METHOD : GET
2018-03-21 23:32:24 -CLASS_METHOD : com.bootdo.system.controller.LoginController.welcome
2018-03-21 23:32:24 -参数 : [{}]
2018-03-21 23:32:24 -耗时 : 2
2018-03-21 23:32:24 -返回值 : redirect:/blog
2018-03-21 23:32:24 -请求地址 : http://localhost/blog
2018-03-21 23:32:24 -HTTP METHOD : GET
2018-03-21 23:32:24 -CLASS_METHOD : com.bootdo.blog.controller.BlogController.blog
2018-03-21 23:32:24 -参数 : []
2018-03-21 23:32:24 -耗时 : 1
2018-03-21 23:32:24 -返回值 : blog/index/main
2018-03-21 23:32:24 -请求地址 : http://localhost/login;JSESSIONID=355b0393-0588-47a5-b43e-e3fd93fff3ae
2018-03-21 23:32:24 -HTTP METHOD : GET
2018-03-21 23:32:24 -CLASS_METHOD : com.bootdo.system.controller.LoginController.login
2018-03-21 23:32:24 -参数 : []
2018-03-21 23:32:24 -耗时 : 1
2018-03-21 23:32:24 -返回值 : login
2018-03-21 23:32:24 -<==      Total: 0
2018-03-21 23:32:24 -==>  Preparing: select count(*) from oa_notify_record r right JOIN oa_notify n on r.notify_id = n.id where r.user_id =? and r.is_read = ? 
2018-03-21 23:32:24 -==> Parameters: 1(Long), 0(String)
2018-03-21 23:32:24 -<==      Total: 1
2018-03-21 23:32:24 -耗时 : 1924
2018-03-21 23:32:24 -返回值 : com.bootdo.common.utils.PageUtils@6c10fe01
2018-03-21 23:32:24 -Servlet.service() for servlet [dispatcherServlet] in context with path [] threw exception [org.apache.shiro.session.UnknownSessionException: There is no session with id [844b5a34-32e6-404b-9d5b-f20761ec2073]] with root cause
org.apache.shiro.session.UnknownSessionException: There is no session with id [844b5a34-32e6-404b-9d5b-f20761ec2073]
	at org.apache.shiro.session.mgt.eis.AbstractSessionDAO.readSession(AbstractSessionDAO.java:170)
	at org.apache.shiro.session.mgt.DefaultSessionManager.retrieveSessionFromDataSource(DefaultSessionManager.java:236)
	at org.apache.shiro.session.mgt.DefaultSessionManager.retrieveSession(DefaultSessionManager.java:222)
	at org.apache.shiro.session.mgt.AbstractValidatingSessionManager.doGetSession(AbstractValidatingSessionManager.java:118)
	at org.apache.shiro.session.mgt.AbstractNativeSessionManager.lookupSession(AbstractNativeSessionManager.java:148)
	at org.apache.shiro.session.mgt.AbstractNativeSessionManager.lookupRequiredSession(AbstractNativeSessionManager.java:152)
	at org.apache.shiro.session.mgt.AbstractNativeSessionManager.getAttribute(AbstractNativeSessionManager.java:249)
	at org.apache.shiro.session.mgt.DelegatingSession.getAttribute(DelegatingSession.java:141)
	at org.apache.shiro.session.ProxiedSession.getAttribute(ProxiedSession.java:121)
	at org.apache.shiro.subject.support.DelegatingSubject.getRunAsPrincipalsStack(DelegatingSubject.java:469)
	at org.apache.shiro.subject.support.DelegatingSubject.getPrincipals(DelegatingSubject.java:153)
	at org.apache.shiro.subject.support.DelegatingSubject.getPrincipal(DelegatingSubject.java:149)
	at org.apache.shiro.web.servlet.ShiroHttpServletRequest.getSubjectPrincipal(ShiroHttpServletRequest.java:96)
	at org.apache.shiro.web.servlet.ShiroHttpServletRequest.getUserPrincipal(ShiroHttpServletRequest.java:112)
	at org.springframework.web.servlet.FrameworkServlet.getUsernameForRequest(FrameworkServlet.java:1091)
	at org.springframework.web.servlet.FrameworkServlet.publishRequestHandledEvent(FrameworkServlet.java:1077)
	at org.springframework.web.servlet.FrameworkServlet.processRequest(FrameworkServlet.java:1005)
	at org.springframework.web.servlet.FrameworkServlet.doGet(FrameworkServlet.java:861)
	at javax.servlet.http.HttpServlet.service(HttpServlet.java:635)
	at org.springframework.web.servlet.FrameworkServlet.service(FrameworkServlet.java:846)
	at javax.servlet.http.HttpServlet.service(HttpServlet.java:742)
	at org.apache.catalina.core.ApplicationFilterChain.internalDoFilter(ApplicationFilterChain.java:231)
	at org.apache.catalina.core.ApplicationFilterChain.doFilter(ApplicationFilterChain.java:166)
	at org.apache.tomcat.websocket.server.WsFilter.doFilter(WsFilter.java:52)
	at org.apache.catalina.core.ApplicationFilterChain.internalDoFilter(ApplicationFilterChain.java:193)
	at org.apache.catalina.core.ApplicationFilterChain.doFilter(ApplicationFilterChain.java:166)
	at org.apache.shiro.web.servlet.ProxiedFilterChain.doFilter(ProxiedFilterChain.java:61)
	at org.apache.shiro.web.servlet.AdviceFilter.executeChain(AdviceFilter.java:108)
	at org.apache.shiro.web.servlet.AdviceFilter.doFilterInternal(AdviceFilter.java:137)
	at org.apache.shiro.web.servlet.OncePerRequestFilter.doFilter(OncePerRequestFilter.java:125)
	at org.apache.shiro.web.servlet.ProxiedFilterChain.doFilter(ProxiedFilterChain.java:66)
	at org.apache.shiro.web.servlet.AbstractShiroFilter.executeChain(AbstractShiroFilter.java:449)
	at org.apache.shiro.web.servlet.AbstractShiroFilter$1.call(AbstractShiroFilter.java:365)
	at org.apache.shiro.subject.support.SubjectCallable.doCall(SubjectCallable.java:90)
	at org.apache.shiro.subject.support.SubjectCallable.call(SubjectCallable.java:83)
	at org.apache.shiro.subject.support.DelegatingSubject.execute(DelegatingSubject.java:383)
	at org.apache.shiro.web.servlet.AbstractShiroFilter.doFilterInternal(AbstractShiroFilter.java:362)
	at org.apache.shiro.web.servlet.OncePerRequestFilter.doFilter(OncePerRequestFilter.java:125)
	at org.apache.catalina.core.ApplicationFilterChain.internalDoFilter(ApplicationFilterChain.java:193)
	at org.apache.catalina.core.ApplicationFilterChain.doFilter(ApplicationFilterChain.java:166)
	at com.alibaba.druid.support.http.WebStatFilter.doFilter(WebStatFilter.java:123)
	at org.apache.catalina.core.ApplicationFilterChain.internalDoFilter(ApplicationFilterChain.java:193)
	at org.apache.catalina.core.ApplicationFilterChain.doFilter(ApplicationFilterChain.java:166)
	at org.springframework.security.web.FilterChainProxy.doFilterInternal(FilterChainProxy.java:208)
	at org.springframework.security.web.FilterChainProxy.doFilter(FilterChainProxy.java:177)
	at org.springframework.web.filter.DelegatingFilterProxy.invokeDelegate(DelegatingFilterProxy.java:346)
	at org.springframework.web.filter.DelegatingFilterProxy.doFilter(DelegatingFilterProxy.java:262)
	at org.apache.catalina.core.ApplicationFilterChain.internalDoFilter(ApplicationFilterChain.java:193)
	at org.apache.catalina.core.ApplicationFilterChain.doFilter(ApplicationFilterChain.java:166)
	at org.springframework.web.filter.RequestContextFilter.doFilterInternal(RequestContextFilter.java:99)
	at org.springframework.web.filter.OncePerRequestFilter.doFilter(OncePerRequestFilter.java:107)
	at org.apache.catalina.core.ApplicationFilterChain.internalDoFilter(ApplicationFilterChain.java:193)
	at org.apache.catalina.core.ApplicationFilterChain.doFilter(ApplicationFilterChain.java:166)
	at org.springframework.web.filter.HttpPutFormContentFilter.doFilterInternal(HttpPutFormContentFilter.java:105)
	at org.springframework.web.filter.OncePerRequestFilter.doFilter(OncePerRequestFilter.java:107)
	at org.apache.catalina.core.ApplicationFilterChain.internalDoFilter(ApplicationFilterChain.java:193)
	at org.apache.catalina.core.ApplicationFilterChain.doFilter(ApplicationFilterChain.java:166)
	at org.springframework.web.filter.HiddenHttpMethodFilter.doFilterInternal(HiddenHttpMethodFilter.java:81)
	at org.springframework.web.filter.OncePerRequestFilter.doFilter(OncePerRequestFilter.java:107)
	at org.apache.catalina.core.ApplicationFilterChain.internalDoFilter(ApplicationFilterChain.java:193)
	at org.apache.catalina.core.ApplicationFilterChain.doFilter(ApplicationFilterChain.java:166)
	at org.springframework.web.filter.CharacterEncodingFilter.doFilterInternal(CharacterEncodingFilter.java:197)
	at org.springframework.web.filter.OncePerRequestFilter.doFilter(OncePerRequestFilter.java:107)
	at org.apache.catalina.core.ApplicationFilterChain.internalDoFilter(ApplicationFilterChain.java:193)
	at org.apache.catalina.core.ApplicationFilterChain.doFilter(ApplicationFilterChain.java:166)
	at org.apache.catalina.core.StandardWrapperValve.invoke(StandardWrapperValve.java:198)
	at org.apache.catalina.core.StandardContextValve.invoke(StandardContextValve.java:96)
	at org.apache.catalina.authenticator.AuthenticatorBase.invoke(AuthenticatorBase.java:478)
	at org.apache.catalina.core.StandardHostValve.invoke(StandardHostValve.java:140)
	at org.apache.catalina.valves.ErrorReportValve.invoke(ErrorReportValve.java:80)
	at org.apache.catalina.core.StandardEngineValve.invoke(StandardEngineValve.java:87)
	at org.apache.catalina.connector.CoyoteAdapter.service(CoyoteAdapter.java:342)
	at org.apache.coyote.http11.Http11Processor.service(Http11Processor.java:799)
	at org.apache.coyote.AbstractProcessorLight.process(AbstractProcessorLight.java:66)
	at org.apache.coyote.AbstractProtocol$ConnectionHandler.process(AbstractProtocol.java:868)
	at org.apache.tomcat.util.net.NioEndpoint$SocketProcessor.doRun(NioEndpoint.java:1455)
	at org.apache.tomcat.util.net.SocketProcessorBase.run(SocketProcessorBase.java:49)
	at java.util.concurrent.ThreadPoolExecutor.runWorker(Unknown Source)
	at java.util.concurrent.ThreadPoolExecutor$Worker.run(Unknown Source)
	at org.apache.tomcat.util.threads.TaskThread$WrappingRunnable.run(TaskThread.java:61)
	at java.lang.Thread.run(Unknown Source)
2018-03-21 23:32:24 -请求地址 : http://localhost/blog/open/list
2018-03-21 23:32:24 -HTTP METHOD : GET
2018-03-21 23:32:24 -CLASS_METHOD : com.bootdo.blog.controller.BlogController.opentList
2018-03-21 23:32:24 -参数 : [{type=article, limit=10, offset=0}]
2018-03-21 23:32:24 -==>  Preparing: select `cid`,`title`,`slug`,`created`,`modified`,`content`,`type`,`tags`,`categories`,`hits`,`comments_num`,`allow_comment`,`allow_ping`,`allow_feed`,`status`,`author`,`gtm_create`,`gtm_modified` from blog_content WHERE type = ? order by cid desc limit 0, 10 
2018-03-21 23:32:24 -==> Parameters: article(String)
2018-03-21 23:32:24 -<==      Total: 10
2018-03-21 23:32:24 -==>  Preparing: select count(*) from blog_content WHERE type = ? 
2018-03-21 23:32:24 -==> Parameters: article(String)
2018-03-21 23:32:24 -<==      Total: 1
2018-03-21 23:32:24 -耗时 : 18
2018-03-21 23:32:24 -返回值 : com.bootdo.common.utils.PageUtils@488e9563
2018-03-21 23:32:24 -请求地址 : http://localhost/login
2018-03-21 23:32:24 -HTTP METHOD : GET
2018-03-21 23:32:24 -CLASS_METHOD : com.bootdo.system.controller.LoginController.login
2018-03-21 23:32:24 -参数 : []
2018-03-21 23:32:24 -耗时 : 1
2018-03-21 23:32:24 -返回值 : login
2018-03-21 23:32:28 -请求地址 : http://localhost/login
2018-03-21 23:32:28 -HTTP METHOD : GET
2018-03-21 23:32:28 -CLASS_METHOD : com.bootdo.system.controller.LoginController.login
2018-03-21 23:32:28 -参数 : []
2018-03-21 23:32:28 -耗时 : 1
2018-03-21 23:32:28 -返回值 : login
2018-03-21 23:32:28 -请求地址 : http://localhost/login
2018-03-21 23:32:28 -HTTP METHOD : GET
2018-03-21 23:32:28 -CLASS_METHOD : com.bootdo.system.controller.LoginController.login
2018-03-21 23:32:28 -参数 : []
2018-03-21 23:32:28 -耗时 : 0
2018-03-21 23:32:28 -返回值 : login
2018-03-21 23:32:35 -==>  Preparing: select `user_id`,`username`,`name`,`password`,`dept_id`,`email`,`mobile`,`status`,`user_id_create`,`gmt_create`,`gmt_modified`,`sex`,`birth`,`pic_id`,`live_address`,`hobby`,`province`,`city`,`district` from sys_user WHERE username = ? order by user_id desc 
2018-03-21 23:32:35 -==> Parameters: admin(String)
2018-03-21 23:32:35 -<==      Total: 1
2018-03-21 23:32:35 -请求地址 : http://localhost/login
2018-03-21 23:32:35 -HTTP METHOD : POST
2018-03-21 23:32:35 -CLASS_METHOD : com.bootdo.system.controller.LoginController.ajaxLogin
2018-03-21 23:32:35 -参数 : [admin, 111111]
2018-03-21 23:32:35 -==>  Preparing: select `user_id`,`username`,`name`,`password`,`dept_id`,`email`,`mobile`,`status`,`user_id_create`,`gmt_create`,`gmt_modified`,`sex`,`birth`,`pic_id`,`live_address`,`hobby`,`province`,`city`,`district` from sys_user WHERE username = ? order by user_id desc 
2018-03-21 23:32:35 -==> Parameters: admin(String)
2018-03-21 23:32:35 -<==      Total: 1
2018-03-21 23:32:35 -耗时 : 5
2018-03-21 23:32:35 -返回值 : {msg=操作成功, code=0}
2018-03-21 23:32:35 -==>  Preparing: insert into sys_log ( `user_id`, `username`, `operation`, `time`, `method`, `params`, `ip`, `gmt_create` ) values ( ?, ?, ?, ?, ?, ?, ?, ? ) 
2018-03-21 23:32:35 -==> Parameters: 1(Long), admin(String), 登录(String), 5(Integer), com.bootdo.system.controller.LoginController.ajaxLogin()(String), null, 127.0.0.1(String), 2018-03-21 23:32:35.629(Timestamp)
2018-03-21 23:32:35 -请求地址 : http://localhost/index
2018-03-21 23:32:35 -HTTP METHOD : GET
2018-03-21 23:32:35 -CLASS_METHOD : com.bootdo.system.controller.LoginController.index
2018-03-21 23:32:35 -参数 : [{}]
2018-03-21 23:32:35 -==>  Preparing: select distinct m.menu_id , parent_id, name, url, perms,`type`,icon,order_num,gmt_create, gmt_modified from sys_menu m left join sys_role_menu rm on m.menu_id = rm.menu_id left join sys_user_role ur on rm.role_id =ur.role_id where ur.user_id = ? and m.type in(0,1) order by m.order_num 
2018-03-21 23:32:35 -==> Parameters: 1(Long)
2018-03-21 23:32:35 -<==      Total: 27
2018-03-21 23:32:35 -==>  Preparing: select `id`,`type`,`url`,`create_date` from sys_file where id = ? 
2018-03-21 23:32:35 -==> Parameters: 138(Long)
2018-03-21 23:32:35 -<==      Total: 1
2018-03-21 23:32:35 -耗时 : 14
2018-03-21 23:32:35 -返回值 : index_v1
2018-03-21 23:32:35 -==>  Preparing: insert into sys_log ( `user_id`, `username`, `operation`, `time`, `method`, `params`, `ip`, `gmt_create` ) values ( ?, ?, ?, ?, ?, ?, ?, ? ) 
2018-03-21 23:32:35 -==> Parameters: 1(Long), admin(String), 请求访问主页(String), 14(Integer), com.bootdo.system.controller.LoginController.index()(String), null, 127.0.0.1(String), 2018-03-21 23:32:35.666(Timestamp)
2018-03-21 23:32:35 -<==    Updates: 1
2018-03-21 23:32:35 -请求地址 : http://localhost/main
2018-03-21 23:32:35 -HTTP METHOD : GET
2018-03-21 23:32:35 -CLASS_METHOD : com.bootdo.system.controller.LoginController.main
2018-03-21 23:32:35 -参数 : []
2018-03-21 23:32:35 -耗时 : 1
2018-03-21 23:32:35 -返回值 : main
2018-03-21 23:32:35 -<==    Updates: 1
2018-03-21 23:32:35 -请求地址 : http://localhost/oa/notify/message
2018-03-21 23:32:35 -HTTP METHOD : GET
2018-03-21 23:32:35 -CLASS_METHOD : com.bootdo.oa.controller.NotifyController.message
2018-03-21 23:32:35 -参数 : []
2018-03-21 23:32:35 -==>  Preparing: select DISTINCT n.id ,`type`,`title`,`content`,`files`,r.is_read,`status`,`create_by`,`create_date`,`update_by`,`update_date`,`remarks`,`del_flag` from oa_notify_record r right JOIN oa_notify n on r.notify_id = n.id WHERE r.is_read = ? and r.user_id = ? order by is_read ASC, update_date DESC limit ?, ? 
2018-03-21 23:32:35 -==> Parameters: 0(String), 1(Long), 0(Integer), 3(Integer)
2018-03-21 23:32:35 -<==      Total: 0
2018-03-21 23:32:35 -==>  Preparing: select count(*) from oa_notify_record r right JOIN oa_notify n on r.notify_id = n.id where r.user_id =? and r.is_read = ? 
2018-03-21 23:32:35 -==> Parameters: 1(Long), 0(String)
2018-03-21 23:32:35 -<==      Total: 1
2018-03-21 23:32:35 -耗时 : 6
2018-03-21 23:32:35 -返回值 : com.bootdo.common.utils.PageUtils@5cf755ea
2018-03-21 23:32:35 -请求地址 : http://localhost/main
2018-03-21 23:32:35 -HTTP METHOD : GET
2018-03-21 23:32:35 -CLASS_METHOD : com.bootdo.system.controller.LoginController.main
2018-03-21 23:32:35 -参数 : []
2018-03-21 23:32:35 -耗时 : 1
2018-03-21 23:32:35 -返回值 : main
2018-03-21 23:32:39 -请求地址 : http://localhost/main
2018-03-21 23:32:39 -HTTP METHOD : GET
2018-03-21 23:32:39 -CLASS_METHOD : com.bootdo.system.controller.LoginController.main
2018-03-21 23:32:39 -参数 : []
2018-03-21 23:32:39 -耗时 : 1
2018-03-21 23:32:39 -返回值 : main
2018-03-21 23:33:43 -Starting BootdoApplication on DESKTOP-GG1MENN with PID 16796 (E:\chenliang2018\bootdo\target\classes started by Administrator in E:\chenliang2018\bootdo)
2018-03-21 23:33:43 -Running with Spring Boot v1.5.6.RELEASE, Spring v4.3.10.RELEASE
2018-03-21 23:33:43 -The following profiles are active: dev
2018-03-21 23:34:00 -ApplicationContext registed-->org.springframework.boot.context.embedded.AnnotationConfigEmbeddedWebApplicationContext@2d36e77e: startup date [Wed Mar 21 23:33:44 CST 2018]; root of context hierarchy
2018-03-21 23:34:50 -Starting BootdoApplication on DESKTOP-GG1MENN with PID 16340 (E:\chenliang2018\bootdo\target\classes started by Administrator in E:\chenliang2018\bootdo)
2018-03-21 23:34:50 -Running with Spring Boot v1.5.6.RELEASE, Spring v4.3.10.RELEASE
2018-03-21 23:34:50 -The following profiles are active: dev
2018-03-21 23:35:06 -ApplicationContext registed-->org.springframework.boot.context.embedded.AnnotationConfigEmbeddedWebApplicationContext@485966cc: startup date [Wed Mar 21 23:34:50 CST 2018]; root of context hierarchy
2018-03-21 23:35:15 -==>  Preparing: select `id`,`cron_expression`,`method_name`,`is_concurrent`,`description`,`update_by`,`bean_class`,`create_date`,`job_status`,`job_group`,`update_date`,`create_by`,`spring_bean`,`job_name` from sys_task order by id desc 
2018-03-21 23:35:15 -==> Parameters: 
2018-03-21 23:35:15 -<==      Total: 1
2018-03-21 23:35:15 -Started BootdoApplication in 25.754 seconds (JVM running for 26.314)
2018-03-21 23:35:53 -请求地址 : http://localhost/login;JSESSIONID=de497ae5-17c6-45db-8a20-dd642d5bdb9d
2018-03-21 23:35:53 -HTTP METHOD : GET
2018-03-21 23:35:53 -CLASS_METHOD : com.bootdo.system.controller.LoginController.login
2018-03-21 23:35:53 -参数 : []
2018-03-21 23:35:53 -耗时 : 10
2018-03-21 23:35:53 -返回值 : login
2018-03-21 23:36:08 -==>  Preparing: select `user_id`,`username`,`name`,`password`,`dept_id`,`email`,`mobile`,`status`,`user_id_create`,`gmt_create`,`gmt_modified`,`sex`,`birth`,`pic_id`,`live_address`,`hobby`,`province`,`city`,`district` from sys_user WHERE username = ? order by user_id desc 
2018-03-21 23:36:08 -==> Parameters: admin(String)
2018-03-21 23:36:08 -<==      Total: 1
2018-03-21 23:36:08 -请求地址 : http://localhost/login
2018-03-21 23:36:08 -HTTP METHOD : POST
2018-03-21 23:36:08 -CLASS_METHOD : com.bootdo.system.controller.LoginController.ajaxLogin
2018-03-21 23:36:08 -参数 : [admin, 111111]
2018-03-21 23:36:08 -==>  Preparing: select `user_id`,`username`,`name`,`password`,`dept_id`,`email`,`mobile`,`status`,`user_id_create`,`gmt_create`,`gmt_modified`,`sex`,`birth`,`pic_id`,`live_address`,`hobby`,`province`,`city`,`district` from sys_user WHERE username = ? order by user_id desc 
2018-03-21 23:36:08 -==> Parameters: admin(String)
2018-03-21 23:36:08 -<==      Total: 1
2018-03-21 23:36:08 -耗时 : 18
2018-03-21 23:36:08 -返回值 : {msg=操作成功, code=0}
2018-03-21 23:36:08 -==>  Preparing: insert into sys_log ( `user_id`, `username`, `operation`, `time`, `method`, `params`, `ip`, `gmt_create` ) values ( ?, ?, ?, ?, ?, ?, ?, ? ) 
2018-03-21 23:36:08 -==> Parameters: 1(Long), admin(String), 登录(String), 18(Integer), com.bootdo.system.controller.LoginController.ajaxLogin()(String), null, 127.0.0.1(String), 2018-03-21 23:36:08.326(Timestamp)
2018-03-21 23:36:08 -请求地址 : http://localhost/index
2018-03-21 23:36:08 -HTTP METHOD : GET
2018-03-21 23:36:08 -CLASS_METHOD : com.bootdo.system.controller.LoginController.index
2018-03-21 23:36:08 -参数 : [{}]
2018-03-21 23:36:08 -==>  Preparing: select distinct m.menu_id , parent_id, name, url, perms,`type`,icon,order_num,gmt_create, gmt_modified from sys_menu m left join sys_role_menu rm on m.menu_id = rm.menu_id left join sys_user_role ur on rm.role_id =ur.role_id where ur.user_id = ? and m.type in(0,1) order by m.order_num 
2018-03-21 23:36:08 -<==    Updates: 1
2018-03-21 23:36:08 -==> Parameters: 1(Long)
2018-03-21 23:36:08 -<==      Total: 27
2018-03-21 23:36:08 -==>  Preparing: select `id`,`type`,`url`,`create_date` from sys_file where id = ? 
2018-03-21 23:36:08 -==> Parameters: 138(Long)
2018-03-21 23:36:08 -<==      Total: 1
2018-03-21 23:36:08 -耗时 : 98
2018-03-21 23:36:08 -返回值 : index_v1
2018-03-21 23:36:08 -==>  Preparing: insert into sys_log ( `user_id`, `username`, `operation`, `time`, `method`, `params`, `ip`, `gmt_create` ) values ( ?, ?, ?, ?, ?, ?, ?, ? ) 
2018-03-21 23:36:08 -==> Parameters: 1(Long), admin(String), 请求访问主页(String), 99(Integer), com.bootdo.system.controller.LoginController.index()(String), null, 127.0.0.1(String), 2018-03-21 23:36:08.533(Timestamp)
2018-03-21 23:36:08 -<==    Updates: 1
2018-03-21 23:36:08 -请求地址 : http://localhost/main
2018-03-21 23:36:08 -HTTP METHOD : GET
2018-03-21 23:36:08 -CLASS_METHOD : com.bootdo.system.controller.LoginController.main
2018-03-21 23:36:08 -参数 : []
2018-03-21 23:36:08 -耗时 : 2
2018-03-21 23:36:08 -返回值 : main
2018-03-21 23:36:09 -请求地址 : http://localhost/oa/notify/message
2018-03-21 23:36:09 -HTTP METHOD : GET
2018-03-21 23:36:09 -CLASS_METHOD : com.bootdo.oa.controller.NotifyController.message
2018-03-21 23:36:09 -参数 : []
2018-03-21 23:36:09 -==>  Preparing: select DISTINCT n.id ,`type`,`title`,`content`,`files`,r.is_read,`status`,`create_by`,`create_date`,`update_by`,`update_date`,`remarks`,`del_flag` from oa_notify_record r right JOIN oa_notify n on r.notify_id = n.id WHERE r.is_read = ? and r.user_id = ? order by is_read ASC, update_date DESC limit ?, ? 
2018-03-21 23:36:09 -==> Parameters: 0(String), 1(Long), 0(Integer), 3(Integer)
2018-03-21 23:36:09 -<==      Total: 0
2018-03-21 23:36:09 -==>  Preparing: select count(*) from oa_notify_record r right JOIN oa_notify n on r.notify_id = n.id where r.user_id =? and r.is_read = ? 
2018-03-21 23:36:09 -==> Parameters: 1(Long), 0(String)
2018-03-21 23:36:09 -<==      Total: 1
2018-03-21 23:36:09 -耗时 : 14
2018-03-21 23:36:09 -返回值 : com.bootdo.common.utils.PageUtils@57118de2
2018-03-21 23:36:09 -请求地址 : http://localhost/main
2018-03-21 23:36:09 -HTTP METHOD : GET
2018-03-21 23:36:09 -CLASS_METHOD : com.bootdo.system.controller.LoginController.main
2018-03-21 23:36:09 -参数 : []
2018-03-21 23:36:09 -耗时 : 1
2018-03-21 23:36:09 -返回值 : main
2018-03-21 23:41:30 -请求地址 : http://localhost/login
2018-03-21 23:41:30 -HTTP METHOD : POST
2018-03-21 23:41:30 -CLASS_METHOD : com.bootdo.system.controller.LoginController.ajaxLogin
2018-03-21 23:41:30 -参数 : [admin, 111111]
2018-03-21 23:41:30 -==>  Preparing: select `user_id`,`username`,`name`,`password`,`dept_id`,`email`,`mobile`,`status`,`user_id_create`,`gmt_create`,`gmt_modified`,`sex`,`birth`,`pic_id`,`live_address`,`hobby`,`province`,`city`,`district` from sys_user WHERE username = ? order by user_id desc 
2018-03-21 23:41:30 -==> Parameters: admin(String)
2018-03-21 23:41:30 -<==      Total: 1
2018-03-21 23:41:30 -耗时 : 8
2018-03-21 23:41:30 -返回值 : {msg=操作成功, code=0}
2018-03-21 23:41:30 -==>  Preparing: insert into sys_log ( `user_id`, `username`, `operation`, `time`, `method`, `params`, `ip`, `gmt_create` ) values ( ?, ?, ?, ?, ?, ?, ?, ? ) 
2018-03-21 23:41:30 -==> Parameters: 1(Long), admin(String), 登录(String), 8(Integer), com.bootdo.system.controller.LoginController.ajaxLogin()(String), null, 127.0.0.1(String), 2018-03-21 23:41:30.458(Timestamp)
2018-03-21 23:41:30 -请求地址 : http://localhost/index
2018-03-21 23:41:30 -HTTP METHOD : GET
2018-03-21 23:41:30 -CLASS_METHOD : com.bootdo.system.controller.LoginController.index
2018-03-21 23:41:30 -参数 : [{}]
2018-03-21 23:41:30 -==>  Preparing: select distinct m.menu_id , parent_id, name, url, perms,`type`,icon,order_num,gmt_create, gmt_modified from sys_menu m left join sys_role_menu rm on m.menu_id = rm.menu_id left join sys_user_role ur on rm.role_id =ur.role_id where ur.user_id = ? and m.type in(0,1) order by m.order_num 
2018-03-21 23:41:30 -==> Parameters: 1(Long)
2018-03-21 23:41:30 -<==      Total: 27
2018-03-21 23:41:30 -==>  Preparing: select `id`,`type`,`url`,`create_date` from sys_file where id = ? 
2018-03-21 23:41:30 -==> Parameters: 138(Long)
2018-03-21 23:41:30 -<==      Total: 1
2018-03-21 23:41:30 -耗时 : 21
2018-03-21 23:41:30 -返回值 : index_v1
2018-03-21 23:41:30 -==>  Preparing: insert into sys_log ( `user_id`, `username`, `operation`, `time`, `method`, `params`, `ip`, `gmt_create` ) values ( ?, ?, ?, ?, ?, ?, ?, ? ) 
2018-03-21 23:41:30 -==> Parameters: 1(Long), admin(String), 请求访问主页(String), 22(Integer), com.bootdo.system.controller.LoginController.index()(String), null, 127.0.0.1(String), 2018-03-21 23:41:30.506(Timestamp)
2018-03-21 23:41:30 -<==    Updates: 1
2018-03-21 23:41:30 -请求地址 : http://localhost/main
2018-03-21 23:41:30 -HTTP METHOD : GET
2018-03-21 23:41:30 -CLASS_METHOD : com.bootdo.system.controller.LoginController.main
2018-03-21 23:41:30 -参数 : []
2018-03-21 23:41:30 -耗时 : 2
2018-03-21 23:41:30 -返回值 : main
2018-03-21 23:41:30 -<==    Updates: 1
2018-03-21 23:41:31 -请求地址 : http://localhost/oa/notify/message
2018-03-21 23:41:31 -HTTP METHOD : GET
2018-03-21 23:41:31 -CLASS_METHOD : com.bootdo.oa.controller.NotifyController.message
2018-03-21 23:41:31 -参数 : []
2018-03-21 23:41:31 -==>  Preparing: select DISTINCT n.id ,`type`,`title`,`content`,`files`,r.is_read,`status`,`create_by`,`create_date`,`update_by`,`update_date`,`remarks`,`del_flag` from oa_notify_record r right JOIN oa_notify n on r.notify_id = n.id WHERE r.is_read = ? and r.user_id = ? order by is_read ASC, update_date DESC limit ?, ? 
2018-03-21 23:41:31 -==> Parameters: 0(String), 1(Long), 0(Integer), 3(Integer)
2018-03-21 23:41:31 -<==      Total: 0
2018-03-21 23:41:31 -==>  Preparing: select count(*) from oa_notify_record r right JOIN oa_notify n on r.notify_id = n.id where r.user_id =? and r.is_read = ? 
2018-03-21 23:41:31 -==> Parameters: 1(Long), 0(String)
2018-03-21 23:41:31 -<==      Total: 1
2018-03-21 23:41:31 -耗时 : 10
2018-03-21 23:41:31 -返回值 : com.bootdo.common.utils.PageUtils@46b1de81
2018-03-21 23:41:31 -请求地址 : http://localhost/main
2018-03-21 23:41:31 -HTTP METHOD : GET
2018-03-21 23:41:31 -CLASS_METHOD : com.bootdo.system.controller.LoginController.main
2018-03-21 23:41:31 -参数 : []
2018-03-21 23:41:31 -耗时 : 0
2018-03-21 23:41:31 -返回值 : main
2018-03-21 23:45:05 -请求地址 : http://localhost/login
2018-03-21 23:45:05 -HTTP METHOD : POST
2018-03-21 23:45:05 -CLASS_METHOD : com.bootdo.system.controller.LoginController.ajaxLogin
2018-03-21 23:45:05 -参数 : [admin, 111111]
2018-03-21 23:45:05 -==>  Preparing: select `user_id`,`username`,`name`,`password`,`dept_id`,`email`,`mobile`,`status`,`user_id_create`,`gmt_create`,`gmt_modified`,`sex`,`birth`,`pic_id`,`live_address`,`hobby`,`province`,`city`,`district` from sys_user WHERE username = ? order by user_id desc 
2018-03-21 23:45:05 -==> Parameters: admin(String)
2018-03-21 23:45:05 -<==      Total: 1
2018-03-21 23:45:05 -耗时 : 8
2018-03-21 23:45:05 -返回值 : {msg=操作成功, code=0}
2018-03-21 23:45:05 -==>  Preparing: insert into sys_log ( `user_id`, `username`, `operation`, `time`, `method`, `params`, `ip`, `gmt_create` ) values ( ?, ?, ?, ?, ?, ?, ?, ? ) 
2018-03-21 23:45:05 -==> Parameters: 1(Long), admin(String), 登录(String), 8(Integer), com.bootdo.system.controller.LoginController.ajaxLogin()(String), null, 127.0.0.1(String), 2018-03-21 23:45:05.054(Timestamp)
2018-03-21 23:45:05 -请求地址 : http://localhost/index
2018-03-21 23:45:05 -HTTP METHOD : GET
2018-03-21 23:45:05 -CLASS_METHOD : com.bootdo.system.controller.LoginController.index
2018-03-21 23:45:05 -参数 : [{}]
2018-03-21 23:45:05 -==>  Preparing: select distinct m.menu_id , parent_id, name, url, perms,`type`,icon,order_num,gmt_create, gmt_modified from sys_menu m left join sys_role_menu rm on m.menu_id = rm.menu_id left join sys_user_role ur on rm.role_id =ur.role_id where ur.user_id = ? and m.type in(0,1) order by m.order_num 
2018-03-21 23:45:05 -==> Parameters: 1(Long)
2018-03-21 23:45:05 -<==      Total: 27
2018-03-21 23:45:05 -==>  Preparing: select `id`,`type`,`url`,`create_date` from sys_file where id = ? 
2018-03-21 23:45:05 -==> Parameters: 138(Long)
2018-03-21 23:45:05 -<==      Total: 1
2018-03-21 23:45:05 -耗时 : 19
2018-03-21 23:45:05 -返回值 : index_v1
2018-03-21 23:45:05 -==>  Preparing: insert into sys_log ( `user_id`, `username`, `operation`, `time`, `method`, `params`, `ip`, `gmt_create` ) values ( ?, ?, ?, ?, ?, ?, ?, ? ) 
2018-03-21 23:45:05 -==> Parameters: 1(Long), admin(String), 请求访问主页(String), 19(Integer), com.bootdo.system.controller.LoginController.index()(String), null, 127.0.0.1(String), 2018-03-21 23:45:05.089(Timestamp)
2018-03-21 23:45:05 -<==    Updates: 1
2018-03-21 23:45:05 -请求地址 : http://localhost/main
2018-03-21 23:45:05 -HTTP METHOD : GET
2018-03-21 23:45:05 -CLASS_METHOD : com.bootdo.system.controller.LoginController.main
2018-03-21 23:45:05 -参数 : []
2018-03-21 23:45:05 -耗时 : 0
2018-03-21 23:45:05 -返回值 : main
2018-03-21 23:45:05 -<==    Updates: 1
2018-03-21 23:45:05 -请求地址 : http://localhost/oa/notify/message
2018-03-21 23:45:05 -HTTP METHOD : GET
2018-03-21 23:45:05 -CLASS_METHOD : com.bootdo.oa.controller.NotifyController.message
2018-03-21 23:45:05 -参数 : []
2018-03-21 23:45:05 -==>  Preparing: select DISTINCT n.id ,`type`,`title`,`content`,`files`,r.is_read,`status`,`create_by`,`create_date`,`update_by`,`update_date`,`remarks`,`del_flag` from oa_notify_record r right JOIN oa_notify n on r.notify_id = n.id WHERE r.is_read = ? and r.user_id = ? order by is_read ASC, update_date DESC limit ?, ? 
2018-03-21 23:45:05 -==> Parameters: 0(String), 1(Long), 0(Integer), 3(Integer)
2018-03-21 23:45:05 -<==      Total: 0
2018-03-21 23:45:05 -==>  Preparing: select count(*) from oa_notify_record r right JOIN oa_notify n on r.notify_id = n.id where r.user_id =? and r.is_read = ? 
2018-03-21 23:45:05 -==> Parameters: 1(Long), 0(String)
2018-03-21 23:45:05 -<==      Total: 1
2018-03-21 23:45:05 -耗时 : 8
2018-03-21 23:45:05 -返回值 : com.bootdo.common.utils.PageUtils@21a386df
2018-03-21 23:45:05 -请求地址 : http://localhost/main
2018-03-21 23:45:05 -HTTP METHOD : GET
2018-03-21 23:45:05 -CLASS_METHOD : com.bootdo.system.controller.LoginController.main
2018-03-21 23:45:05 -参数 : []
2018-03-21 23:45:05 -耗时 : 1
2018-03-21 23:45:05 -返回值 : main
2018-03-21 23:59:46 -请求地址 : http://localhost/
2018-03-21 23:59:46 -HTTP METHOD : GET
2018-03-21 23:59:46 -CLASS_METHOD : com.bootdo.system.controller.LoginController.welcome
2018-03-21 23:59:46 -参数 : [{}]
2018-03-21 23:59:46 -耗时 : 0
2018-03-21 23:59:46 -返回值 : redirect:/blog
2018-03-21 23:59:46 -请求地址 : http://localhost/blog
2018-03-21 23:59:46 -HTTP METHOD : GET
2018-03-21 23:59:46 -CLASS_METHOD : com.bootdo.blog.controller.BlogController.blog
2018-03-21 23:59:46 -参数 : []
2018-03-21 23:59:46 -耗时 : 1
2018-03-21 23:59:46 -返回值 : blog/index/main
2018-03-21 23:59:47 -请求地址 : http://localhost/blog/open/list
2018-03-21 23:59:47 -HTTP METHOD : GET
2018-03-21 23:59:47 -CLASS_METHOD : com.bootdo.blog.controller.BlogController.opentList
2018-03-21 23:59:47 -参数 : [{type=article, limit=10, offset=0}]
2018-03-21 23:59:47 -==>  Preparing: select `cid`,`title`,`slug`,`created`,`modified`,`content`,`type`,`tags`,`categories`,`hits`,`comments_num`,`allow_comment`,`allow_ping`,`allow_feed`,`status`,`author`,`gtm_create`,`gtm_modified` from blog_content WHERE type = ? order by cid desc limit 0, 10 
2018-03-21 23:59:47 -==> Parameters: article(String)
2018-03-21 23:59:47 -<==      Total: 10
2018-03-21 23:59:47 -==>  Preparing: select count(*) from blog_content WHERE type = ? 
2018-03-21 23:59:47 -==> Parameters: article(String)
2018-03-21 23:59:47 -<==      Total: 1
2018-03-21 23:59:47 -耗时 : 72
2018-03-21 23:59:47 -返回值 : com.bootdo.common.utils.PageUtils@aa8c547
2018-03-21 23:59:49 -请求地址 : http://localhost/login
2018-03-21 23:59:49 -HTTP METHOD : GET
2018-03-21 23:59:49 -CLASS_METHOD : com.bootdo.system.controller.LoginController.login
2018-03-21 23:59:49 -参数 : []
2018-03-21 23:59:49 -耗时 : 0
2018-03-21 23:59:49 -返回值 : login
2018-03-21 23:59:50 -==>  Preparing: select `user_id`,`username`,`name`,`password`,`dept_id`,`email`,`mobile`,`status`,`user_id_create`,`gmt_create`,`gmt_modified`,`sex`,`birth`,`pic_id`,`live_address`,`hobby`,`province`,`city`,`district` from sys_user WHERE username = ? order by user_id desc 
2018-03-21 23:59:50 -==> Parameters: admin(String)
2018-03-21 23:59:50 -<==      Total: 1
2018-03-21 23:59:50 -请求地址 : http://localhost/login
2018-03-21 23:59:50 -HTTP METHOD : POST
2018-03-21 23:59:50 -CLASS_METHOD : com.bootdo.system.controller.LoginController.ajaxLogin
2018-03-21 23:59:50 -参数 : [admin, 111111]
2018-03-21 23:59:50 -==>  Preparing: select `user_id`,`username`,`name`,`password`,`dept_id`,`email`,`mobile`,`status`,`user_id_create`,`gmt_create`,`gmt_modified`,`sex`,`birth`,`pic_id`,`live_address`,`hobby`,`province`,`city`,`district` from sys_user WHERE username = ? order by user_id desc 
2018-03-21 23:59:50 -==> Parameters: admin(String)
2018-03-21 23:59:50 -<==      Total: 1
2018-03-21 23:59:50 -耗时 : 6
2018-03-21 23:59:50 -返回值 : {msg=操作成功, code=0}
2018-03-21 23:59:50 -==>  Preparing: insert into sys_log ( `user_id`, `username`, `operation`, `time`, `method`, `params`, `ip`, `gmt_create` ) values ( ?, ?, ?, ?, ?, ?, ?, ? ) 
2018-03-21 23:59:50 -==> Parameters: 1(Long), admin(String), 登录(String), 6(Integer), com.bootdo.system.controller.LoginController.ajaxLogin()(String), null, 127.0.0.1(String), 2018-03-21 23:59:50.854(Timestamp)
2018-03-21 23:59:50 -请求地址 : http://localhost/index
2018-03-21 23:59:50 -HTTP METHOD : GET
2018-03-21 23:59:50 -CLASS_METHOD : com.bootdo.system.controller.LoginController.index
2018-03-21 23:59:50 -参数 : [{}]
2018-03-21 23:59:50 -==>  Preparing: select distinct m.menu_id , parent_id, name, url, perms,`type`,icon,order_num,gmt_create, gmt_modified from sys_menu m left join sys_role_menu rm on m.menu_id = rm.menu_id left join sys_user_role ur on rm.role_id =ur.role_id where ur.user_id = ? and m.type in(0,1) order by m.order_num 
2018-03-21 23:59:50 -==> Parameters: 1(Long)
2018-03-21 23:59:50 -<==      Total: 27
2018-03-21 23:59:50 -==>  Preparing: select `id`,`type`,`url`,`create_date` from sys_file where id = ? 
2018-03-21 23:59:50 -==> Parameters: 138(Long)
2018-03-21 23:59:50 -<==      Total: 1
2018-03-21 23:59:50 -耗时 : 13
2018-03-21 23:59:50 -返回值 : index_v1
2018-03-21 23:59:50 -==>  Preparing: insert into sys_log ( `user_id`, `username`, `operation`, `time`, `method`, `params`, `ip`, `gmt_create` ) values ( ?, ?, ?, ?, ?, ?, ?, ? ) 
2018-03-21 23:59:50 -==> Parameters: 1(Long), admin(String), 请求访问主页(String), 14(Integer), com.bootdo.system.controller.LoginController.index()(String), null, 127.0.0.1(String), 2018-03-21 23:59:50.892(Timestamp)
2018-03-21 23:59:50 -<==    Updates: 1
2018-03-21 23:59:50 -请求地址 : http://localhost/main
2018-03-21 23:59:50 -HTTP METHOD : GET
2018-03-21 23:59:50 -CLASS_METHOD : com.bootdo.system.controller.LoginController.main
2018-03-21 23:59:50 -参数 : []
2018-03-21 23:59:50 -耗时 : 1
2018-03-21 23:59:50 -返回值 : main
2018-03-21 23:59:50 -<==    Updates: 1
2018-03-21 23:59:51 -请求地址 : http://localhost/oa/notify/message
2018-03-21 23:59:51 -HTTP METHOD : GET
2018-03-21 23:59:51 -CLASS_METHOD : com.bootdo.oa.controller.NotifyController.message
2018-03-21 23:59:51 -参数 : []
2018-03-21 23:59:51 -==>  Preparing: select DISTINCT n.id ,`type`,`title`,`content`,`files`,r.is_read,`status`,`create_by`,`create_date`,`update_by`,`update_date`,`remarks`,`del_flag` from oa_notify_record r right JOIN oa_notify n on r.notify_id = n.id WHERE r.is_read = ? and r.user_id = ? order by is_read ASC, update_date DESC limit ?, ? 
2018-03-21 23:59:51 -==> Parameters: 0(String), 1(Long), 0(Integer), 3(Integer)
2018-03-21 23:59:51 -<==      Total: 0
2018-03-21 23:59:51 -==>  Preparing: select count(*) from oa_notify_record r right JOIN oa_notify n on r.notify_id = n.id where r.user_id =? and r.is_read = ? 
2018-03-21 23:59:51 -==> Parameters: 1(Long), 0(String)
2018-03-21 23:59:51 -<==      Total: 1
2018-03-21 23:59:51 -耗时 : 7
2018-03-21 23:59:51 -返回值 : com.bootdo.common.utils.PageUtils@64fd391a
2018-03-21 23:59:51 -请求地址 : http://localhost/main
2018-03-21 23:59:51 -HTTP METHOD : GET
2018-03-21 23:59:51 -CLASS_METHOD : com.bootdo.system.controller.LoginController.main
2018-03-21 23:59:51 -参数 : []
2018-03-21 23:59:51 -耗时 : 1
2018-03-21 23:59:51 -返回值 : main
